#GA 3.0.0_LDE - GRAPH 'max_qualities' OPENED#
#New Algorithm#
0, 1880
1, 1336
2, 1167
3, 1144
4, 796
5, 538
6, 635
7, 519
8, 416
9, 779
10, 266
11, 273
12, 338
13, 555
14, 557
15, 549
16, 508
17, 676
18, 497
19, 999
20, 764
21, 582
22, 519
23, 544
24, 517
25, 521
26, 508
27, 512
28, 511
29, 527
30, 518
31, 528
32, 256
33, 517
34, 516
35, 517
36, 519
37, 512
38, 512
39, 654
40, 512
41, 518
42, 512
43, 512
44, 576
45, 518
46, 517
47, 512
48, 512
49, 576
50, 518
51, 1030
52, 528
53, 544
54, 512
55, 512
56, 512
57, 257
58, 522
59, 640
60, 1030
61, 518
62, 160
63, 544
64, 256
65, 576
66, 600
67, 516
68, 512
69, 580
70, 530
71, 512
72, 257
73, 550
74, 576
75, 518
76, 1030
77, 512
78, 512
79, 512
80, 518
81, 544
82, 640
83, 550
84, 526
85, 652
86, 256
87, 512
88, 1088
89, 544
90, 646
91, 534
92, 512
93, 256
94, 518
95, 532
96, 518
97, 522
98, 518
99, 518
100, 511
101, 512
102, 512
103, 512
104, 648
105, 512
106, 512
107, 544
108, 574
109, 512
110, 518
111, 518
112, 513
113, 512
114, 518
115, 516
116, 515
117, 512
118, 518
119, 582
120, 555
121, 512
122, 520
123, 512
124, 646
125, 726
126, 518
127, 512
128, 512
129, 517
130, 512
131, 520
132, 518
133, 518
134, 768
135, 542
136, 512
137, 514
138, 520
139, 512
140, 519
141, 520
142, 516
143, 768
144, 528
145, 511
146, 1152
147, 518
148, 512
149, 518
150, 512
151, 518
152, 545
153, 518
154, 528
155, 520
156, 528
157, 769
158, 550
159, 256
160, 720
161, 592
162, 514
163, 513
164, 528
165, 575
166, 582
167, 576
168, 128
169, 518
170, 710
171, 576
172, 256
173, 256
174, 512
175, 512
176, 536
177, 526
178, 529
179, 518
180, 512
181, 256
182, 518
183, 576
184, 518
185, 512
186, 518
187, 608
188, 518
189, 544
190, 512
191, 1030
192, 518
193, 518
194, 512
195, 512
196, 518
197, 512
198, 514
199, 518
200, 582
#New Algorithm#
0, 1880
1, 1520
2, 1286
3, 1079
4, 1212
5, 1140
6, 1036
7, 992
8, 580
9, 640
10, 631
11, 768
12, 522
13, 810
14, 706
15, 529
16, 739
17, 707
18, 731
19, 742
20, 828
21, 766
22, 708
23, 518
24, 706
25, 645
26, 701
27, 700
28, 1219
29, 518
30, 581
31, 581
32, 517
33, 707
34, 1212
35, 517
36, 379
37, 520
38, 702
39, 708
40, 380
41, 708
42, 516
43, 706
44, 714
45, 796
46, 700
47, 706
48, 706
49, 252
50, 706
51, 260
52, 732
53, 516
54, 1212
55, 706
56, 516
57, 516
58, 795
59, 700
60, 1212
61, 132
62, 524
63, 706
64, 706
65, 516
66, 507
67, 700
68, 700
69, 516
70, 1218
71, 700
72, 260
73, 507
74, 260
75, 706
76, 571
77, 516
78, 532
79, 699
80, 700
81, 700
82, 706
83, 708
84, 706
85, 706
86, 706
87, 504
88, 700
89, 706
90, 700
91, 700
92, 706
93, 706
94, 706
95, 712
96, 572
97, 516
98, 700
99, 716
100, 517
101, 702
102, 1218
103, 204
104, 834
105, 1208
106, 841
107, 1218
108, 706
109, 706
110, 700
111, 444
112, 706
113, 1222
114, 836
115, 706
116, 701
117, 700
118, 716
119, 716
120, 508
121, 508
122, 700
123, 700
124, 148
125, 706
126, 708
127, 706
128, 1218
129, 758
130, 706
131, 702
132, 706
133, 706
134, 644
135, 764
136, 508
137, 56
138, 706
139, 508
140, 700
141, 516
142, 706
143, 722
144, 1212
145, 700
146, 772
147, 828
148, 706
149, 700
150, 706
151, 706
152, 706
153, 773
154, 705
155, 706
156, 516
157, 508
158, 516
159, 706
160, 700
161, 684
162, 580
163, 760
164, 516
165, 868
166, 706
167, 508
168, 706
169, 508
170, 772
171, 508
172, 706
173, 700
174, 636
175, 706
176, 700
177, 706
178, 833
179, 706
180, 834
181, 706
182, 700
183, 827
184, 700
185, 700
186, 700
187, 278
188, 732
189, 260
190, 700
191, 508
192, 636
193, 690
194, 700
195, 764
196, 516
197, 700
198, 706
199, 706
200, 706
#New Algorithm#
0, 1880
1, 1479
2, 1880
3, 1714
4, 1285
5, 1491
6, 1275
7, 1265
8, 672
9, 773
10, 378
11, 690
12, 364
13, 526
14, 260
15, 249
16, 579
17, 544
18, 568
19, 657
20, 370
21, 491
22, 1597
23, 688
24, 609
25, 608
26, 611
27, 528
28, 513
29, 243
30, 529
31, 266
32, 621
33, 611
34, 615
35, 610
36, 612
37, 616
38, 587
39, 612
40, 527
41, 610
42, 618
43, 512
44, 516
45, 614
46, 620
47, 512
48, 712
49, 616
50, 528
51, 320
52, 611
53, 640
54, 616
55, 610
56, 624
57, 778
58, 512
59, 610
60, 616
61, 264
62, 616
63, 584
64, 618
65, 744
66, 610
67, 516
68, 578
69, 578
70, 610
71, 615
72, 680
73, 616
74, 512
75, 616
76, 594
77, 272
78, 600
79, 512
80, 510
81, 680
82, 616
83, 638
84, 616
85, 616
86, 512
87, 612
88, 132
89, 616
90, 512
91, 616
92, 616
93, 616
94, 516
95, 1122
96, 616
97, 1122
98, 612
99, 615
100, 600
101, 616
102, 621
103, 618
104, 640
105, 618
106, 622
107, 680
108, 744
109, 512
110, 644
111, 618
112, 1128
113, 512
114, 744
115, 616
116, 674
117, 680
118, 127
119, 512
120, 274
121, 512
122, 680
123, 614
124, 616
125, 610
126, 512
127, 512
128, 512
129, 682
130, 616
131, 600
132, 744
133, 616
134, 256
135, 512
136, 512
137, 256
138, 768
139, 1128
140, 620
141, 626
142, 616
143, 1602
144, 508
145, 616
146, 616
147, 620
148, 610
149, 768
150, 674
151, 620
152, 616
153, 610
154, 610
155, 610
156, 744
157, 617
158, 616
159, 512
160, 512
161, 616
162, 616
163, 616
164, 617
165, 680
166, 744
167, 512
168, 615
169, 738
170, 509
171, 618
172, 512
173, 610
174, 610
175, 610
176, 520
177, 611
178, 610
179, 512
180, 612
181, 620
182, 618
183, 594
184, 744
185, 674
186, 614
187, 617
188, 616
189, 616
190, 610
191, 610
192, 610
193, 496
194, 512
195, 544
196, 768
197, 512
198, 616
199, 610
200, 611
#New Algorithm#
0, 1880
1, 1499
2, 1575
3, 724
4, 1407
5, 909
6, 1308
7, 1207
8, 779
9, 625
10, 679
11, 1059
12, 732
13, 637
14, 637
15, 666
16, 479
17, 763
18, 588
19, 672
20, 529
21, 777
22, 515
23, 513
24, 542
25, 529
26, 565
27, 505
28, 528
29, 529
30, 547
31, 387
32, 529
33, 535
34, 61
35, 515
36, 260
37, 543
38, 540
39, 558
40, 542
41, 544
42, 571
43, 265
44, 517
45, 511
46, 524
47, 543
48, 545
49, 513
50, 524
51, 515
52, 522
53, 650
54, 512
55, 526
56, 519
57, 526
58, 584
59, 520
60, 584
61, 520
62, 654
63, 552
64, 1038
65, 508
66, 640
67, 520
68, 522
69, 528
70, 128
71, 526
72, 590
73, 575
74, 496
75, 526
76, 526
77, 590
78, 526
79, 683
80, 256
81, 512
82, 522
83, 592
84, 526
85, 584
86, 526
87, 552
88, 530
89, 526
90, 526
91, 526
92, 558
93, 512
94, 512
95, 526
96, 512
97, 520
98, 526
99, 510
100, 515
101, 256
102, 526
103, 521
104, 526
105, 512
106, 526
107, 544
108, 512
109, 543
110, 526
111, 523
112, 558
113, 522
114, 784
115, 662
116, 523
117, 509
118, 526
119, 528
120, 516
121, 534
122, 514
123, 584
124, 520
125, 588
126, 520
127, 546
128, 526
129, 596
130, 520
131, 604
132, 526
133, 584
134, 1031
135, 1032
136, 584
137, 526
138, 552
139, 520
140, 1032
141, 526
142, 256
143, 512
144, 526
145, 512
146, 272
147, 520
148, 526
149, 654
150, 644
151, 520
152, 513
153, 512
154, 526
155, 584
156, 584
157, 256
158, 526
159, 510
160, 512
161, 526
162, 526
163, 518
164, 128
165, 512
166, 526
167, 526
168, 512
169, 526
170, 514
171, 526
172, 526
173, 520
174, 558
175, 521
176, 584
177, 512
178, 526
179, 648
180, 520
181, 520
182, 256
183, 520
184, 764
185, 520
186, 739
187, 648
188, 526
189, 526
190, 526
191, 526
192, 590
193, 249
194, 526
195, 128
196, 514
197, 512
198, 512
199, 1032
200, 606
#New Algorithm#
0, 1880
1, 1395
2, 1193
3, 853
4, 894
5, 776
6, 880
7, 685
8, 744
9, 671
10, 532
11, 704
12, 547
13, 511
14, 515
15, 517
16, 271
17, 983
18, 514
19, 969
20, 1017
21, 1021
22, 255
23, 580
24, 513
25, 512
26, 571
27, 515
28, 513
29, 516
30, 705
31, 897
32, 1020
33, 239
34, 513
35, 513
36, 512
37, 529
38, 897
39, 769
40, 511
41, 648
42, 648
43, 512
44, 514
45, 514
46, 512
47, 586
48, 514
49, 512
50, 528
51, 512
52, 515
53, 256
54, 514
55, 508
56, 642
57, 512
58, 512
59, 520
60, 520
61, 512
62, 512
63, 636
64, 514
65, 642
66, 384
67, 514
68, 522
69, 544
70, 514
71, 516
72, 768
73, 572
74, 512
75, 513
76, 544
77, 540
78, 508
79, 512
80, 1052
81, 520
82, 764
83, 639
84, 514
85, 144
86, 514
87, 256
88, 512
89, 512
90, 513
91, 512
92, 763
93, 514
94, 508
95, 637
96, 1011
97, 514
98, 512
99, 514
100, 572
101, 514
102, 514
103, 510
104, 530
105, 508
106, 516
107, 512
108, 642
109, 514
110, 508
111, 522
112, 256
113, 514
114, 520
115, 514
116, 508
117, 512
118, 513
119, 514
120, 514
121, 576
122, 524
123, 256
124, 256
125, 514
126, 522
127, 494
128, 514
129, 604
130, 512
131, 512
132, 512
133, 508
134, 512
135, 540
136, 516
137, 512
138, 512
139, 516
140, 506
141, 508
142, 514
143, 578
144, 514
145, 512
146, 576
147, 637
148, 514
149, 450
150, 580
151, 514
152, 572
153, 514
154, 634
155, 508
156, 528
157, 514
158, 512
159, 514
160, 637
161, 514
162, 508
163, 516
164, 512
165, 514
166, 514
167, 512
168, 512
169, 504
170, 578
171, 528
172, 508
173, 512
174, 520
175, 256
176, 514
177, 1026
178, 514
179, 516
180, 513
181, 512
182, 514
183, 514
184, 514
185, 514
186, 510
187, 540
188, 514
189, 256
190, 514
191, 554
192, 518
193, 519
194, 527
195, 528
196, 512
197, 516
198, 514
199, 527
200, 640
#New Algorithm#
0, 1880
1, 1365
2, 1398
3, 972
4, 1387
5, 803
6, 717
7, 750
8, 814
9, 557
10, 450
11, 540
12, 439
13, 565
14, 491
15, 568
16, 448
17, 1047
18, 541
19, 513
20, 546
21, 579
22, 529
23, 543
24, 550
25, 491
26, 628
27, 514
28, 582
29, 643
30, 509
31, 511
32, 499
33, 505
34, 257
35, 251
36, 511
37, 512
38, 544
39, 755
40, 499
41, 506
42, 383
43, 500
44, 512
45, 512
46, 512
47, 512
48, 513
49, 520
50, 512
51, 512
52, 512
53, 511
54, 1011
55, 512
56, 495
57, 384
58, 468
59, 512
60, 512
61, 640
62, 512
63, 272
64, 516
65, 512
66, 500
67, 512
68, 500
69, 760
70, 513
71, 512
72, 512
73, 494
74, 512
75, 512
76, 1006
77, 494
78, 512
79, 516
80, 128
81, 512
82, 520
83, 499
84, 512
85, 516
86, 512
87, 750
88, 512
89, 512
90, 650
91, 512
92, 512
93, 512
94, 723
95, 512
96, 512
97, 500
98, 512
99, 515
100, 515
101, 462
102, 512
103, 512
104, 530
105, 500
106, 1269
107, 512
108, 990
109, 769
110, 512
111, 500
112, 500
113, 500
114, 500
115, 512
116, 512
117, 512
118, 516
119, 500
120, 495
121, 510
122, 529
123, 1006
124, 512
125, 512
126, 512
127, 512
128, 500
129, 641
130, 512
131, 493
132, 513
133, 512
134, 500
135, 510
136, 512
137, 512
138, 504
139, 512
140, 512
141, 512
142, 512
143, 492
144, 512
145, 512
146, 496
147, 512
148, 764
149, 519
150, 498
151, 494
152, 502
153, 513
154, 512
155, 576
156, 500
157, 1012
158, 512
159, 480
160, 510
161, 512
162, 504
163, 504
164, 512
165, 750
166, 708
167, 576
168, 256
169, 129
170, 750
171, 510
172, 514
173, 501
174, 512
175, 500
176, 512
177, 514
178, 512
179, 512
180, 512
181, 572
182, 500
183, 704
184, 490
185, 512
186, 500
187, 468
188, 512
189, 512
190, 494
191, 494
192, 512
193, 256
194, 512
195, 256
196, 462
197, 1012
198, 532
199, 500
200, 756
#New Algorithm#
0, 1880
1, 1382
2, 1467
3, 1260
4, 1385
5, 761
6, 973
7, 823
8, 1067
9, 630
10, 732
11, 763
12, 103
13, 513
14, 752
15, 503
16, 746
17, 505
18, 520
19, 739
20, 748
21, 757
22, 512
23, 766
24, 276
25, 749
26, 748
27, 748
28, 748
29, 512
30, 744
31, 742
32, 748
33, 716
34, 756
35, 748
36, 512
37, 684
38, 748
39, 748
40, 756
41, 512
42, 748
43, 742
44, 748
45, 748
46, 1260
47, 749
48, 256
49, 748
50, 512
51, 576
52, 748
53, 543
54, 725
55, 748
56, 128
57, 742
58, 756
59, 748
60, 742
61, 748
62, 748
63, 748
64, 512
65, 749
66, 1254
67, 748
68, 742
69, 748
70, 752
71, 752
72, 748
73, 742
74, 641
75, 768
76, 742
77, 752
78, 748
79, 742
80, 748
81, 748
82, 512
83, 512
84, 576
85, 512
86, 256
87, 511
88, 286
89, 512
90, 742
91, 256
92, 748
93, 256
94, 755
95, 748
96, 512
97, 684
98, 742
99, 748
100, 512
101, 576
102, 512
103, 256
104, 512
105, 747
106, 862
107, 128
108, 750
109, 716
110, 304
111, 712
112, 748
113, 256
114, 680
115, 1260
116, 748
117, 742
118, 748
119, 742
120, 1254
121, 756
122, 748
123, 748
124, 512
125, 520
126, 876
127, 512
128, 528
129, 870
130, 748
131, 742
132, 742
133, 256
134, 752
135, 748
136, 748
137, 544
138, 748
139, 256
140, 272
141, 742
142, 512
143, 530
144, 748
145, 748
146, 512
147, 742
148, 748
149, 748
150, 746
151, 748
152, 748
153, 742
154, 512
155, 510
156, 743
157, 512
158, 748
159, 748
160, 513
161, 1254
162, 748
163, 748
164, 748
165, 874
166, 748
167, 740
168, 640
169, 512
170, 748
171, 512
172, 878
173, 746
174, 640
175, 1258
176, 748
177, 748
178, 748
179, 742
180, 724
181, 512
182, 742
183, 747
184, 768
185, 256
186, 741
187, 726
188, 748
189, 748
190, 1254
191, 742
192, 513
193, 544
194, 870
195, 748
196, 750
197, 732
198, 748
199, 768
200, 748
#New Algorithm#
0, 1880
1, 1519
2, 1512
3, 1194
4, 1127
5, 1027
6, 865
7, 942
8, 774
9, 790
10, 789
11, 799
12, 252
13, 562
14, 758
15, 1252
16, 809
17, 772
18, 413
19, 740
20, 529
21, 515
22, 645
23, 727
24, 724
25, 271
26, 745
27, 742
28, 716
29, 717
30, 714
31, 705
32, 716
33, 257
34, 1228
35, 710
36, 716
37, 511
38, 716
39, 716
40, 716
41, 715
42, 710
43, 710
44, 512
45, 710
46, 521
47, 420
48, 710
49, 716
50, 844
51, 512
52, 260
53, 716
54, 512
55, 732
56, 710
57, 716
58, 716
59, 716
60, 710
61, 512
62, 716
63, 732
64, 513
65, 716
66, 768
67, 716
68, 716
69, 710
70, 1228
71, 711
72, 512
73, 716
74, 717
75, 726
76, 768
77, 512
78, 716
79, 710
80, 716
81, 514
82, 640
83, 512
84, 716
85, 716
86, 716
87, 710
88, 256
89, 717
90, 716
91, 710
92, 708
93, 716
94, 116
95, 512
96, 716
97, 716
98, 717
99, 717
100, 544
101, 716
102, 544
103, 684
104, 650
105, 646
106, 725
107, 710
108, 256
109, 717
110, 716
111, 732
112, 512
113, 732
114, 256
115, 838
116, 512
117, 32
118, 513
119, 720
120, 454
121, 512
122, 512
123, 716
124, 716
125, 716
126, 726
127, 710
128, 710
129, 720
130, 256
131, 256
132, 513
133, 710
134, 1356
135, 64
136, 710
137, 512
138, 710
139, 132
140, 716
141, 844
142, 576
143, 716
144, 732
145, 574
146, 711
147, 32
148, 771
149, 710
150, 726
151, 716
152, 1228
153, 838
154, 256
155, 716
156, 512
157, 514
158, 732
159, 1222
160, 726
161, 716
162, 844
163, 716
164, 717
165, 684
166, 716
167, 496
168, 128
169, 512
170, 716
171, 716
172, 716
173, 716
174, 716
175, 732
176, 718
177, 806
178, 256
179, 545
180, 716
181, 712
182, 513
183, 716
184, 812
185, 716
186, 512
187, 1228
188, 732
189, 850
190, 766
191, 256
192, 646
193, 713
194, 716
195, 768
196, 710
197, 716
198, 716
199, 1228
200, 709
#New Algorithm#
0, 1880
1, 1643
2, 1937
3, 1831
4, 1161
5, 642
6, 622
7, 1321
8, 984
9, 793
10, 1639
11, 658
12, 644
13, 1215
14, 431
15, 725
16, 536
17, 698
18, 479
19, 722
20, 744
21, 727
22, 738
23, 708
24, 729
25, 531
26, 704
27, 519
28, 703
29, 703
30, 693
31, 737
32, 737
33, 983
34, 985
35, 727
36, 1261
37, 728
38, 730
39, 727
40, 731
41, 721
42, 721
43, 131
44, 729
45, 727
46, 721
47, 753
48, 722
49, 722
50, 728
51, 189
52, 722
53, 512
54, 658
55, 512
56, 739
57, 730
58, 728
59, 511
60, 728
61, 722
62, 715
63, 850
64, 728
65, 722
66, 728
67, 722
68, 724
69, 256
70, 1240
71, 722
72, 723
73, 738
74, 640
75, 264
76, 728
77, 728
78, 728
79, 722
80, 722
81, 658
82, 728
83, 722
84, 1210
85, 728
86, 728
87, 728
88, 724
89, 722
90, 728
91, 722
92, 128
93, 726
94, 722
95, 664
96, 728
97, 658
98, 768
99, 722
100, 730
101, 722
102, 512
103, 512
104, 512
105, 722
106, 729
107, 696
108, 578
109, 384
110, 728
111, 722
112, 728
113, 728
114, 256
115, 728
116, 738
117, 856
118, 520
119, 512
120, 850
121, 516
122, 722
123, 447
124, 744
125, 512
126, 520
127, 728
128, 730
129, 1240
130, 256
131, 730
132, 744
133, 728
134, 512
135, 696
136, 722
137, 728
138, 722
139, 1234
140, 664
141, 489
142, 512
143, 520
144, 728
145, 1239
146, 856
147, 728
148, 728
149, 728
150, 722
151, 512
152, 728
153, 728
154, 728
155, 728
156, 728
157, 706
158, 256
159, 728
160, 888
161, 850
162, 728
163, 724
164, 640
165, 856
166, 728
167, 728
168, 728
169, 576
170, 728
171, 744
172, 728
173, 728
174, 722
175, 768
176, 722
177, 510
178, 722
179, 728
180, 64
181, 696
182, 746
183, 730
184, 528
185, 512
186, 1234
187, 512
188, 256
189, 512
190, 1240
191, 850
192, 726
193, 728
194, 260
195, 1234
196, 640
197, 720
198, 512
199, 728
200, 722
#New Algorithm#
0, 1880
1, 1414
2, 1681
3, 1411
4, 1211
5, 1413
6, 901
7, 1053
8, 643
9, 1079
10, 701
11, 624
12, 620
13, 506
14, 546
15, 553
16, 478
17, 514
18, 517
19, 580
20, 445
21, 517
22, 511
23, 446
24, 447
25, 510
26, 446
27, 256
28, 444
29, 512
30, 512
31, 508
32, 445
33, 445
34, 384
35, 824
36, 512
37, 439
38, 478
39, 512
40, 952
41, 511
42, 517
43, 640
44, 512
45, 516
46, 616
47, 512
48, 952
49, 560
50, 516
51, 442
52, 446
53, 512
54, 704
55, 1214
56, 446
57, 513
58, 440
59, 128
60, 512
61, 508
62, 446
63, 952
64, 256
65, 440
66, 512
67, 958
68, 512
69, 512
70, 440
71, 512
72, 446
73, 512
74, 446
75, 512
76, 702
77, 512
78, 512
79, 512
80, 512
81, 446
82, 532
83, 512
84, 512
85, 513
86, 640
87, 440
88, 512
89, 513
90, 512
91, 472
92, 584
93, 516
94, 480
95, 512
96, 446
97, 438
98, 506
99, 446
100, 576
101, 240
102, 512
103, 511
104, 512
105, 512
106, 512
107, 512
108, 256
109, 512
110, 512
111, 512
112, 446
113, 952
114, 958
115, 512
116, 768
117, 512
118, 512
119, 695
120, 768
121, 478
122, 513
123, 512
124, 512
125, 478
126, 768
127, 768
128, 512
129, 457
130, 512
131, 952
132, 258
133, 512
134, 512
135, 512
136, 516
137, 446
138, 768
139, 513
140, 512
141, 958
142, 518
143, 520
144, 572
145, 572
146, 516
147, 442
148, 510
149, 638
150, 952
151, 256
152, 772
153, 772
154, 446
155, 512
156, 512
157, 512
158, 512
159, 440
160, 516
161, 255
162, 446
163, 702
164, 440
165, 640
166, 512
167, 512
168, 256
169, 952
170, 526
171, 512
172, 952
173, 512
174, 512
175, 584
176, 512
177, 512
178, 446
179, 512
180, 512
181, 700
182, 440
183, 512
184, 440
185, 959
186, 512
187, 512
188, 990
189, 512
190, 512
191, 512
192, 512
193, 512
194, 768
195, 684
196, 512
197, 704
198, 512
199, 512
200, 512
#New Algorithm#
0, 1880
1, 1520
2, 1395
3, 1199
4, 477
5, 1010
6, 906
7, 1373
8, 763
9, 456
10, 1031
11, 1445
12, 631
13, 635
14, 1400
15, 1399
16, 1632
17, 1342
18, 1383
19, 1686
20, 1393
21, 1416
22, 1383
23, 1769
24, 247
25, 166
26, 1411
27, 1406
28, 574
29, 1407
30, 1383
31, 1407
32, 1406
33, 1401
34, 1403
35, 890
36, 509
37, 1404
38, 1409
39, 1410
40, 1435
41, 1410
42, 1410
43, 256
44, 495
45, 1405
46, 1421
47, 1419
48, 1410
49, 1408
50, 892
51, 1404
52, 1411
53, 1437
54, 1344
55, 1410
56, 1404
57, 1410
58, 1410
59, 256
60, 1442
61, 1410
62, 1406
63, 448
64, 1404
65, 263
66, 1406
67, 512
68, 512
69, 1436
70, 1410
71, 1405
72, 1468
73, 384
74, 1410
75, 1404
76, 1426
77, 1404
78, 516
79, 1402
80, 1410
81, 1404
82, 510
83, 1410
84, 513
85, 898
86, 1403
87, 1410
88, 1660
89, 520
90, 1410
91, 1410
92, 1410
93, 512
94, 1410
95, 1394
96, 1410
97, 1660
98, 1405
99, 1410
100, 1410
101, 512
102, 574
103, 1404
104, 1404
105, 1410
106, 1404
107, 1474
108, 1404
109, 512
110, 258
111, 1408
112, 1410
113, 1404
114, 1410
115, 1404
116, 1404
117, 1410
118, 256
119, 1410
120, 1406
121, 1410
122, 520
123, 1410
124, 511
125, 256
126, 265
127, 1410
128, 1410
129, 1408
130, 1410
131, 520
132, 1410
133, 1403
134, 656
135, 1404
136, 512
137, 1410
138, 1412
139, 1474
140, 1666
141, 1410
142, 1404
143, 1442
144, 1406
145, 1422
146, 1426
147, 1410
148, 64
149, 320
150, 1630
151, 1339
152, 1409
153, 1404
154, 1410
155, 1418
156, 1410
157, 1410
158, 1414
159, 1414
160, 1410
161, 1405
162, 1404
163, 1404
164, 1410
165, 1410
166, 1426
167, 1442
168, 1410
169, 1410
170, 512
171, 512
172, 1410
173, 1410
174, 1404
175, 1442
176, 1426
177, 1468
178, 1410
179, 512
180, 1410
181, 1411
182, 1426
183, 1410
184, 1374
185, 1404
186, 512
187, 1404
188, 1402
189, 1410
190, 1406
191, 1410
192, 1420
193, 1410
194, 1410
195, 1410
196, 1405
197, 1404
198, 513
199, 1420
200, 512
#New Algorithm#
0, 1880
1, 1536
2, 1527
3, 1427
4, 1547
5, 1411
6, 739
7, 1425
8, 1425
9, 1310
10, 1329
11, 1657
12, 635
13, 1428
14, 251
15, 1476
16, 1326
17, 1423
18, 1676
19, 503
20, 1423
21, 1423
22, 448
23, 250
24, 153
25, 517
26, 1408
27, 1415
28, 1414
29, 1412
30, 1429
31, 1413
32, 1408
33, 1408
34, 1408
35, 1281
36, 1408
37, 512
38, 1413
39, 1430
40, 64
41, 1408
42, 1414
43, 1430
44, 1414
45, 1414
46, 1474
47, 1414
48, 516
49, 1408
50, 1448
51, 1342
52, 1408
53, 1418
54, 1413
55, 1408
56, 258
57, 1416
58, 1663
59, 1462
60, 1672
61, 1415
62, 1446
63, 1408
64, 1414
65, 1414
66, 1446
67, 512
68, 768
69, 1418
70, 512
71, 928
72, 1408
73, 512
74, 1414
75, 1424
76, 1414
77, 1415
78, 1670
79, 1408
80, 1414
81, 1440
82, 1414
83, 1414
84, 1350
85, 1414
86, 1414
87, 1414
88, 1414
89, 1414
90, 1414
91, 576
92, 512
93, 1670
94, 1408
95, 1408
96, 1414
97, 1414
98, 1414
99, 1408
100, 1424
101, 542
102, 1414
103, 1472
104, 1664
105, 1422
106, 1414
107, 380
108, 1671
109, 1414
110, 1440
111, 1414
112, 516
113, 1408
114, 1414
115, 1408
116, 1544
117, 1350
118, 512
119, 1440
120, 1422
121, 1414
122, 256
123, 1414
124, 1414
125, 1414
126, 1440
127, 1414
128, 1414
129, 1414
130, 1414
131, 1430
132, 1664
133, 1408
134, 1414
135, 1414
136, 1414
137, 520
138, 1408
139, 1408
140, 256
141, 256
142, 1414
143, 1424
144, 1416
145, 288
146, 512
147, 1408
148, 1414
149, 1430
150, 512
151, 512
152, 1414
153, 1408
154, 1408
155, 1414
156, 1414
157, 512
158, 1446
159, 512
160, 1414
161, 256
162, 1414
163, 1415
164, 576
165, 1414
166, 1406
167, 1414
168, 1408
169, 512
170, 1413
171, 1420
172, 1416
173, 1348
174, 512
175, 1414
176, 128
177, 512
178, 520
179, 512
180, 1414
181, 1280
182, 512
183, 1408
184, 1408
185, 1414
186, 1414
187, 1414
188, 1414
189, 512
190, 1414
191, 1414
192, 1414
193, 640
194, 1408
195, 1408
196, 1415
197, 512
198, 1413
199, 1662
200, 264
#New Algorithm#
0, 1880
1, 1487
2, 1453
3, 1406
4, 1105
5, 849
6, 999
7, 1257
8, 1174
9, 1238
10, 644
11, 696
12, 888
13, 708
14, 888
15, 378
16, 780
17, 798
18, 597
19, 478
20, 508
21, 504
22, 512
23, 354
24, 519
25, 508
26, 586
27, 268
28, 636
29, 510
30, 636
31, 380
32, 514
33, 512
34, 746
35, 504
36, 624
37, 256
38, 516
39, 512
40, 356
41, 514
42, 512
43, 874
44, 528
45, 618
46, 512
47, 516
48, 516
49, 513
50, 512
51, 576
52, 512
53, 512
54, 510
55, 512
56, 874
57, 512
58, 362
59, 426
60, 512
61, 512
62, 618
63, 136
64, 514
65, 508
66, 361
67, 640
68, 512
69, 384
70, 512
71, 256
72, 512
73, 512
74, 512
75, 248
76, 546
77, 64
78, 362
79, 356
80, 512
81, 366
82, 516
83, 384
84, 362
85, 513
86, 512
87, 544
88, 516
89, 256
90, 356
91, 384
92, 356
93, 356
94, 512
95, 356
96, 356
97, 512
98, 376
99, 384
100, 512
101, 512
102, 526
103, 453
104, 364
105, 578
106, 362
107, 512
108, 362
109, 256
110, 512
111, 640
112, 514
113, 768
114, 542
115, 512
116, 618
117, 1130
118, 676
119, 256
120, 480
121, 129
122, 370
123, 868
124, 768
125, 510
126, 512
127, 511
128, 512
129, 362
130, 512
131, 618
132, 512
133, 612
134, 868
135, 512
136, 512
137, 512
138, 512
139, 400
140, 362
141, 512
142, 384
143, 512
144, 362
145, 870
146, 510
147, 510
148, 874
149, 512
150, 512
151, 612
152, 356
153, 526
154, 512
155, 512
156, 512
157, 362
158, 512
159, 512
160, 510
161, 516
162, 488
163, 512
164, 940
165, 528
166, 512
167, 512
168, 356
169, 362
170, 576
171, 512
172, 504
173, 512
174, 512
175, 874
176, 512
177, 512
178, 576
179, 356
180, 512
181, 362
182, 697
183, 868
184, 356
185, 576
186, 128
187, 512
188, 362
189, 356
190, 512
191, 528
192, 512
193, 362
194, 64
195, 512
196, 426
197, 768
198, 354
199, 868
200, 360
#New Algorithm#
0, 1880
1, 1520
2, 1518
3, 1373
4, 760
5, 645
6, 884
7, 1138
8, 1010
9, 628
10, 711
11, 954
12, 546
13, 331
14, 368
15, 568
16, 510
17, 567
18, 823
19, 804
20, 336
21, 448
22, 527
23, 256
24, 480
25, 512
26, 512
27, 256
28, 513
29, 512
30, 512
31, 326
32, 508
33, 448
34, 512
35, 512
36, 582
37, 768
38, 330
39, 330
40, 339
41, 512
42, 266
43, 512
44, 512
45, 512
46, 330
47, 330
48, 514
49, 512
50, 512
51, 330
52, 64
53, 588
54, 512
55, 512
56, 836
57, 576
58, 512
59, 328
60, 330
61, 514
62, 513
63, 384
64, 512
65, 842
66, 512
67, 324
68, 512
69, 512
70, 512
71, 330
72, 512
73, 520
74, 512
75, 512
76, 324
77, 256
78, 512
79, 512
80, 330
81, 330
82, 512
83, 544
84, 528
85, 512
86, 514
87, 576
88, 388
89, 512
90, 512
91, 128
92, 132
93, 512
94, 504
95, 160
96, 512
97, 512
98, 512
99, 332
100, 330
101, 576
102, 510
103, 528
104, 514
105, 342
106, 330
107, 512
108, 384
109, 544
110, 512
111, 256
112, 396
113, 512
114, 342
115, 512
116, 512
117, 330
118, 640
119, 512
120, 640
121, 512
122, 513
123, 586
124, 512
125, 120
126, 196
127, 330
128, 512
129, 48
130, 548
131, 766
132, 641
133, 512
134, 256
135, 256
136, 512
137, 576
138, 512
139, 331
140, 512
141, 512
142, 252
143, 330
144, 513
145, 574
146, 324
147, 512
148, 324
149, 511
150, 330
151, 324
152, 496
153, 132
154, 512
155, 128
156, 256
157, 330
158, 842
159, 512
160, 324
161, 512
162, 512
163, 544
164, 512
165, 512
166, 503
167, 512
168, 768
169, 544
170, 128
171, 512
172, 513
173, 512
174, 512
175, 512
176, 324
177, 512
178, 650
179, 512
180, 330
181, 330
182, 512
183, 256
184, 512
185, 512
186, 514
187, 656
188, 512
189, 256
190, 512
191, 512
192, 334
193, 330
194, 512
195, 336
196, 512
197, 512
198, 602
199, 513
200, 513
#New Algorithm#
0, 1880
1, 1523
2, 1531
3, 1395
4, 1395
5, 1248
6, 1076
7, 505
8, 528
9, 586
10, 517
11, 533
12, 513
13, 514
14, 638
15, 511
16, 514
17, 514
18, 512
19, 512
20, 514
21, 1162
22, 524
23, 256
24, 578
25, 1018
26, 509
27, 512
28, 512
29, 516
30, 514
31, 514
32, 640
33, 514
34, 144
35, 514
36, 514
37, 514
38, 1020
39, 543
40, 512
41, 512
42, 540
43, 520
44, 512
45, 512
46, 512
47, 512
48, 514
49, 520
50, 528
51, 514
52, 516
53, 514
54, 505
55, 514
56, 512
57, 768
58, 512
59, 256
60, 504
61, 512
62, 518
63, 565
64, 514
65, 513
66, 512
67, 512
68, 514
69, 514
70, 512
71, 514
72, 514
73, 508
74, 524
75, 518
76, 770
77, 616
78, 640
79, 532
80, 512
81, 828
82, 512
83, 512
84, 508
85, 547
86, 512
87, 514
88, 516
89, 514
90, 548
91, 516
92, 514
93, 575
94, 514
95, 514
96, 513
97, 516
98, 520
99, 514
100, 508
101, 512
102, 240
103, 514
104, 498
105, 512
106, 514
107, 532
108, 504
109, 514
110, 514
111, 514
112, 528
113, 528
114, 578
115, 514
116, 514
117, 514
118, 578
119, 578
120, 512
121, 642
122, 508
123, 511
124, 512
125, 1020
126, 512
127, 256
128, 514
129, 514
130, 514
131, 540
132, 514
133, 516
134, 520
135, 512
136, 770
137, 256
138, 506
139, 512
140, 770
141, 514
142, 511
143, 516
144, 514
145, 512
146, 512
147, 516
148, 512
149, 256
150, 492
151, 764
152, 514
153, 764
154, 512
155, 514
156, 512
157, 508
158, 512
159, 658
160, 518
161, 514
162, 640
163, 512
164, 576
165, 513
166, 512
167, 512
168, 514
169, 514
170, 512
171, 540
172, 763
173, 512
174, 512
175, 508
176, 514
177, 511
178, 520
179, 522
180, 514
181, 512
182, 512
183, 513
184, 512
185, 516
186, 512
187, 524
188, 512
189, 512
190, 508
191, 514
192, 255
193, 514
194, 514
195, 512
196, 224
197, 512
198, 636
199, 514
200, 1276
#New Algorithm#
0, 1880
1, 1655
2, 1185
3, 1265
4, 787
5, 724
6, 664
7, 484
8, 484
9, 772
10, 641
11, 594
12, 608
13, 620
14, 638
15, 671
16, 695
17, 636
18, 516
19, 640
20, 636
21, 639
22, 580
23, 635
24, 635
25, 513
26, 640
27, 631
28, 641
29, 766
30, 642
31, 634
32, 512
33, 643
34, 511
35, 642
36, 642
37, 642
38, 643
39, 512
40, 512
41, 631
42, 642
43, 794
44, 638
45, 636
46, 642
47, 642
48, 642
49, 642
50, 648
51, 636
52, 636
53, 642
54, 516
55, 642
56, 642
57, 642
58, 636
59, 642
60, 642
61, 642
62, 672
63, 700
64, 512
65, 770
66, 632
67, 636
68, 666
69, 512
70, 636
71, 512
72, 642
73, 636
74, 636
75, 256
76, 642
77, 684
78, 784
79, 636
80, 637
81, 636
82, 765
83, 642
84, 642
85, 512
86, 652
87, 552
88, 632
89, 640
90, 572
91, 640
92, 636
93, 636
94, 649
95, 642
96, 512
97, 642
98, 636
99, 512
100, 512
101, 765
102, 517
103, 641
104, 642
105, 512
106, 513
107, 643
108, 652
109, 636
110, 641
111, 512
112, 668
113, 288
114, 642
115, 658
116, 642
117, 1152
118, 642
119, 640
120, 651
121, 652
122, 520
123, 1148
124, 636
125, 480
126, 642
127, 628
128, 636
129, 642
130, 642
131, 518
132, 632
133, 643
134, 514
135, 256
136, 640
137, 256
138, 642
139, 642
140, 636
141, 636
142, 773
143, 640
144, 768
145, 641
146, 512
147, 512
148, 640
149, 770
150, 642
151, 64
152, 636
153, 650
154, 637
155, 1148
156, 642
157, 640
158, 512
159, 1154
160, 642
161, 512
162, 512
163, 512
164, 512
165, 642
166, 639
167, 512
168, 643
169, 636
170, 520
171, 642
172, 770
173, 1146
174, 634
175, 642
176, 642
177, 628
178, 642
179, 513
180, 576
181, 626
182, 642
183, 512
184, 258
185, 770
186, 642
187, 768
188, 646
189, 256
190, 512
191, 636
192, 636
193, 120
194, 642
195, 512
196, 642
197, 642
198, 640
199, 633
200, 642
#New Algorithm#
0, 1880
1, 1536
2, 1196
3, 1655
4, 1200
5, 896
6, 701
7, 1193
8, 694
9, 1231
10, 676
11, 863
12, 663
13, 538
14, 620
15, 438
16, 685
17, 540
18, 533
19, 560
20, 188
21, 248
22, 529
23, 526
24, 251
25, 510
26, 537
27, 261
28, 261
29, 680
30, 128
31, 181
32, 188
33, 766
34, 514
35, 310
36, 512
37, 512
38, 512
39, 522
40, 256
41, 512
42, 448
43, 256
44, 512
45, 257
46, 512
47, 256
48, 544
49, 256
50, 512
51, 256
52, 640
53, 241
54, 512
55, 693
56, 512
57, 768
58, 640
59, 512
60, 256
61, 256
62, 512
63, 512
64, 504
65, 512
66, 512
67, 768
68, 512
69, 256
70, 528
71, 224
72, 512
73, 512
74, 260
75, 512
76, 256
77, 514
78, 513
79, 320
80, 256
81, 640
82, 256
83, 256
84, 257
85, 512
86, 513
87, 496
88, 514
89, 512
90, 448
91, 188
92, 512
93, 182
94, 512
95, 512
96, 256
97, 513
98, 512
99, 512
100, 512
101, 510
102, 256
103, 504
104, 136
105, 512
106, 256
107, 516
108, 700
109, 512
110, 512
111, 512
112, 444
113, 220
114, 128
115, 512
116, 520
117, 256
118, 512
119, 512
120, 512
121, 512
122, 512
123, 376
124, 512
125, 512
126, 512
127, 512
128, 182
129, 512
130, 528
131, 512
132, 514
133, 205
134, 188
135, 512
136, 256
137, 512
138, 514
139, 256
140, 214
141, 260
142, 520
143, 512
144, 256
145, 528
146, 512
147, 256
148, 512
149, 463
150, 512
151, 516
152, 182
153, 512
154, 512
155, 512
156, 256
157, 188
158, 528
159, 512
160, 512
161, 512
162, 256
163, 512
164, 512
165, 640
166, 692
167, 512
168, 512
169, 514
170, 512
171, 508
172, 512
173, 188
174, 512
175, 512
176, 264
177, 512
178, 512
179, 512
180, 256
181, 544
182, 514
183, 510
184, 514
185, 512
186, 504
187, 512
188, 512
189, 448
190, 512
191, 512
192, 516
193, 255
194, 256
195, 512
196, 512
197, 512
198, 512
199, 700
200, 512
#New Algorithm#
0, 1880
1, 1464
2, 1695
3, 1011
4, 959
5, 1080
6, 746
7, 1251
8, 750
9, 1009
10, 744
11, 1262
12, 972
13, 616
14, 569
15, 341
16, 236
17, 501
18, 526
19, 552
20, 468
21, 168
22, 516
23, 486
24, 274
25, 453
26, 574
27, 544
28, 542
29, 508
30, 496
31, 257
32, 308
33, 512
34, 508
35, 544
36, 511
37, 511
38, 514
39, 516
40, 512
41, 136
42, 648
43, 256
44, 512
45, 512
46, 260
47, 516
48, 512
49, 528
50, 256
51, 514
52, 512
53, 366
54, 646
55, 648
56, 516
57, 512
58, 256
59, 264
60, 516
61, 272
62, 512
63, 392
64, 256
65, 512
66, 512
67, 512
68, 512
69, 254
70, 256
71, 512
72, 512
73, 512
74, 258
75, 256
76, 508
77, 512
78, 512
79, 256
80, 654
81, 512
82, 544
83, 512
84, 256
85, 512
86, 256
87, 513
88, 524
89, 512
90, 142
91, 517
92, 512
93, 515
94, 152
95, 528
96, 528
97, 512
98, 642
99, 528
100, 256
101, 256
102, 158
103, 648
104, 432
105, 260
106, 512
107, 650
108, 142
109, 256
110, 388
111, 512
112, 256
113, 256
114, 256
115, 512
116, 544
117, 512
118, 256
119, 168
120, 512
121, 512
122, 391
123, 398
124, 258
125, 591
126, 256
127, 513
128, 527
129, 654
130, 513
131, 128
132, 512
133, 448
134, 512
135, 512
136, 513
137, 256
138, 512
139, 258
140, 512
141, 512
142, 512
143, 768
144, 576
145, 512
146, 256
147, 516
148, 512
149, 512
150, 648
151, 512
152, 272
153, 508
154, 128
155, 256
156, 256
157, 256
158, 513
159, 142
160, 136
161, 256
162, 512
163, 768
164, 512
165, 512
166, 256
167, 512
168, 137
169, 256
170, 256
171, 256
172, 256
173, 406
174, 276
175, 137
176, 512
177, 512
178, 512
179, 512
180, 650
181, 512
182, 512
183, 670
184, 512
185, 512
186, 512
187, 512
188, 512
189, 548
190, 528
191, 184
192, 512
193, 384
194, 512
195, 256
196, 256
197, 272
198, 128
199, 384
200, 512
#New Algorithm#
0, 1880
1, 1522
2, 1307
3, 763
4, 755
5, 792
6, 755
7, 824
8, 724
9, 644
10, 513
11, 383
12, 313
13, 608
14, 809
15, 700
16, 252
17, 681
18, 579
19, 512
20, 680
21, 716
22, 704
23, 714
24, 832
25, 269
26, 711
27, 713
28, 680
29, 768
30, 256
31, 512
32, 256
33, 836
34, 712
35, 512
36, 1224
37, 512
38, 512
39, 712
40, 320
41, 712
42, 802
43, 706
44, 712
45, 712
46, 706
47, 834
48, 713
49, 712
50, 768
51, 724
52, 706
53, 706
54, 512
55, 512
56, 708
57, 649
58, 712
59, 835
60, 648
61, 722
62, 706
63, 712
64, 724
65, 705
66, 706
67, 712
68, 716
69, 716
70, 768
71, 520
72, 712
73, 266
74, 712
75, 128
76, 512
77, 512
78, 728
79, 706
80, 712
81, 1218
82, 512
83, 1218
84, 711
85, 706
86, 840
87, 576
88, 728
89, 513
90, 512
91, 738
92, 728
93, 712
94, 706
95, 512
96, 128
97, 706
98, 706
99, 712
100, 678
101, 680
102, 712
103, 720
104, 706
105, 712
106, 714
107, 712
108, 712
109, 713
110, 706
111, 720
112, 714
113, 512
114, 719
115, 706
116, 512
117, 254
118, 706
119, 512
120, 512
121, 712
122, 513
123, 708
124, 768
125, 706
126, 711
127, 720
128, 256
129, 840
130, 705
131, 712
132, 712
133, 705
134, 514
135, 512
136, 712
137, 706
138, 712
139, 714
140, 706
141, 706
142, 730
143, 728
144, 706
145, 708
146, 496
147, 706
148, 706
149, 768
150, 32
151, 706
152, 712
153, 256
154, 722
155, 712
156, 712
157, 706
158, 712
159, 712
160, 137
161, 524
162, 706
163, 715
164, 640
165, 716
166, 744
167, 706
168, 720
169, 736
170, 714
171, 712
172, 712
173, 707
174, 712
175, 712
176, 511
177, 712
178, 1218
179, 1222
180, 648
181, 722
182, 646
183, 1218
184, 712
185, 706
186, 706
187, 512
188, 840
189, 512
190, 512
191, 256
192, 711
193, 706
194, 706
195, 714
196, 256
197, 706
198, 707
199, 1240
200, 728
#New Algorithm#
0, 1880
1, 1393
2, 1515
3, 1287
4, 881
5, 1587
6, 842
7, 811
8, 1093
9, 947
10, 957
11, 992
12, 754
13, 929
14, 968
15, 955
16, 496
17, 288
18, 1433
19, 871
20, 679
21, 855
22, 824
23, 895
24, 959
25, 849
26, 760
27, 574
28, 913
29, 871
30, 857
31, 910
32, 831
33, 519
34, 1361
35, 795
36, 512
37, 809
38, 795
39, 867
40, 799
41, 747
42, 865
43, 519
44, 808
45, 383
46, 799
47, 799
48, 1311
49, 793
50, 803
51, 803
52, 513
53, 516
54, 256
55, 513
56, 806
57, 511
58, 870
59, 416
60, 710
61, 840
62, 545
63, 514
64, 678
65, 388
66, 800
67, 806
68, 791
69, 870
70, 544
71, 514
72, 818
73, 838
74, 808
75, 870
76, 808
77, 512
78, 806
79, 870
80, 766
81, 800
82, 528
83, 512
84, 818
85, 512
86, 806
87, 800
88, 497
89, 1190
90, 256
91, 806
92, 256
93, 255
94, 800
95, 512
96, 814
97, 808
98, 806
99, 512
100, 512
101, 809
102, 520
103, 814
104, 806
105, 256
106, 516
107, 512
108, 806
109, 516
110, 799
111, 869
112, 806
113, 804
114, 800
115, 800
116, 513
117, 806
118, 806
119, 256
120, 512
121, 806
122, 806
123, 798
124, 798
125, 806
126, 1318
127, 800
128, 806
129, 806
130, 838
131, 838
132, 672
133, 1313
134, 806
135, 865
136, 800
137, 806
138, 806
139, 807
140, 806
141, 256
142, 806
143, 790
144, 399
145, 864
146, 800
147, 807
148, 790
149, 520
150, 822
151, 814
152, 512
153, 806
154, 576
155, 800
156, 801
157, 800
158, 800
159, 870
160, 1312
161, 800
162, 255
163, 800
164, 128
165, 512
166, 264
167, 806
168, 512
169, 838
170, 818
171, 800
172, 550
173, 806
174, 512
175, 508
176, 814
177, 806
178, 512
179, 810
180, 806
181, 1318
182, 806
183, 810
184, 800
185, 864
186, 800
187, 806
188, 543
189, 800
190, 806
191, 268
192, 806
193, 800
194, 806
195, 804
196, 800
197, 128
198, 806
199, 814
200, 806
