
#GA 4.1.0RePy - GRAPH 'time_quality' OPENED, 09.03.22-21:43:27#
#GA 4.1.0RePy - GRAPH 'time_quality' OPENED, 09.03.22-21:43:27#
#GA 4.1.0RePy - GRAPH 'time_quality' OPENED, 09.03.22-21:43:27#
#GA 4.1.0RePy - GRAPH 'time_quality' OPENED, 09.03.22-21:43:27#
#GA 4.1.0RePy - GRAPH 'time_quality' OPENED, 09.03.22-21:43:27#
#GA 4.1.0RePy - GRAPH 'time_quality' OPENED, 09.03.22-21:43:27#
#GA 4.1.0RePy - GRAPH 'time_quality' OPENED, 09.03.22-21:43:27#
#GA 4.1.0RePy - GRAPH 'time_quality' OPENED, 09.03.22-21:43:27#
#GA 4.1.0RePy - GRAPH 'time_quality' OPENED, 09.03.22-21:43:27#
#GA 4.1.0RePy - GRAPH 'time_quality' OPENED, 09.03.22-21:43:27#
#GA 4.1.0RePy - GRAPH 'time_quality' OPENED, 09.03.22-21:43:27#
#GA 4.1.0RePy - GRAPH 'time_quality' OPENED, 09.03.22-21:43:27#
0, 12.614
0, 12.641
0, 12.707
0, 12.517
0, 12.625
0, 12.546
0, 12.425
0, 12.738
0, 12.655
0, 12.583
0, 12.651
0, 12.69
1, 10.908
1, 11.002
1, 11.084
1, 11.001
1, 11.204
1, 11.191
1, 11.038
1, 11.043
1, 11.043
1, 10.997
1, 11.008
1, 11.113
2, 10.937
2, 11.262
2, 10.905
2, 11.17
2, 10.442
2, 11.19
2, 11.235
2, 11.116
2, 10.892
2, 11.111
2, 11.101
2, 12.116
3, 10.893
3, 10.891
3, 11.038
3, 11.041
3, 10.952
3, 11.203
3, 10.878
3, 11.002
3, 11.08
3, 11.148
3, 11.26
3, 11.149
4, 10.188
4, 10.339
4, 10.493
4, 10.361
4, 10.283
4, 10.487
4, 10.37
4, 10.489
4, 10.54
4, 10.508
4, 10.567
4, 10.514
5, 10.268
5, 10.109
5, 10.3
5, 10.061
5, 10.064
5, 10.195
5, 10.13
5, 9.994
5, 10.368
5, 10.322
5, 10.288
5, 10.63
6, 10.086
6, 10.418
6, 10.248
6, 10.167
6, 10.22
6, 10.375
6, 10.513
6, 10.258
6, 10.341
6, 10.949
6, 10.187
6, 10.448
7, 10.213
7, 10.204
7, 10.292
7, 10.202
7, 10.101
7, 10.357
7, 10.338
7, 10.07
7, 10.646
7, 10.65
7, 10.544
7, 11.123
8, 10.244
8, 10.29
8, 10.199
8, 10.15
8, 10.256
8, 10.448
8, 10.0
8, 10.011
8, 10.257
8, 10.091
8, 10.558
8, 10.646
9, 10.238
9, 10.144
9, 10.227
9, 9.999
9, 10.021
9, 10.464
9, 10.297
9, 10.345
9, 10.043
9, 10.107
9, 10.633
9, 10.604
10, 10.228
10, 10.324
10, 10.088
10, 10.516
10, 10.244
10, 10.473
10, 10.064
10, 10.434
10, 10.511
10, 10.349
10, 10.351
10, 10.562
11, 10.269
11, 10.2
11, 10.296
11, 10.337
11, 10.129
11, 10.145
11, 10.214
11, 10.179
11, 10.298
11, 10.765
11, 10.487
11, 10.123
12, 10.088
12, 10.146
12, 10.112
12, 10.591
12, 10.162
12, 9.808
12, 10.182
12, 10.359
12, 10.302
12, 10.398
12, 10.553
12, 10.891
13, 10.384
13, 10.188
13, 10.308
13, 10.033
13, 10.33
13, 10.784
13, 10.428
13, 10.524
13, 10.439
13, 10.751
13, 10.177
13, 10.367
14, 10.353
14, 10.145
14, 9.95
14, 10.146
14, 10.388
14, 10.546
14, 10.047
14, 10.172
14, 10.464
14, 10.167
14, 10.227
14, 10.601
15, 10.28
15, 10.349
15, 10.143
15, 9.378
15, 10.518
15, 10.33
15, 10.116
15, 10.138
15, 10.109
15, 10.546
15, 10.143
15, 10.821
16, 10.316
16, 10.535
16, 9.907
16, 10.327
16, 10.144
16, 10.06
16, 10.33
16, 10.166
16, 10.309
16, 10.114
16, 10.363
16, 10.621
17, 10.291
17, 10.348
17, 10.029
17, 10.029
17, 10.465
17, 10.341
17, 10.313
17, 10.17
17, 10.301
17, 10.163
17, 10.603
17, 10.466
18, 10.234
18, 10.228
18, 10.137
18, 10.419
18, 10.408
18, 10.363
18, 10.507
18, 10.146
18, 10.441
18, 10.073
18, 10.17
18, 10.795
19, 10.053
19, 10.333
19, 10.132
19, 10.403
19, 10.131
19, 10.415
19, 10.189
19, 10.31
19, 10.42
19, 10.245
19, 10.378
19, 10.571
20, 10.309
20, 10.152
20, 10.277
20, 10.047
20, 10.098
20, 10.135
20, 9.983
20, 10.812
20, 10.46
20, 10.354
20, 10.386
20, 10.956
21, 10.298
21, 10.23
21, 10.285
21, 10.183
21, 10.088
21, 10.169
21, 10.066
21, 10.632
21, 10.34
21, 10.113
21, 10.574
21, 10.766
22, 10.331
22, 10.073
22, 10.439
22, 10.148
22, 10.213
22, 9.397
22, 10.315
22, 8.913
22, 10.295
22, 9.57
22, 10.135
22, 7.397
23, 6.09
23, 10.859
23, 12.608
23, 10.27
23, 8.566
23, 11.266
23, 10.378
23, 10.399
24, 10.583
23, 9.607
23, 13.403
23, 10.23
24, 9.942
24, 10.506
23, 10.367
24, 10.203
24, 10.224
24, 10.343
24, 10.505
24, 10.058
24, 10.084
25, 10.495
24, 10.021
24, 10.492
25, 10.244
25, 10.279
24, 10.395
25, 10.25
25, 10.194
25, 10.953
25, 11.112
25, 10.143
25, 10.123
26, 10.203
25, 10.218
25, 10.342
26, 10.294
25, 10.237
26, 10.087
26, 10.556
26, 10.248
26, 10.352
26, 10.496
26, 10.385
27, 10.42
26, 10.929
26, 10.367
26, 10.731
27, 10.621
27, 10.213
26, 10.396
27, 10.324
27, 10.739
27, 10.534
27, 10.611
28, 10.353
27, 10.668
27, 10.383
27, 10.847
27, 10.59
28, 10.553
28, 10.558
27, 11.214
28, 10.674
28, 10.511
28, 10.877
28, 10.796
29, 10.622
28, 10.747
28, 10.903
28, 10.606
28, 10.694
29, 10.678
29, 10.648
28, 10.635
29, 10.771
29, 10.568
29, 10.715
30, 10.659
29, 11.209
29, 10.876
29, 10.859
29, 10.675
29, 10.558
30, 10.42
30, 10.622
29, 10.566
30, 10.539
30, 10.698
31, 10.692
30, 10.862
30, 10.822
30, 10.728
30, 10.745
30, 11.168
30, 10.673
31, 10.46
31, 10.761
30, 10.823
31, 10.44
31, 10.736
32, 10.712
31, 10.554
31, 10.698
31, 10.852
31, 10.518
31, 10.72
31, 10.991
32, 10.457
31, 10.703
32, 11.256
32, 10.855
32, 10.779
33, 11.085
32, 10.829
32, 10.591
32, 11.073
32, 10.549
32, 11.022
32, 11.119
33, 10.686
32, 11.182
33, 11.075
33, 10.737
33, 10.774
34, 10.816
33, 10.758
33, 10.529
33, 10.899
33, 10.544
33, 10.532
33, 10.989
34, 10.475
33, 10.577
34, 10.623
34, 10.68
34, 10.708
34, 10.803
35, 10.972
34, 10.689
34, 11.235
34, 10.583
34, 11.009
35, 10.641
34, 10.694
34, 10.68
35, 11.328
35, 10.72
35, 10.948
35, 10.929
36, 10.811
35, 10.745
35, 10.745
35, 10.726
35, 10.786
36, 10.972
35, 10.625
35, 10.71
36, 11.256
36, 10.701
36, 10.657
36, 10.827
36, 10.903
37, 11.029
36, 11.243
36, 10.731
36, 11.045
37, 10.571
36, 10.785
36, 10.938
37, 10.873
37, 10.629
37, 10.746
37, 10.924
37, 10.749
38, 10.858
37, 10.783
38, 10.473
37, 11.09
37, 11.032
37, 10.728
37, 10.861
38, 10.705
38, 11.003
38, 10.679
38, 10.786
38, 10.757
39, 10.875
38, 10.596
38, 11.178
39, 10.974
38, 10.693
38, 11.495
38, 10.879
39, 10.555
39, 10.889
39, 10.93
39, 10.69
39, 10.97
40, 11.081
39, 10.625
39, 10.654
39, 11.121
40, 10.866
39, 10.963
39, 10.795
40, 10.537
40, 10.767
40, 10.691
40, 10.885
40, 10.74
41, 10.926
40, 10.786
40, 10.909
40, 10.725
41, 10.622
40, 10.935
40, 10.989
41, 10.764
41, 11.052
41, 11.035
41, 11.133
41, 11.196
42, 11.225
41, 10.771
41, 11.041
41, 10.811
42, 10.858
41, 10.895
41, 12.407
42, 11.123
42, 10.865
42, 11.21
42, 11.021
42, 11.189
43, 11.434
42, 10.968
42, 10.852
42, 11.364
43, 10.91
42, 11.045
43, 11.007
42, 12.296
43, 11.091
43, 11.071
43, 11.085
43, 11.119
44, 11.54
43, 10.892
43, 10.89
43, 11.317
43, 11.02
44, 13.869
44, 11.138
43, 11.536
44, 10.935
44, 11.186
44, 11.018
45, 11.211
44, 11.087
44, 11.087
44, 10.917
44, 10.992
44, 11.703
45, 11.124
45, 11.279
44, 11.105
45, 11.069
45, 11.03
45, 10.904
46, 11.134
45, 11.041
45, 10.974
45, 10.956
45, 11.028
45, 11.251
46, 10.782
46, 11.069
45, 11.245
46, 11.079
46, 11.088
46, 11.006
47, 11.366
46, 11.169
46, 11.392
46, 11.165
46, 11.394
46, 11.626
47, 11.306
47, 11.374
46, 11.436
47, 11.004
47, 11.093
47, 10.918
48, 11.215
47, 11.22
47, 11.053
47, 11.15
47, 11.158
48, 10.778
47, 11.205
48, 11.259
47, 11.821
48, 10.971
48, 11.131
48, 10.951
49, 11.267
48, 11.154
48, 11.273
48, 11.118
49, 11.009
48, 11.662
48, 11.428
49, 11.751
48, 11.39
49, 11.004
49, 10.96
49, 11.009
50, 11.179
49, 11.404
49, 10.893
49, 11.092
50, 10.758
49, 11.095
49, 11.346
50, 11.381
49, 11.598
50, 11.153
50, 11.439
50, 11.252
51, 11.635
50, 11.033
50, 11.43
50, 11.464
51, 11.054
50, 12.071
50, 10.921
51, 11.838
50, 11.292
51, 11.273
51, 11.3
51, 11.209
51, 11.073
52, 11.359
51, 11.567
51, 11.006
52, 11.242
51, 11.353
51, 11.064
52, 11.125
51, 11.585
52, 11.161
52, 11.213
52, 11.141
52, 11.136
53, 11.326
52, 11.056
52, 11.525
53, 11.123
52, 11.08
52, 11.986
52, 11.212
53, 11.599
53, 11.13
53, 11.472
53, 11.493
53, 11.164
54, 11.113
53, 10.909
53, 11.253
54, 11.26
53, 11.209
53, 11.93
53, 11.291
54, 11.366
54, 11.339
54, 11.251
54, 11.86
55, 11.644
54, 11.592
54, 11.252
54, 11.603
55, 11.07
54, 11.033
54, 11.361
55, 11.193
54, 11.713
55, 11.419
55, 11.583
55, 11.335
55, 11.317
55, 11.234
56, 11.517
55, 11.48
56, 11.294
55, 11.024
55, 11.555
56, 11.37
55, 11.878
56, 11.347
56, 11.408
56, 11.579
56, 11.179
57, 11.125
56, 11.395
56, 11.311
57, 11.17
56, 11.11
56, 11.323
57, 11.618
56, 11.366
57, 11.42
57, 11.359
57, 11.688
58, 11.516
57, 10.99
57, 11.193
57, 11.205
58, 11.384
57, 11.259
57, 11.23
58, 10.076
57, 12.662
58, 11.376
58, 11.143
58, 11.518
59, 11.244
58, 11.078
58, 11.599
58, 11.088
59, 11.316
58, 11.069
58, 11.417
59, 11.184
58, 12.271
59, 11.826
59, 12.815
59, 11.476
60, 11.321
59, 11.314
59, 11.224
59, 11.251
59, 11.357
60, 11.296
59, 11.259
60, 11.23
59, 11.548
60, 11.288
60, 11.279
60, 11.719
61, 11.545
60, 11.28
60, 11.577
60, 11.329
61, 11.555
60, 11.641
60, 11.473
61, 11.272
60, 11.756
61, 11.135
61, 11.171
61, 11.725
62, 11.266
61, 11.303
61, 11.396
61, 11.457
62, 11.174
61, 11.483
61, 11.419
62, 12.262
61, 12.036
62, 11.243
62, 11.305
62, 11.461
63, 11.348
62, 11.402
62, 11.091
62, 11.169
63, 11.071
62, 11.434
62, 11.595
63, 11.526
62, 11.556
63, 11.569
63, 11.297
63, 11.353
64, 11.275
63, 11.106
63, 10.979
63, 11.475
64, 11.234
63, 11.719
63, 11.638
64, 11.258
63, 11.57
64, 11.35
64, 11.035
64, 11.186
65, 11.376
64, 11.153
64, 11.163
65, 11.502
64, 11.461
64, 11.791
65, 11.514
64, 11.916
64, 11.667
65, 11.577
65, 11.465
65, 11.277
66, 11.225
65, 11.134
65, 10.921
65, 11.572
66, 11.164
65, 11.609
66, 11.393
65, 12.024
65, 11.549
66, 11.752
66, 11.438
66, 11.136
67, 11.639
66, 11.286
66, 11.072
67, 11.413
66, 11.372
67, 11.196
66, 11.343
66, 11.75
66, 11.831
67, 11.696
67, 11.264
67, 11.699
68, 11.446
67, 11.66
67, 11.383
68, 11.099
67, 11.638
68, 11.674
67, 11.481
67, 11.261
67, 11.308
68, 11.121
68, 11.369
68, 11.341
69, 11.56
68, 11.081
68, 11.144
69, 10.999
68, 11.074
69, 11.26
68, 12.096
68, 11.924
68, 11.491
69, 11.446
69, 11.269
69, 11.465
70, 11.756
69, 11.324
70, 11.091
69, 11.303
69, 11.223
70, 11.497
69, 11.415
69, 11.517
69, 11.351
70, 11.708
70, 11.314
70, 11.554
71, 11.312
70, 10.955
70, 12.426
71, 11.437
70, 11.185
71, 11.598
70, 11.379
70, 11.344
70, 11.471
71, 11.392
71, 11.628
71, 11.328
72, 11.803
71, 10.928
72, 11.172
71, 11.44
71, 11.106
72, 11.259
71, 11.297
71, 11.475
71, 11.611
72, 11.447
72, 11.592
72, 11.557
73, 11.762
72, 11.397
73, 11.275
72, 10.47
72, 11.279
73, 11.331
72, 11.382
72, 11.306
72, 11.415
73, 11.597
73, 11.627
73, 11.671
74, 11.842
73, 11.156
73, 11.205
74, 11.682
73, 11.279
74, 11.604
73, 11.283
73, 11.725
73, 11.877
74, 11.566
74, 11.8
74, 11.691
75, 11.475
75, 11.271
74, 11.224
74, 11.685
74, 11.549
75, 11.595
74, 11.503
74, 11.891
74, 11.542
75, 11.462
75, 11.247
75, 12.162
76, 11.603
76, 11.18
75, 11.525
75, 11.32
75, 11.629
76, 11.473
75, 12.01
75, 11.438
75, 11.902
76, 11.181
76, 12.156
76, 11.701
77, 11.583
77, 11.094
76, 11.101
76, 11.219
76, 11.134
77, 12.117
76, 11.072
76, 12.104
76, 11.495
77, 11.135
77, 11.325
77, 11.375
78, 11.522
78, 11.656
77, 11.105
77, 11.447
77, 11.625
78, 11.612
77, 11.426
77, 11.861
77, 11.581
78, 11.267
78, 13.256
78, 11.284
79, 11.811
79, 11.321
78, 11.144
78, 11.56
79, 11.361
78, 11.665
78, 11.575
78, 11.452
79, 11.495
78, 11.367
79, 11.312
79, 11.239
80, 11.37
80, 11.554
79, 11.212
80, 11.459
79, 11.302
79, 11.67
79, 11.684
80, 11.418
79, 11.409
79, 11.667
80, 11.244
80, 11.65
81, 11.659
81, 12.119
81, 11.751
80, 11.323
80, 11.383
80, 11.324
80, 11.549
81, 11.305
80, 11.672
80, 11.334
81, 12.164
81, 11.662
82, 11.381
82, 11.504
82, 11.724
81, 11.606
81, 11.149
82, 11.522
81, 11.672
81, 11.546
81, 11.466
81, 11.36
82, 11.584
82, 11.229
83, 11.251
83, 11.291
82, 11.406
83, 11.603
82, 10.97
83, 11.596
82, 11.276
82, 11.48
82, 11.766
82, 11.303
83, 11.369
83, 11.33
84, 11.212
84, 11.839
83, 11.586
84, 11.69
84, 11.584
83, 11.422
83, 11.265
83, 11.92
83, 12.444
83, 11.385
84, 11.419
84, 11.395
85, 11.266
85, 11.816
85, 11.337
84, 11.545
85, 11.796
84, 11.613
84, 11.842
84, 11.69
84, 11.898
84, 11.609
85, 11.441
85, 11.251
86, 11.239
86, 11.749
86, 11.638
85, 11.956
86, 11.559
85, 11.097
85, 11.318
85, 9.318
85, 11.342
85, 13.582
86, 11.397
86, 11.457
87, 11.218
87, 11.604
87, 11.229
86, 11.636
86, 11.043
87, 11.487
86, 11.711
86, 11.361
86, 11.172
86, 11.694
87, 12.456
87, 11.782
88, 11.289
88, 11.753
88, 11.405
87, 11.38
88, 11.472
87, 11.507
87, 11.902
87, 11.394
87, 11.574
87, 11.738
88, 11.407
88, 11.753
89, 11.219
89, 11.471
89, 11.472
88, 11.823
89, 11.872
88, 11.381
88, 11.515
88, 12.071
88, 11.958
88, 11.255
89, 11.924
89, 11.682
90, 11.07
90, 11.531
90, 11.825
89, 11.556
90, 11.281
89, 11.293
89, 11.367
89, 11.681
89, 11.611
89, 11.281
90, 11.306
90, 11.479
91, 11.392
91, 11.59
91, 11.716
90, 11.614
91, 11.532
90, 11.548
90, 11.603
90, 11.862
90, 11.538
90, 11.421
91, 11.543
91, 11.19
92, 11.267
92, 11.295
91, 11.323
92, 11.491
92, 11.309
91, 11.457
91, 11.613
91, 11.354
91, 11.638
91, 11.389
92, 11.672
92, 11.786
93, 11.5
93, 11.744
92, 11.512
93, 11.46
93, 11.725
92, 11.581
92, 11.452
92, 11.682
92, 12.071
92, 11.417
93, 11.861
93, 11.398
94, 11.481
94, 11.771
93, 11.587
94, 11.838
94, 11.714
93, 11.625
93, 11.693
93, 11.891
93, 11.749
93, 11.519
94, 11.381
94, 11.267
95, 11.487
95, 11.505
94, 11.685
95, 11.838
95, 11.736
94, 11.848
94, 11.507
94, 11.743
94, 11.554
94, 11.452
95, 11.79
95, 11.356
96, 11.393
96, 11.667
95, 11.893
96, 11.471
96, 11.51
95, 12.075
95, 11.489
95, 11.465
95, 12.119
95, 11.721
96, 11.55
96, 11.394
97, 12.076
97, 11.711
96, 12.045
97, 11.597
97, 11.647
96, 11.844
96, 11.214
96, 11.007
97, 11.478
96, 11.708
96, 11.535
97, 11.32
98, 11.601
98, 11.617
98, 11.761
98, 11.698
97, 12.174
97, 12.024
97, 11.312
97, 11.557
98, 11.734
97, 11.949
98, 11.396
97, 11.613
99, 11.296
99, 11.748
99, 11.71
98, 11.648
99, 12.112
98, 11.968
98, 11.278
98, 11.517
98, 11.593
99, 11.971
99, 11.644
98, 11.438
100, 11.385
100, 11.639
100, 12.017
99, 11.673
99, 11.577
100, 11.791
99, 11.483
99, 11.88
99, 11.712
100, 11.393
100, 11.795
99, 11.238
101, 11.464
101, 11.661
101, 11.771
100, 11.662
100, 11.948
101, 11.556
100, 11.772
100, 11.361
101, 11.413
101, 11.814
100, 12.88
100, 11.608
102, 11.629
102, 11.678
101, 11.945
101, 11.694
102, 11.719
102, 11.636
101, 11.749
101, 11.435
102, 11.87
102, 11.54
101, 11.697
101, 11.536
103, 11.315
103, 11.605
102, 11.794
103, 11.434
102, 11.543
103, 11.455
102, 11.952
102, 11.407
102, 11.522
103, 11.42
103, 12.095
102, 11.696
104, 11.383
104, 11.821
103, 11.685
103, 11.705
104, 11.702
104, 11.755
103, 11.424
103, 12.235
104, 11.616
103, 11.853
104, 11.601
103, 11.834
105, 11.771
105, 12.006
104, 11.754
104, 11.416
105, 11.941
105, 11.787
104, 11.547
104, 11.746
105, 11.757
104, 11.64
105, 11.81
104, 11.412
106, 11.288
106, 11.879
105, 11.957
105, 11.759
106, 12.137
106, 11.519
105, 11.536
105, 11.531
107, 11.051
105, 11.334
106, 11.64
105, 11.478
106, 11.871
107, 11.993
106, 11.892
106, 11.751
107, 11.895
107, 11.484
106, 11.756
106, 11.633
108, 11.304
107, 11.436
106, 11.517
107, 11.526
106, 11.945
108, 11.796
107, 11.882
107, 11.748
108, 11.475
108, 11.652
107, 11.102
109, 11.18
107, 11.603
108, 11.133
108, 11.588
107, 11.622
107, 11.769
109, 11.73
108, 11.652
108, 11.864
109, 11.803
109, 12.024
110, 11.544
108, 11.761
108, 11.866
109, 11.311
109, 11.349
108, 11.241
108, 11.903
110, 11.738
109, 11.708
109, 12.126
110, 11.794
110, 11.539
109, 11.638
109, 11.069
110, 11.283
111, 13.517
110, 9.678
109, 11.296
109, 13.092
111, 11.564
110, 11.796
110, 12.215
111, 11.689
111, 11.366
111, 11.466
110, 11.918
110, 12.482
112, 11.634
111, 12.057
110, 11.204
110, 11.197
112, 11.589
111, 11.92
111, 12.034
112, 11.39
112, 11.72
112, 11.374
111, 11.739
113, 11.326
111, 12.298
112, 11.293
111, 11.374
111, 11.289
113, 11.915
112, 11.805
113, 11.417
112, 11.902
113, 11.576
113, 11.549
112, 11.48
114, 11.852
112, 11.76
112, 11.476
113, 12.1
112, 12.063
114, 11.581
113, 11.733
113, 11.549
114, 11.795
114, 11.525
114, 11.616
113, 11.501
115, 11.337
113, 11.533
113, 12.398
114, 11.831
113, 12.381
115, 12.018
114, 11.97
115, 11.483
114, 11.788
115, 11.831
115, 11.573
116, 11.226
114, 11.501
114, 11.452
115, 11.589
114, 12.67
114, 12.251
116, 11.676
115, 12.097
116, 11.615
115, 11.884
116, 11.872
116, 11.507
117, 11.515
115, 11.877
115, 11.414
116, 11.868
115, 11.756
115, 11.989
117, 11.731
116, 12.046
117, 11.29
116, 11.818
117, 12.306
117, 11.57
118, 11.426
116, 11.395
116, 11.594
117, 11.693
116, 11.809
116, 12.278
118, 11.936
118, 11.484
117, 11.757
117, 11.905
118, 11.447
118, 11.681
119, 11.637
117, 11.75
117, 11.575
118, 11.64
117, 11.917
117, 12.358
119, 11.902
119, 11.491
118, 11.934
118, 11.745
119, 11.589
120, 11.387
119, 11.954
118, 11.564
118, 11.932
119, 11.603
118, 11.412
118, 11.588
120, 11.725
120, 11.588
119, 11.958
119, 11.842
120, 11.442
121, 11.821
120, 11.557
119, 11.504
119, 11.497
120, 11.907
119, 12.462
119, 12.517
121, 11.76
121, 11.582
120, 11.796
120, 11.922
121, 11.399
122, 11.222
121, 11.783
120, 11.293
120, 11.422
121, 12.08
120, 11.809
120, 11.894
122, 11.561
122, 11.62
121, 11.613
121, 12.266
122, 11.494
123, 12.255
122, 11.713
121, 11.473
121, 11.656
122, 11.851
121, 12.724
121, 11.499
123, 11.514
123, 11.604
122, 11.579
123, 11.518
122, 12.237
123, 11.62
124, 11.494
122, 11.513
122, 12.368
123, 11.647
122, 12.001
122, 11.326
124, 11.692
124, 11.656
124, 11.994
123, 11.926
123, 12.149
124, 11.495
125, 11.409
123, 11.304
123, 12.064
124, 11.614
123, 12.431
123, 11.742
125, 11.677
125, 11.515
124, 12.05
125, 12.106
124, 11.734
126, 11.324
125, 11.597
124, 11.341
124, 10.654
125, 11.634
124, 12.042
124, 11.646
126, 12.018
126, 12.065
125, 12.041
125, 11.786
125, 11.521
127, 11.606
126, 11.649
126, 11.815
125, 11.409
126, 11.59
125, 12.118
125, 11.513
127, 11.324
127, 11.717
126, 11.637
126, 11.348
126, 11.885
128, 11.438
127, 11.7
127, 11.817
126, 11.794
127, 11.492
126, 11.76
126, 12.354
128, 11.828
128, 12.269
127, 11.671
127, 11.336
127, 11.807
128, 11.736
129, 11.6
128, 11.88
127, 11.799
128, 11.447
127, 12.655
127, 11.558
129, 11.919
129, 11.593
128, 11.881
130, 11.439
128, 11.692
128, 12.065
129, 11.797
129, 11.77
129, 11.51
128, 11.877
128, 12.209
128, 11.297
130, 12.067
130, 11.417
129, 12.145
131, 11.514
129, 12.099
130, 11.553
129, 11.817
130, 11.886
130, 11.613
129, 12.098
129, 11.717
129, 11.573
131, 11.692
131, 11.449
130, 12.202
132, 11.5
131, 11.688
131, 12.16
130, 11.973
130, 11.719
131, 11.641
130, 11.87
130, 11.784
130, 11.878
132, 12.581
132, 11.398
133, 11.485
131, 11.805
132, 11.89
132, 11.612
131, 11.945
131, 11.864
132, 11.433
131, 11.88
131, 12.142
131, 12.135
133, 11.878
133, 11.833
134, 11.958
132, 11.79
133, 11.566
132, 11.491
133, 11.866
132, 11.686
133, 11.491
132, 11.358
132, 11.623
132, 11.676
134, 11.597
134, 11.865
135, 11.708
133, 11.515
134, 11.576
133, 11.605
133, 11.633
134, 11.638
134, 11.62
133, 11.869
133, 11.63
133, 11.804
135, 11.618
135, 11.555
136, 11.62
134, 11.547
134, 11.448
135, 11.593
135, 11.722
134, 11.549
135, 12.111
134, 11.478
134, 12.118
134, 11.461
136, 11.512
136, 11.77
137, 11.629
136, 11.814
135, 12.145
136, 11.812
135, 12.127
135, 11.877
136, 11.974
135, 11.641
135, 12.108
135, 11.662
137, 12.582
137, 11.988
138, 11.457
137, 11.69
136, 12.002
137, 11.736
136, 11.49
136, 12.165
137, 11.687
136, 11.423
136, 11.888
138, 11.741
136, 11.704
138, 11.702
139, 11.604
138, 11.626
138, 11.777
137, 11.801
138, 11.798
137, 11.864
137, 11.863
137, 11.702
137, 11.956
139, 11.857
137, 11.556
139, 11.68
140, 11.294
139, 11.566
138, 11.941
139, 11.92
139, 11.638
138, 12.023
138, 11.546
138, 12.197
138, 12.031
140, 11.879
138, 11.654
140, 11.679
141, 11.54
139, 12.053
140, 11.841
140, 12.64
140, 12.2
139, 11.707
139, 11.756
139, 11.846
139, 12.222
141, 12.119
139, 11.841
141, 11.631
142, 11.729
140, 12.195
141, 11.701
141, 11.66
140, 11.48
141, 12.084
140, 11.562
140, 12.013
140, 12.273
142, 12.047
140, 12.293
142, 11.587
143, 11.486
142, 11.695
141, 11.913
142, 11.612
141, 11.575
141, 11.746
142, 12.182
141, 11.705
143, 12.045
141, 12.428
141, 11.799
143, 12.349
144, 11.549
143, 11.868
142, 11.495
142, 11.879
143, 11.753
142, 11.834
143, 12.205
142, 11.831
144, 12.102
142, 12.832
142, 11.962
144, 11.611
145, 11.797
144, 11.619
143, 11.617
143, 11.895
144, 11.764
143, 12.156
144, 12.119
143, 12.167
145, 11.698
143, 12.507
143, 11.904
145, 11.526
146, 11.412
145, 11.621
144, 11.394
144, 11.84
145, 11.674
144, 11.552
145, 12.064
144, 12.022
146, 11.879
144, 11.933
144, 11.774
146, 11.73
147, 11.495
146, 11.711
145, 11.536
145, 11.697
146, 11.876
145, 11.825
146, 11.691
145, 12.236
147, 12.364
145, 11.959
145, 11.697
147, 11.817
148, 11.651
147, 11.762
146, 11.628
146, 11.952
147, 11.781
147, 11.732
146, 12.302
146, 12.305
148, 12.222
146, 12.109
146, 11.973
148, 11.564
149, 11.591
148, 11.636
147, 11.762
147, 11.568
148, 11.79
148, 11.571
147, 12.202
147, 11.95
149, 12.052
147, 12.267
147, 12.255
149, 11.723
150, 11.731
149, 12.366
148, 11.975
148, 13.324
149, 11.827
149, 11.536
148, 11.623
148, 12.062
150, 12.231
148, 11.805
148, 11.997
150, 11.683
151, 11.495
150, 12.261
149, 12.168
149, 11.556
150, 11.677
150, 11.543
149, 11.954
149, 12.381
151, 12.094
149, 12.305
149, 11.732
151, 11.633
152, 11.371
151, 12.119
150, 12.24
150, 11.647
151, 12.121
151, 11.851
150, 11.83
150, 12.258
152, 12.177
150, 11.888
152, 11.689
150, 11.796
153, 11.883
152, 11.874
151, 11.547
151, 12.055
152, 11.952
152, 11.887
151, 12.163
151, 12.21
153, 11.846
151, 12.037
153, 11.714
151, 11.934
154, 12.196
153, 11.529
152, 11.856
152, 11.728
153, 11.83
153, 12.029
152, 11.558
152, 12.584
154, 11.671
152, 11.757
154, 11.537
152, 11.529
155, 12.015
154, 11.672
153, 11.938
153, 12.786
154, 12.13
154, 12.528
153, 12.2
155, 11.738
153, 12.286
155, 11.499
153, 12.04
153, 11.622
156, 11.634
155, 11.639
154, 12.356
154, 12.579
155, 12.821
155, 12.128
154, 11.945
156, 12.007
154, 11.648
156, 12.155
154, 11.966
154, 11.77
157, 11.63
156, 11.723
155, 11.717
155, 12.2
156, 11.936
156, 12.006
155, 12.327
157, 12.165
155, 12.222
157, 11.73
155, 11.824
155, 11.87
158, 11.926
157, 11.483
156, 11.593
156, 11.882
157, 11.984
156, 11.897
157, 11.994
158, 12.294
156, 12.173
158, 11.649
156, 11.875
156, 12.198
159, 12.012
158, 11.589
157, 11.648
157, 12.231
158, 11.981
158, 11.819
157, 11.874
157, 11.894
159, 12.245
159, 11.727
157, 11.842
157, 11.998
160, 11.627
159, 11.714
158, 11.878
158, 12.042
159, 12.276
158, 11.628
159, 11.717
158, 11.886
160, 11.737
160, 11.506
158, 11.998
158, 11.896
161, 11.652
160, 11.607
159, 11.577
159, 11.891
160, 12.349
159, 11.954
160, 11.617
161, 12.305
161, 11.56
159, 12.165
159, 12.049
159, 11.875
162, 11.964
161, 11.667
160, 11.882
160, 12.12
161, 12.254
160, 11.796
161, 12.644
162, 12.328
162, 11.727
160, 12.423
160, 12.086
160, 12.033
163, 11.67
162, 11.791
161, 12.109
161, 12.084
162, 12.004
161, 11.683
162, 11.694
163, 12.197
163, 12.463
161, 11.871
161, 12.389
161, 11.545
164, 11.496
163, 11.718
162, 12.141
162, 12.159
163, 11.865
162, 12.08
163, 11.613
164, 11.803
162, 11.928
164, 12.433
162, 12.045
162, 12.57
165, 11.521
164, 11.745
163, 11.651
163, 12.099
164, 11.549
163, 11.836
164, 11.6
165, 11.862
163, 11.961
163, 12.141
165, 11.912
163, 12.073
166, 11.695
165, 11.87
164, 11.556
164, 11.949
165, 11.893
165, 11.714
164, 11.911
166, 11.967
164, 11.913
164, 11.985
166, 11.999
164, 11.797
167, 11.97
166, 11.747
165, 11.49
165, 12.122
166, 11.805
166, 11.779
165, 11.84
167, 12.171
165, 12.716
165, 11.814
167, 12.196
168, 12.112
165, 12.493
167, 11.915
166, 12.163
166, 12.204
167, 11.979
167, 12.178
166, 11.874
168, 12.012
166, 12.112
166, 12.45
168, 12.044
169, 11.897
166, 12.102
168, 12.175
167, 12.102
167, 12.377
168, 12.001
168, 12.19
167, 12.068
169, 12.132
167, 12.061
167, 12.318
169, 12.072
170, 11.805
167, 12.094
169, 12.181
168, 11.917
168, 12.112
169, 12.19
168, 11.885
169, 12.311
170, 12.117
168, 12.326
168, 12.136
170, 11.76
171, 11.955
168, 12.315
170, 12.287
169, 12.236
169, 12.483
170, 12.171
169, 11.843
171, 12.116
170, 12.018
169, 13.357
169, 11.816
171, 11.974
172, 11.792
169, 12.322
171, 12.211
170, 12.331
170, 12.57
171, 12.335
170, 12.267
172, 13.003
171, 13.327
170, 12.601
170, 12.383
172, 12.757
173, 12.383
170, 12.385
172, 12.441
171, 12.289
171, 12.768
172, 12.316
171, 12.32
172, 12.669
173, 12.594
171, 12.931
171, 12.378
173, 12.363
171, 9.531
174, 12.114
173, 11.948
172, 12.354
172, 12.958
173, 12.373
172, 12.197
174, 12.341
173, 12.453
172, 12.433
172, 12.584
174, 12.446
172, 12.43
175, 12.417
174, 12.378
173, 10.814
173, 12.781
174, 12.805
173, 12.253
175, 12.798
173, 12.553
174, 12.197
173, 12.539
175, 12.303
173, 12.361
176, 12.587
175, 12.703
174, 12.137
175, 12.441
174, 12.842
174, 12.435
176, 12.286
174, 12.566
175, 13.519
174, 12.364
177, 12.251
174, 12.362
176, 13.111
176, 12.367
175, 12.411
176, 12.398
175, 12.678
175, 12.173
175, 12.516
177, 12.935
176, 12.184
175, 12.467
175, 12.433
178, 12.737
177, 12.212
177, 12.249
176, 12.278
177, 15.053
176, 13.444
176, 15.111
176, 15.999
178, 14.484
177, 14.108
176, 14.419
176, 14.593
179, 13.889
178, 14.011
178, 14.044
177, 13.81
178, 14.072
177, 14.212
177, 13.878
177, 14.254
179, 14.165
178, 14.855
177, 14.357
177, 14.516
180, 13.812
179, 14.044
179, 13.872
178, 14.386
179, 14.283
178, 14.865
178, 14.007
178, 14.293
180, 14.707
179, 13.919
178, 14.688
178, 14.244
181, 14.527
180, 14.008
180, 14.749
179, 13.909
180, 13.911
179, 14.297
179, 13.865
179, 14.366
180, 13.83
181, 14.566
179, 14.553
179, 14.56
182, 14.159
181, 14.262
181, 14.825
180, 14.722
181, 14.274
180, 14.228
180, 14.011
180, 14.258
181, 14.567
182, 14.365
180, 14.096
180, 14.266
183, 13.921
182, 14.877
182, 14.221
181, 13.745
182, 14.683
181, 14.534
181, 13.876
181, 14.247
182, 13.849
183, 14.556
181, 14.278
184, 14.236
181, 14.596
183, 14.251
183, 17.682
182, 13.825
183, 14.433
182, 14.46
182, 14.514
182, 14.878
184, 14.71
182, 14.333
182, 15.043
183, 18.16
184, 14.541
183, 14.596
184, 14.779
185, 21.493
184, 14.772
183, 15.195
183, 14.662
183, 15.738
185, 15.166
183, 15.098
183, 14.614
185, 15.109
184, 14.547
185, 14.863
184, 22.968
185, 14.273
184, 14.954
186, 21.084
184, 14.98
184, 15.024
186, 15.03
184, 15.197
184, 15.307
186, 14.937
185, 14.272
186, 14.674
185, 14.937
186, 15.281
185, 15.113
187, 15.111
185, 14.192
185, 16.613
187, 14.723
185, 14.287
185, 19.118
187, 16.432
186, 16.602
187, 15.096
187, 15.402
186, 14.526
186, 15.472
188, 16.148
186, 14.173
186, 17.175
188, 15.472
186, 14.295
186, 15.123
187, 15.178
188, 17.301
188, 14.219
188, 14.34
187, 14.945
187, 14.692
189, 16.159
187, 15.771
187, 15.359
189, 14.904
187, 17.234
187, 15.602
189, 16.506
188, 14.071
189, 15.24
189, 14.983
188, 14.675
190, 16.507
188, 14.576
188, 15.994
190, 17.838
188, 17.649
188, 14.917
188, 14.626
190, 15.67
189, 14.574
190, 17.078
190, 15.498
189, 14.947
191, 15.856
189, 14.019
189, 18.755
191, 15.324
189, 15.334
189, 16.935
189, 15.65
190, 14.026
191, 15.759
191, 14.92
191, 15.003
190, 14.328
192, 14.119
190, 15.573
190, 15.084
192, 14.727
190, 14.658
190, 15.873
190, 14.965
191, 15.435
192, 14.397
192, 14.048
192, 16.134
191, 14.611
193, 17.199
191, 15.118
191, 14.19
193, 14.902
191, 14.157
191, 17.528
191, 17.293
193, 15.218
192, 14.486
193, 14.83
192, 14.36
193, 14.797
194, 15.85
192, 14.813
192, 14.944
194, 15.135
192, 15.39
192, 14.425
192, 14.765
194, 17.581
193, 15.686
194, 17.42
193, 14.84
194, 15.474
195, 16.315
193, 14.727
193, 14.043
195, 16.907
193, 15.472
193, 15.481
193, 14.679
195, 14.544
194, 14.441
195, 14.248
194, 15.77
195, 15.122
196, 15.093
194, 14.561
194, 13.917
194, 14.84
196, 15.629
194, 14.578
194, 14.762
196, 14.386
195, 15.149
196, 14.051
195, 13.173
196, 12.731
197, 13.452
195, 12.555
195, 12.102
195, 13.008
197, 12.816
195, 12.743
195, 12.666
196, 12.276
197, 12.371
197, 12.337
196, 12.525
198, 12.017
197, 12.582
196, 12.425
196, 12.556
196, 12.874
198, 12.661
196, 12.907
196, 12.724
197, 12.065
198, 12.238
198, 12.354
197, 12.762
199, 12.212
198, 12.835
197, 12.318
197, 12.62
199, 12.704
197, 13.228
197, 12.269
197, 12.361
198, 12.037
199, 12.179
199, 12.196
198, 12.125
200, 12.111
198, 12.314
198, 12.481
199, 13.079
200, 12.631
198, 12.361
198, 13.149
198, 12.638
200, 12.337
199, 12.188
200, 12.3
199, 12.293
201, 12.117
199, 12.565
199, 12.254
200, 12.476
201, 12.367
199, 12.738
199, 12.833
199, 12.787
200, 12.028
201, 12.309
201, 12.245
200, 12.303
202, 12.174
200, 12.409
200, 12.378
201, 12.665
202, 12.412
200, 12.423
200, 12.624
200, 12.942
202, 12.748
201, 12.328
202, 12.252
201, 12.564
203, 12.429
201, 12.761
201, 12.46
202, 12.332
203, 12.672
201, 12.725
201, 12.589
203, 12.208
201, 12.718
203, 12.207
202, 12.579
202, 12.218
204, 12.168
202, 12.457
202, 12.475
203, 12.444
204, 12.638
202, 12.597
202, 12.925
204, 12.382
203, 12.013
202, 12.438
204, 12.484
205, 12.681
203, 12.714
203, 12.911
203, 12.537
204, 12.627
205, 13.562
203, 13.024
205, 12.57
203, 13.161
204, 12.647
203, 12.616
205, 12.911
206, 12.77
204, 12.739
204, 12.71
204, 12.674
205, 12.99
206, 13.106
204, 12.872
206, 12.613
205, 13.067
204, 13.217
204, 12.854
206, 12.659
207, 12.511
205, 13.024
205, 13.128
205, 12.656
206, 12.793
207, 13.01
207, 12.909
205, 13.271
205, 12.898
205, 12.862
206, 12.553
207, 12.711
208, 12.417
206, 12.683
206, 12.836
206, 12.612
207, 12.79
208, 13.459
208, 12.636
206, 12.973
206, 12.963
206, 13.081
207, 12.586
208, 12.97
209, 12.727
207, 12.818
207, 12.88
207, 12.532
208, 12.659
209, 12.998
209, 12.764
207, 13.243
207, 12.707
208, 12.431
207, 12.96
209, 12.965
210, 12.467
208, 12.89
208, 13.148
208, 12.814
209, 12.803
210, 12.855
210, 12.732
208, 13.286
208, 12.691
209, 12.543
208, 12.997
210, 12.748
211, 12.584
209, 12.632
209, 12.586
209, 12.9
210, 12.957
211, 12.779
211, 12.76
210, 12.469
209, 12.806
209, 13.212
209, 12.978
211, 13.055
212, 12.82
210, 12.848
210, 12.108
210, 12.665
211, 13.887
212, 12.722
212, 12.863
210, 13.069
211, 12.793
210, 13.307
210, 13.068
212, 12.916
213, 12.597
211, 13.025
211, 13.106
211, 12.75
212, 12.844
213, 12.789
213, 12.647
212, 12.599
211, 12.633
211, 13.239
211, 12.972
213, 13.26
214, 12.707
212, 12.675
212, 12.808
212, 13.259
213, 13.059
214, 13.186
214, 12.864
213, 12.488
212, 12.783
212, 13.375
212, 13.202
214, 12.555
215, 12.489
213, 12.805
213, 12.5
213, 12.856
214, 13.045
215, 12.795
215, 12.798
213, 12.845
214, 12.604
213, 12.812
215, 12.826
213, 13.395
216, 13.317
214, 12.925
214, 12.655
214, 13.02
215, 13.269
216, 12.832
214, 12.848
216, 12.745
215, 12.689
216, 12.657
214, 12.573
214, 13.505
217, 13.122
215, 12.803
215, 13.134
215, 13.21
216, 12.937
217, 14.392
215, 13.385
217, 13.245
216, 13.368
215, 13.406
217, 13.233
215, 13.363
218, 12.946
216, 13.26
216, 13.076
216, 13.54
217, 13.408
218, 13.62
216, 13.391
218, 13.379
217, 13.269
218, 13.19
216, 13.319
216, 13.565
219, 12.891
217, 12.788
217, 11.974
217, 12.332
218, 12.037
219, 12.674
217, 12.119
219, 12.098
218, 11.761
219, 12.013
217, 12.034
217, 12.114
220, 11.772
218, 12.087
218, 11.984
218, 12.299
219, 12.306
220, 12.105
218, 12.041
220, 12.106
219, 11.898
220, 12.029
218, 12.124
218, 12.849
221, 11.79
219, 11.885
219, 11.857
219, 12.127
220, 11.948
221, 12.501
219, 12.174
221, 11.976
220, 12.086
221, 11.965
219, 12.142
222, 11.957
219, 12.607
220, 12.493
220, 11.934
220, 12.413
221, 12.511
222, 12.842
220, 12.097
222, 11.889
221, 11.897
222, 12.156
220, 12.301
223, 11.802
220, 12.454
221, 12.57
221, 11.724
221, 12.278
222, 12.425
223, 12.039
221, 12.214
223, 12.887
222, 13.718
223, 12.233
224, 12.356
221, 12.421
221, 12.98
222, 12.478
222, 12.477
222, 12.408
223, 12.511
224, 12.666
222, 12.894
224, 12.952
223, 12.085
224, 12.724
225, 12.499
222, 12.644
222, 12.607
223, 12.845
223, 12.431
223, 12.831
224, 12.709
225, 12.787
223, 12.431
225, 12.374
224, 13.369
225, 12.433
226, 12.065
223, 12.443
223, 13.103
224, 13.108
224, 12.571
224, 13.174
225, 12.703
226, 12.388
224, 12.276
226, 12.6
225, 12.32
226, 12.457
227, 12.519
224, 12.739
224, 12.567
225, 12.934
225, 12.262
225, 13.008
226, 12.393
227, 12.392
225, 12.514
226, 12.201
227, 12.758
227, 12.462
228, 12.344
225, 12.659
225, 12.595
226, 12.844
226, 12.218
227, 12.409
226, 12.751
228, 12.642
226, 12.721
228, 11.492
227, 12.468
228, 12.221
229, 12.156
226, 12.385
226, 12.395
227, 12.34
227, 12.457
229, 12.558
227, 12.885
228, 12.549
227, 12.506
229, 12.857
228, 12.065
229, 12.506
230, 12.463
227, 12.438
227, 12.938
228, 12.348
228, 12.409
230, 12.513
229, 12.423
228, 12.791
228, 12.738
230, 12.308
229, 12.642
230, 12.827
231, 12.695
228, 12.198
228, 12.777
229, 12.247
229, 12.996
231, 12.373
230, 12.367
229, 12.773
229, 12.343
231, 12.406
230, 12.441
231, 12.633
232, 12.364
229, 12.552
229, 12.666
230, 12.607
230, 12.83
232, 12.288
231, 12.461
230, 12.732
230, 12.325
232, 12.516
231, 12.68
232, 12.64
233, 12.906
230, 13.048
230, 12.924
231, 13.054
231, 13.34
233, 12.992
232, 12.741
231, 12.972
231, 13.395
233, 13.192
232, 12.411
233, 12.641
234, 12.862
231, 12.923
231, 13.392
232, 12.968
232, 13.176
234, 12.798
233, 12.865
232, 13.294
232, 12.789
234, 12.604
233, 13.028
234, 12.686
235, 13.108
232, 12.745
232, 13.004
233, 12.973
233, 13.031
235, 12.811
234, 12.824
233, 13.147
233, 12.739
235, 12.65
234, 12.771
235, 12.589
233, 12.979
236, 12.897
233, 13.06
234, 12.969
234, 12.673
236, 12.621
235, 12.951
234, 12.911
234, 12.789
236, 12.682
235, 12.898
236, 12.828
234, 13.675
237, 13.151
234, 13.57
235, 12.593
235, 12.611
237, 12.756
236, 12.759
235, 12.813
235, 12.944
237, 12.76
236, 12.918
237, 13.101
235, 12.905
238, 13.066
235, 12.919
236, 12.475
236, 12.774
238, 13.205
237, 12.827
236, 12.991
236, 13.243
238, 12.596
237, 12.562
238, 13.098
236, 13.065
239, 12.74
236, 12.972
237, 12.66
237, 12.666
239, 12.859
238, 12.752
237, 13.184
237, 13.569
239, 12.535
238, 12.525
239, 12.88
237, 13.232
240, 12.697
237, 12.912
238, 12.716
238, 12.793
240, 12.862
239, 12.735
238, 12.956
238, 12.835
240, 12.704
239, 13.599
240, 12.591
238, 12.989
241, 12.634
238, 12.786
239, 13.087
239, 12.749
241, 12.641
240, 12.282
239, 12.549
239, 12.17
241, 12.32
240, 12.247
241, 12.474
239, 12.616
242, 12.216
239, 11.986
240, 12.321
240, 11.888
241, 12.002
242, 12.028
240, 12.115
240, 12.015
242, 12.178
241, 12.217
242, 11.956
240, 12.484
243, 12.173
240, 12.005
241, 11.822
241, 11.903
242, 12.211
243, 12.632
241, 12.081
241, 12.031
243, 12.318
242, 11.829
243, 12.025
241, 12.408
244, 12.203
241, 12.162
242, 11.946
242, 11.993
243, 11.9
244, 12.196
242, 12.163
242, 11.964
244, 12.016
243, 11.844
244, 12.524
242, 12.594
245, 12.098
242, 12.315
243, 11.802
243, 12.151
244, 11.887
245, 12.426
243, 12.271
243, 13.107
245, 11.959
244, 12.006
245, 11.904
243, 12.32
246, 12.009
244, 11.949
243, 12.931
244, 11.975
245, 12.065
244, 12.119
246, 12.379
244, 12.52
246, 12.215
245, 11.873
246, 11.959
244, 12.404
247, 12.113
244, 11.835
245, 12.903
245, 12.067
246, 11.868
245, 12.107
247, 12.352
245, 13.274
247, 11.961
246, 12.043
247, 11.958
245, 12.216
248, 11.893
245, 12.183
246, 11.825
246, 12.2
247, 12.072
246, 12.114
248, 12.158
246, 12.573
248, 12.462
247, 12.507
248, 12.289
246, 13.233
249, 12.197
247, 12.401
246, 12.67
247, 12.431
248, 12.563
247, 12.564
249, 12.375
247, 12.605
249, 12.245
248, 12.131
249, 13.09
247, 12.599
250, 12.944
247, 12.36
248, 12.789
248, 12.081
249, 12.486
250, 12.53
248, 12.7
250, 12.259
248, 12.577
249, 12.271
250, 12.754
248, 12.623
251, 12.542
249, 12.267
248, 12.635
249, 12.242
250, 12.512
251, 13.034
249, 12.543
251, 12.613
249, 12.78
250, 12.118
251, 12.364
249, 12.558
252, 12.194
249, 12.334
250, 12.67
250, 12.299
251, 12.396
252, 12.504
250, 12.74
252, 12.676
250, 12.798
251, 12.344
252, 12.606
250, 13.048
253, 12.24
251, 12.358
250, 12.35
251, 12.846
252, 12.392
253, 12.683
251, 12.805
253, 12.791
251, 12.445
252, 12.361
253, 12.54
251, 12.596
254, 12.171
252, 12.174
251, 12.419
252, 12.658
253, 12.385
254, 12.558
252, 13.062
254, 12.406
252, 12.661
253, 12.423
254, 12.585
252, 12.979
255, 12.292
253, 12.296
252, 12.212
253, 12.305
254, 12.238
255, 13.079
253, 12.537
255, 12.231
253, 12.563
254, 12.811
255, 12.225
253, 13.116
256, 12.396
254, 12.503
253, 12.352
254, 12.123
255, 12.603
256, 12.68
254, 13.065
256, 12.172
254, 12.322
255, 12.15
256, 12.379
254, 13.039
257, 12.517
255, 12.597
254, 12.957
255, 12.237
256, 12.95
257, 12.346
255, 12.435
257, 12.152
255, 12.559
256, 12.241
257, 12.24
255, 13.236
258, 12.414
256, 12.767
255, 12.357
256, 12.407
257, 12.594
258, 12.386
256, 12.525
258, 12.311
256, 12.938
257, 12.184
258, 12.585
256, 13.069
259, 12.469
257, 12.839
257, 12.401
256, 12.272
259, 12.362
258, 12.855
257, 12.489
259, 12.495
258, 12.243
257, 12.632
259, 12.405
260, 12.705
257, 13.354
258, 12.992
258, 13.177
257, 12.852
260, 12.739
259, 13.104
258, 13.539
260, 13.06
259, 13.207
258, 12.818
260, 12.758
261, 12.891
258, 12.934
259, 12.771
259, 12.839
258, 12.579
261, 12.774
260, 13.133
259, 13.518
261, 12.747
260, 12.489
259, 13.06
261, 12.642
262, 12.974
259, 12.893
260, 12.672
260, 12.843
262, 12.861
259, 13.065
261, 13.276
260, 13.507
262, 12.637
261, 12.616
260, 13.066
262, 12.677
263, 12.898
260, 13.016
261, 12.661
261, 12.719
263, 12.776
260, 12.885
262, 12.8
261, 13.3
263, 12.913
262, 12.523
261, 13.148
263, 13.137
264, 11.914
261, 12.108
262, 11.95
264, 11.947
262, 12.041
261, 12.156
263, 12.536
262, 12.655
264, 11.804
263, 11.726
262, 12.351
264, 12.0
265, 12.034
263, 11.869
262, 12.31
265, 12.467
263, 12.055
262, 11.908
264, 12.519
263, 12.17
265, 12.459
264, 11.805
263, 12.016
265, 11.922
266, 12.257
264, 11.839
263, 12.334
266, 12.218
263, 11.946
264, 11.843
265, 12.641
264, 12.093
266, 11.306
265, 12.071
264, 11.99
266, 13.372
267, 12.244
264, 12.181
265, 12.044
267, 12.282
264, 11.982
265, 12.24
266, 12.45
265, 12.077
266, 11.744
267, 12.103
265, 12.118
267, 11.887
268, 11.856
265, 12.082
266, 12.26
268, 11.994
265, 12.225
266, 12.263
266, 12.098
267, 12.384
267, 12.148
268, 12.085
266, 12.262
268, 12.911
269, 11.885
266, 12.184
267, 12.029
269, 11.944
266, 12.224
267, 12.02
267, 12.545
268, 12.631
268, 12.111
269, 12.283
267, 11.909
269, 12.006
270, 11.883
267, 12.211
268, 12.119
270, 12.128
267, 12.25
268, 12.276
268, 12.292
269, 12.421
269, 12.229
270, 12.117
268, 12.04
270, 12.596
271, 11.949
268, 12.296
269, 12.352
271, 11.976
269, 11.921
268, 12.269
269, 12.051
270, 12.381
270, 12.066
271, 11.879
269, 12.23
271, 12.381
272, 12.605
269, 12.704
272, 12.987
270, 13.537
270, 12.668
269, 12.803
270, 12.853
271, 12.353
272, 12.197
271, 12.356
270, 12.503
272, 12.286
273, 12.449
270, 12.635
271, 12.328
273, 13.011
271, 12.452
270, 12.414
271, 12.468
272, 12.255
273, 12.855
272, 12.569
271, 12.486
273, 12.338
274, 12.567
274, 12.348
271, 12.792
272, 12.53
272, 12.498
272, 12.474
271, 12.72
273, 12.833
274, 12.292
273, 12.137
272, 12.482
274, 13.148
275, 12.624
275, 12.704
272, 13.041
273, 12.769
273, 12.368
273, 12.394
272, 12.683
274, 12.839
275, 12.545
274, 12.222
273, 12.443
275, 12.418
276, 12.787
276, 12.408
273, 12.557
274, 12.97
274, 12.201
274, 12.744
273, 12.728
275, 12.665
275, 12.174
276, 12.508
274, 12.689
276, 12.285
277, 12.451
277, 12.381
274, 12.544
275, 12.854
275, 12.361
275, 12.943
274, 12.53
276, 12.456
276, 12.138
277, 12.211
275, 12.374
277, 12.32
278, 12.267
278, 12.463
275, 12.883
276, 12.25
276, 12.453
276, 12.633
275, 12.418
277, 12.146
277, 13.04
276, 12.367
278, 12.537
278, 12.385
279, 12.553
279, 12.634
276, 13.031
277, 12.412
277, 12.64
277, 12.543
276, 12.386
278, 12.475
278, 12.432
277, 12.406
279, 12.741
279, 12.372
280, 12.467
280, 12.83
278, 12.559
277, 13.072
278, 12.388
278, 12.546
277, 12.741
279, 12.088
279, 12.331
278, 12.387
280, 12.591
280, 12.449
281, 12.188
281, 12.523
279, 12.192
278, 12.58
279, 12.323
279, 12.533
278, 12.79
280, 12.442
280, 12.483
279, 12.411
281, 12.634
281, 12.881
282, 12.273
282, 12.439
280, 12.5
279, 13.088
280, 12.118
280, 12.525
279, 12.383
281, 12.352
281, 12.643
280, 12.818
282, 12.304
282, 12.151
283, 12.583
283, 12.877
281, 12.541
280, 12.611
281, 12.362
281, 12.453
280, 12.235
282, 12.356
282, 12.736
281, 12.739
283, 12.583
283, 12.207
284, 12.474
284, 12.417
282, 13.234
281, 12.835
282, 12.324
282, 12.613
281, 12.281
283, 12.358
283, 12.317
282, 12.515
284, 12.647
284, 12.772
285, 12.433
285, 11.282
282, 12.836
283, 12.452
283, 12.272
283, 12.455
282, 12.417
284, 12.638
283, 12.39
284, 12.192
285, 12.57
285, 12.325
286, 12.228
286, 12.741
284, 12.179
284, 12.586
283, 13.002
284, 12.539
283, 12.355
285, 12.298
284, 12.494
285, 12.405
286, 12.395
286, 12.395
287, 12.191
287, 12.674
285, 12.419
285, 13.001
284, 13.459
285, 13.116
284, 13.272
286, 12.847
286, 12.492
285, 12.923
287, 12.655
287, 12.768
288, 12.54
288, 13.028
286, 13.17
286, 12.536
285, 13.38
286, 12.976
285, 12.825
287, 12.71
287, 12.809
286, 12.951
288, 13.373
288, 13.224
289, 13.859
289, 12.861
287, 13.036
287, 13.249
287, 13.054
286, 13.294
286, 12.836
288, 12.828
288, 13.323
287, 12.648
289, 13.222
289, 13.196
290, 12.394
290, 12.673
288, 13.045
288, 13.063
288, 12.749
287, 13.163
287, 12.812
289, 13.418
289, 13.202
288, 13.187
290, 12.706
290, 12.999
291, 13.099
291, 12.861
289, 13.14
289, 12.979
289, 13.13
288, 13.376
288, 12.689
290, 12.808
290, 12.474
289, 13.634
291, 12.753
291, 12.928
292, 12.655
292, 12.807
290, 13.239
290, 12.882
290, 12.525
289, 12.805
289, 12.716
291, 13.31
291, 12.556
290, 12.792
292, 12.913
292, 13.226
293, 12.573
293, 12.809
291, 12.82
291, 12.816
291, 12.605
290, 12.807
290, 13.534
292, 13.066
292, 12.857
291, 12.724
293, 12.626
293, 12.821
294, 12.679
294, 12.791
292, 12.883
292, 12.827
292, 12.73
291, 12.881
291, 12.8
293, 13.191
293, 12.553
294, 12.771
292, 13.67
294, 13.065
295, 12.471
295, 12.868
293, 12.88
293, 12.725
293, 12.561
292, 12.874
292, 12.875
294, 12.984
294, 12.502
295, 13.477
293, 13.695
295, 13.099
296, 12.514
296, 11.485
294, 12.77
294, 12.823
294, 12.822
293, 13.275
293, 13.137
295, 12.828
295, 12.884
294, 12.858
296, 12.973
296, 12.84
297, 12.874
297, 13.088
295, 13.047
295, 13.215
295, 13.138
294, 13.144
294, 12.766
296, 12.811
296, 12.969
295, 12.844
297, 12.79
297, 13.239
298, 12.558
298, 12.766
296, 13.099
296, 12.696
296, 12.87
295, 12.901
297, 12.949
295, 12.841
297, 12.764
296, 13.013
298, 12.718
298, 13.8
299, 12.685
299, 12.491
297, 13.045
297, 12.577
297, 13.056
296, 13.404
298, 12.57
296, 13.752
298, 12.74
297, 13.845
299, 12.661
299, 13.667
300, 12.844
300, 12.424
298, 13.056
298, 12.589
298, 12.972
297, 13.151
299, 12.725
297, 12.862
299, 12.576
298, 12.676
301, 13.028
300, 13.124
300, 13.478
301, 13.354
299, 13.035
299, 13.27
299, 12.609
298, 13.404
300, 12.707
300, 12.699
298, 12.796
299, 12.671
301, 12.73
302, 12.894
302, 12.891
301, 13.229
300, 12.969
300, 12.868
300, 12.985
299, 12.944
301, 12.686
299, 12.755
301, 12.927
300, 12.712
302, 12.812
303, 13.041
303, 13.299
302, 13.145
301, 12.962
301, 12.757
301, 12.763
300, 13.217
302, 13.141
300, 12.64
302, 12.506
301, 12.733
304, 12.7
303, 12.766
304, 12.498
303, 13.793
302, 13.02
302, 12.588
301, 13.197
302, 12.962
303, 12.86
301, 12.724
303, 12.445
302, 12.953
305, 13.252
304, 12.755
305, 13.653
304, 12.989
303, 13.286
303, 12.455
303, 12.656
302, 13.67
304, 12.664
302, 12.741
304, 12.433
306, 12.921
303, 12.916
305, 12.568
306, 13.4
305, 13.145
304, 13.237
304, 12.756
304, 12.883
305, 12.755
303, 13.34
303, 13.39
305, 12.564
307, 12.859
304, 12.724
306, 13.014
307, 12.955
306, 12.898
305, 13.101
305, 12.669
305, 12.704
306, 12.719
306, 12.861
304, 14.104
304, 13.977
308, 12.875
305, 12.947
307, 12.951
308, 12.892
307, 13.013
306, 12.858
306, 12.796
306, 12.402
307, 12.279
305, 12.214
307, 12.093
305, 12.56
309, 12.616
306, 11.979
308, 11.934
309, 11.961
308, 12.237
307, 12.367
307, 13.804
308, 11.919
307, 12.269
308, 11.887
306, 12.238
306, 11.902
310, 12.497
307, 12.173
309, 12.242
310, 12.551
309, 11.799
308, 12.528
308, 11.773
308, 11.958
309, 12.22
309, 11.874
307, 12.368
307, 12.025
308, 12.027
311, 12.85
310, 12.972
311, 11.94
310, 12.08
309, 12.238
309, 12.287
309, 11.958
310, 12.175
310, 11.779
308, 11.929
308, 12.254
309, 12.489
312, 12.558
311, 12.36
312, 11.887
311, 11.844
310, 12.123
310, 11.897
310, 12.038
311, 11.813
311, 12.259
309, 12.299
309, 12.27
310, 12.126
313, 12.177
313, 11.769
312, 11.919
312, 12.306
311, 12.246
311, 11.94
312, 11.692
311, 12.006
312, 12.336
310, 12.247
310, 12.432
311, 12.163
314, 12.272
313, 12.898
314, 12.986
313, 11.916
312, 12.021
312, 11.897
313, 11.877
312, 11.978
313, 12.04
311, 12.515
311, 12.028
315, 12.177
312, 12.53
314, 11.914
315, 12.11
314, 11.843
313, 12.872
313, 12.42
314, 11.839
313, 12.325
314, 12.388
312, 11.991
312, 12.616
316, 12.521
313, 12.017
315, 11.914
316, 12.313
315, 12.263
314, 12.196
314, 11.829
315, 11.878
314, 11.863
315, 12.624
313, 12.271
313, 13.12
317, 12.735
314, 12.604
316, 13.203
317, 12.291
316, 12.61
315, 12.762
315, 12.162
316, 12.177
315, 12.338
316, 12.474
314, 12.451
314, 12.6
318, 12.605
315, 12.72
317, 12.66
318, 12.812
317, 12.194
316, 12.699
316, 12.557
317, 12.617
316, 12.644
317, 12.687
315, 12.499
315, 12.413
319, 12.338
316, 12.386
318, 12.258
319, 12.166
318, 12.885
317, 12.963
317, 12.847
318, 12.365
318, 12.325
317, 12.554
316, 12.861
316, 12.412
320, 12.544
317, 12.374
319, 12.255
320, 12.211
319, 12.961
318, 12.935
318, 12.744
319, 12.477
319, 12.656
318, 12.305
321, 12.348
317, 12.529
317, 12.443
318, 12.379
320, 12.212
321, 12.484
320, 12.682
319, 12.614
319, 12.591
320, 12.471
319, 12.453
320, 12.464
322, 12.584
318, 12.791
318, 12.644
319, 12.38
322, 12.089
321, 12.302
321, 12.133
320, 12.825
320, 12.231
321, 12.346
321, 12.911
320, 12.848
323, 12.559
319, 12.482
320, 12.482
319, 12.819
322, 12.23
323, 12.435
322, 12.204
321, 13.153
321, 12.449
322, 12.533
322, 12.315
321, 12.653
324, 12.686
320, 12.844
321, 12.521
320, 12.547
323, 12.428
324, 12.4
323, 12.208
322, 13.263
322, 12.689
323, 12.229
323, 12.3
322, 12.296
325, 12.438
321, 12.857
322, 12.555
324, 12.414
321, 12.778
325, 12.38
324, 12.167
323, 12.943
323, 12.516
324, 12.307
324, 12.365
323, 12.231
326, 12.532
322, 12.644
323, 12.794
325, 12.625
326, 12.139
322, 12.723
325, 12.32
324, 12.824
324, 12.549
325, 12.195
325, 12.34
324, 12.579
327, 12.398
323, 12.875
324, 12.359
326, 12.569
327, 12.304
323, 12.991
326, 12.366
325, 13.176
325, 12.23
326, 12.594
326, 12.739
325, 12.223
328, 12.318
325, 12.385
324, 12.602
328, 12.192
327, 12.263
324, 12.795
327, 12.216
326, 12.668
326, 12.751
327, 12.343
327, 12.491
326, 12.222
329, 12.386
326, 12.394
329, 12.243
325, 12.789
328, 12.215
328, 12.404
325, 12.933
327, 12.605
327, 12.124
328, 12.466
328, 12.521
327, 12.469
330, 12.369
327, 12.48
330, 12.228
326, 12.463
329, 13.01
326, 12.211
329, 12.356
328, 13.069
328, 12.863
329, 12.191
329, 12.587
328, 12.428
331, 12.816
328, 12.461
331, 12.263
327, 12.644
330, 12.906
327, 12.387
330, 12.737
329, 14.543
329, 13.861
330, 12.797
330, 12.623
329, 12.69
332, 13.366
329, 12.979
332, 12.841
328, 13.075
331, 13.816
328, 13.322
331, 13.141
330, 13.548
330, 13.937
331, 12.624
330, 12.638
331, 12.799
333, 14.528
330, 13.059
333, 12.961
329, 12.868
329, 13.026
332, 13.174
332, 12.746
331, 13.649
331, 12.733
332, 12.907
332, 13.191
331, 13.814
334, 12.728
331, 12.816
334, 12.519
330, 13.383
330, 12.766
333, 12.838
333, 13.177
332, 13.262
332, 12.522
333, 13.038
332, 13.047
333, 13.053
335, 13.352
332, 12.988
335, 13.247
331, 13.974
331, 13.222
334, 12.595
334, 12.725
333, 14.74
333, 13.366
334, 12.722
334, 13.028
333, 12.959
336, 14.173
336, 12.531
333, 12.879
332, 13.213
332, 13.375
335, 13.052
335, 13.792
334, 13.435
334, 12.876
335, 12.662
334, 12.8
335, 12.93
337, 12.875
337, 12.894
334, 13.309
333, 13.16
333, 13.481
336, 13.172
336, 13.944
335, 14.675
335, 13.883
336, 13.645
336, 12.885
335, 13.096
338, 12.903
338, 12.616
335, 12.798
334, 14.142
334, 12.995
337, 13.671
337, 14.318
336, 13.004
336, 13.205
337, 12.699
337, 12.902
336, 12.933
339, 13.243
339, 12.898
336, 12.994
335, 14.751
335, 13.622
338, 13.477
338, 13.828
337, 12.832
337, 12.878
338, 13.245
338, 12.72
337, 13.037
340, 12.744
340, 12.586
337, 13.168
336, 13.009
339, 12.713
336, 13.248
338, 13.595
339, 13.244
338, 13.864
339, 12.712
339, 12.979
338, 12.618
341, 13.381
341, 13.057
338, 14.729
337, 13.815
340, 13.194
339, 12.972
337, 13.385
340, 12.865
339, 12.966
340, 12.718
340, 12.784
339, 13.269
342, 12.847
342, 13.621
339, 14.409
338, 13.724
341, 13.288
340, 13.667
338, 13.369
341, 13.081
340, 13.684
341, 12.913
341, 13.453
340, 13.092
343, 12.816
343, 12.759
340, 12.909
339, 12.971
342, 12.818
341, 13.146
342, 12.804
339, 13.123
341, 13.233
342, 13.374
342, 12.944
341, 12.867
344, 13.111
344, 12.991
341, 12.844
340, 12.964
342, 12.948
343, 12.799
343, 13.19
340, 13.314
342, 12.912
343, 14.377
343, 13.377
342, 13.394
345, 12.993
345, 14.543
342, 12.905
341, 13.724
344, 12.749
343, 12.9
344, 12.685
341, 13.635
343, 13.633
344, 13.348
344, 12.999
343, 13.147
346, 13.002
346, 12.813
343, 13.125
342, 13.034
345, 12.741
345, 12.666
344, 12.885
342, 13.319
344, 13.137
345, 12.787
345, 13.005
344, 12.84
347, 13.023
347, 13.043
344, 13.891
343, 14.024
346, 13.852
346, 12.72
345, 12.755
343, 12.938
345, 12.736
346, 12.695
346, 12.867
345, 13.061
348, 13.182
348, 13.045
345, 12.961
347, 12.784
347, 12.641
344, 13.815
346, 13.041
344, 12.94
346, 13.38
347, 12.862
347, 13.396
346, 12.83
349, 13.551
349, 13.799
346, 13.031
348, 12.739
348, 13.27
345, 13.417
347, 12.736
345, 12.975
347, 12.583
348, 12.483
348, 13.099
347, 12.945
350, 15.281
350, 13.127
347, 12.82
349, 12.654
349, 12.712
348, 12.912
346, 13.267
346, 12.762
348, 12.979
349, 13.116
349, 12.747
348, 13.163
351, 13.067
351, 13.03
348, 12.854
350, 13.069
349, 13.177
350, 12.959
347, 13.951
347, 12.832
349, 13.987
350, 12.762
349, 13.045
350, 14.706
352, 12.887
352, 12.905
349, 13.1
351, 12.792
351, 12.66
350, 13.029
348, 13.118
348, 12.957
350, 12.805
351, 12.667
350, 12.575
351, 13.299
353, 13.504
353, 12.271
350, 12.569
352, 12.392
352, 12.232
351, 12.912
349, 12.667
349, 12.343
352, 12.213
351, 12.573
351, 13.592
352, 12.71
354, 12.508
354, 13.496
351, 12.54
353, 12.62
353, 12.477
352, 12.564
350, 12.692
350, 12.965
353, 12.59
352, 12.264
352, 12.201
353, 12.721
355, 12.551
355, 12.794
352, 12.714
354, 12.204
354, 12.211
353, 12.461
351, 12.757
354, 12.227
353, 12.391
351, 12.377
353, 12.572
354, 12.349
356, 12.507
356, 12.253
353, 12.555
355, 12.377
355, 12.595
354, 12.93
352, 12.614
355, 12.5
352, 12.257
354, 12.647
354, 12.26
355, 12.67
357, 13.165
357, 12.471
354, 12.63
356, 12.305
356, 12.571
355, 12.651
356, 12.109
353, 12.781
353, 12.433
355, 12.37
355, 12.486
356, 12.548
358, 13.111
358, 12.221
355, 12.528
357, 12.452
357, 12.493
356, 12.597
357, 12.33
354, 12.739
354, 12.517
356, 12.319
356, 12.296
357, 12.638
359, 13.351
359, 12.42
356, 12.456
358, 12.487
358, 12.5
357, 12.56
355, 12.567
358, 12.168
355, 12.591
357, 12.575
357, 12.493
358, 12.108
360, 12.43
360, 12.212
357, 12.594
359, 12.464
359, 12.951
358, 12.636
359, 12.377
356, 12.591
358, 12.133
358, 12.465
356, 12.45
359, 12.714
361, 12.323
361, 12.62
358, 12.588
360, 12.132
360, 12.207
359, 12.728
357, 12.502
360, 12.263
357, 12.296
360, 12.255
359, 12.947
359, 12.91
362, 12.612
362, 12.46
359, 12.598
361, 12.299
361, 12.575
360, 12.379
358, 13.011
361, 12.652
358, 12.701
360, 12.183
361, 12.856
360, 12.343
363, 12.608
363, 12.449
360, 12.549
362, 12.303
362, 12.309
361, 12.444
359, 12.649
362, 12.584
361, 12.284
361, 12.377
359, 12.91
362, 12.803
364, 12.331
364, 12.366
361, 12.69
363, 12.36
363, 12.422
362, 12.574
360, 12.654
363, 12.693
362, 12.351
362, 12.429
363, 12.248
360, 12.539
365, 13.247
365, 12.565
362, 12.464
364, 12.429
364, 12.406
363, 12.975
361, 12.546
364, 12.27
363, 12.388
363, 12.757
361, 12.551
366, 12.63
364, 13.091
366, 12.316
363, 13.065
365, 12.746
365, 12.275
364, 12.324
362, 12.513
365, 12.34
364, 12.585
364, 12.128
362, 12.258
365, 12.393
367, 12.99
367, 13.071
364, 12.895
366, 12.518
366, 12.25
365, 12.495
363, 12.527
366, 12.427
365, 12.444
365, 12.329
366, 12.258
363, 12.371
368, 12.905
368, 12.808
365, 12.517
367, 12.476
367, 12.679
366, 12.589
364, 12.592
367, 12.285
366, 12.292
366, 12.698
367, 12.365
369, 12.43
364, 12.37
369, 12.172
366, 12.699
368, 12.42
368, 12.82
367, 12.84
365, 12.527
368, 12.298
367, 12.186
367, 12.712
368, 12.657
370, 12.375
365, 12.483
370, 12.774
367, 16.092
369, 15.146
369, 13.716
366, 14.025
368, 13.729
369, 12.688
368, 13.834
368, 14.281
371, 14.303
369, 14.529
366, 14.22
371, 12.822
368, 13.736
370, 14.594
370, 13.368
369, 13.193
367, 15.703
370, 15.717
369, 16.263
369, 15.527
367, 13.645
372, 14.416
370, 13.186
372, 14.573
369, 14.117
371, 13.457
371, 13.708
370, 14.833
371, 12.869
368, 14.096
370, 13.447
370, 14.915
373, 13.327
371, 13.957
368, 16.692
373, 15.412
370, 15.514
372, 15.078
372, 13.995
371, 14.033
372, 14.164
369, 13.398
371, 13.022
371, 14.53
372, 13.292
374, 13.429
369, 14.993
374, 15.271
373, 14.316
371, 14.818
373, 13.009
370, 13.85
373, 13.141
372, 14.318
372, 12.829
372, 12.706
373, 14.472
375, 12.985
370, 12.815
375, 12.957
374, 12.743
372, 12.776
374, 12.893
371, 12.935
374, 12.61
373, 12.837
373, 13.223
373, 12.542
374, 12.632
376, 13.047
371, 12.764
376, 12.9
375, 12.651
373, 13.18
375, 12.843
372, 13.273
375, 12.837
374, 13.14
374, 12.541
374, 12.6
375, 12.747
377, 13.377
372, 13.144
377, 12.364
376, 12.75
374, 12.913
376, 13.304
376, 12.839
373, 14.414
375, 14.255
376, 13.248
375, 13.963
375, 13.77
373, 13.814
378, 13.554
377, 11.676
378, 28.547
375, 13.28
377, 13.871
377, 13.478
374, 13.853
376, 13.954
376, 13.432
376, 13.842
377, 13.284
379, 14.108
374, 13.583
378, 13.418
376, 13.749
378, 13.533
378, 13.14
375, 14.467
377, 13.929
378, 12.968
377, 13.708
377, 13.57
379, 21.04
380, 13.983
375, 13.261
379, 13.438
377, 13.67
379, 13.361
379, 13.409
376, 13.518
378, 14.867
379, 13.732
378, 14.562
378, 14.219
381, 13.116
376, 13.809
380, 13.467
380, 20.262
378, 13.603
380, 13.268
380, 13.032
377, 13.962
380, 13.751
379, 14.855
379, 14.775
379, 15.254
382, 14.386
377, 14.003
381, 13.812
379, 15.353
381, 13.161
381, 13.084
381, 13.2
378, 14.292
381, 13.363
380, 15.598
380, 13.79
380, 13.68
378, 13.77
383, 13.895
382, 13.335
380, 13.581
382, 13.841
382, 14.607
379, 14.243
381, 13.415
381, 13.739
382, 14.601
381, 14.036
382, 17.049
384, 13.425
379, 13.807
383, 13.775
381, 12.881
383, 14.351
383, 13.282
380, 14.897
382, 13.578
382, 13.301
382, 14.466
383, 13.885
385, 13.691
383, 13.106
380, 14.118
384, 13.546
382, 13.495
384, 13.532
384, 13.12
381, 13.799
383, 13.567
383, 13.973
384, 13.271
383, 14.391
386, 13.347
384, 13.486
381, 13.191
385, 13.588
385, 15.069
385, 15.324
383, 13.321
382, 14.405
384, 12.971
385, 13.565
384, 16.016
384, 16.244
387, 15.398
385, 14.368
382, 14.937
386, 13.829
386, 13.078
384, 13.947
386, 14.87
383, 14.442
385, 14.676
388, 14.825
386, 15.656
385, 15.971
385, 13.413
386, 12.95
383, 13.132
387, 14.407
387, 13.52
385, 14.272
387, 14.864
384, 13.868
389, 13.157
387, 14.546
386, 14.312
386, 15.083
386, 15.994
387, 14.897
384, 13.582
388, 14.001
388, 13.644
386, 14.226
388, 13.546
385, 13.38
390, 14.981
387, 15.764
388, 14.226
387, 13.779
387, 14.16
388, 13.606
385, 14.364
389, 14.532
389, 13.747
387, 14.216
389, 13.546
386, 14.463
391, 13.85
389, 14.087
388, 13.921
388, 15.881
388, 16.046
389, 13.626
386, 13.544
390, 14.315
390, 13.028
388, 13.778
390, 13.866
392, 13.005
387, 14.814
390, 14.428
389, 14.152
389, 13.411
389, 13.24
390, 15.895
387, 14.798
391, 14.448
391, 14.396
391, 12.94
389, 13.407
388, 13.634
393, 13.772
390, 13.005
391, 14.636
390, 14.117
390, 13.799
391, 16.324
388, 13.692
392, 15.199
392, 13.367
390, 14.424
392, 13.913
394, 13.802
389, 14.619
391, 14.436
392, 14.141
391, 13.364
391, 13.194
392, 15.093
389, 13.797
393, 14.753
393, 13.278
391, 14.181
393, 13.155
395, 13.226
390, 13.087
392, 13.385
393, 13.401
392, 13.151
392, 13.592
393, 14.044
390, 13.084
394, 12.422
392, 12.364
394, 12.225
394, 12.336
396, 12.578
391, 12.609
393, 12.372
394, 12.582
393, 12.422
393, 12.561
394, 12.56
391, 12.314
395, 11.461
395, 12.266
393, 12.744
395, 12.229
397, 12.274
392, 12.637
394, 12.28
395, 12.764
394, 12.69
394, 12.401
395, 12.657
392, 12.33
396, 12.429
396, 12.262
394, 13.017
396, 12.936
398, 12.217
393, 12.56
395, 12.289
396, 12.76
395, 12.554
395, 12.631
396, 12.697
393, 12.34
397, 12.484
397, 12.292
395, 12.375
399, 12.248
397, 12.651
394, 12.59
396, 12.482
396, 12.792
397, 12.672
396, 12.642
394, 12.392
397, 12.748
398, 12.853
398, 12.239
396, 12.621
400, 12.217
398, 12.368
395, 13.239
397, 12.254
397, 12.43
398, 12.276
397, 12.134
395, 12.856
398, 12.327
399, 13.227
399, 12.208
397, 12.696
401, 12.228
399, 12.266
396, 12.739
398, 12.208
398, 12.34
399, 12.556
398, 12.151
399, 12.467
396, 12.711
400, 12.212
400, 12.229
402, 12.201
398, 12.8
400, 12.42
397, 12.837
399, 12.729
400, 12.376
399, 12.706
399, 12.539
400, 12.381
397, 12.465
401, 12.268
401, 12.29
403, 12.546
401, 12.775
399, 13.023
398, 12.589
400, 12.279
401, 12.572
400, 12.387
400, 13.126
401, 12.589
398, 12.805
402, 12.642
402, 12.681
404, 12.177
402, 12.197
400, 12.491
399, 12.532
401, 12.276
402, 11.658
401, 12.33
401, 13.349
402, 12.84
399, 12.423
403, 12.623
403, 12.568
405, 12.552
403, 12.376
401, 12.633
400, 12.394
402, 12.947
403, 12.559
402, 12.353
402, 12.67
403, 12.671
400, 12.299
404, 12.232
404, 12.221
406, 12.287
404, 12.217
402, 12.45
401, 13.106
403, 12.59
404, 12.483
403, 12.182
403, 12.86
404, 12.478
401, 13.156
405, 12.595
405, 12.258
407, 12.465
405, 12.23
403, 12.419
402, 12.879
404, 12.638
405, 12.724
404, 12.324
404, 12.52
405, 12.477
402, 12.314
406, 12.539
406, 12.684
408, 12.538
406, 12.311
404, 12.69
403, 12.455
405, 12.929
406, 12.809
405, 12.381
405, 12.428
406, 12.644
403, 12.619
407, 12.488
409, 12.536
407, 12.635
407, 12.175
405, 12.5
404, 11.202
406, 12.577
407, 12.488
406, 12.383
406, 13.305
407, 13.364
404, 12.291
408, 12.296
410, 12.239
408, 12.747
408, 12.489
406, 12.845
405, 12.674
407, 12.598
408, 12.651
407, 12.601
408, 12.358
407, 12.515
405, 12.863
409, 12.79
411, 12.443
409, 12.514
409, 12.549
407, 12.802
406, 13.077
409, 12.427
408, 12.284
408, 12.373
409, 12.355
408, 12.701
406, 12.719
410, 12.361
412, 12.518
410, 12.362
410, 12.868
408, 12.454
407, 13.394
409, 12.37
409, 12.812
410, 12.642
409, 12.599
410, 12.715
407, 12.31
411, 12.124
413, 12.29
411, 12.501
411, 12.373
409, 12.229
408, 13.032
410, 12.269
411, 12.329
411, 12.334
410, 12.623
410, 12.629
408, 12.298
412, 12.637
414, 12.246
412, 12.259
412, 12.463
410, 12.706
409, 13.272
411, 12.122
412, 12.388
412, 12.332
411, 12.484
411, 12.767
409, 12.291
413, 12.996
415, 12.386
413, 12.256
413, 12.071
411, 12.732
412, 12.818
413, 12.205
410, 13.196
413, 12.742
412, 12.631
412, 12.3
410, 12.336
414, 12.786
416, 12.473
414, 12.353
414, 12.109
412, 12.682
413, 12.674
414, 12.484
414, 12.461
411, 13.021
413, 12.395
413, 12.802
411, 12.708
415, 12.676
417, 12.712
415, 13.976
415, 13.443
413, 13.559
414, 14.11
415, 14.467
415, 13.492
414, 13.27
414, 14.524
412, 17.459
412, 14.517
416, 15.223
418, 14.378
416, 15.342
416, 13.717
414, 14.509
415, 13.877
416, 13.934
416, 14.441
415, 14.355
415, 14.113
413, 14.778
413, 14.52
417, 14.028
419, 14.909
417, 14.132
417, 15.435
415, 14.159
416, 14.443
417, 14.147
417, 14.254
416, 13.974
416, 14.649
414, 14.454
414, 14.256
418, 14.166
420, 13.787
418, 14.679
418, 14.432
416, 14.812
417, 13.885
418, 14.829
418, 14.203
417, 13.879
417, 14.842
415, 14.265
415, 14.042
419, 14.318
421, 14.06
419, 13.634
419, 14.434
417, 15.067
418, 14.4
419, 14.141
419, 13.624
418, 13.908
418, 14.137
416, 14.037
420, 13.487
416, 14.204
422, 14.116
420, 13.578
420, 13.531
418, 13.775
419, 13.409
420, 14.126
420, 13.579
419, 13.924
419, 13.483
417, 13.878
421, 13.688
417, 13.569
423, 13.583
421, 13.517
421, 13.625
419, 13.696
420, 13.644
421, 13.756
421, 13.708
420, 14.277
420, 13.521
422, 13.438
418, 14.115
418, 13.529
424, 13.606
422, 13.433
422, 14.264
420, 13.482
421, 13.899
422, 13.715
422, 13.587
421, 13.692
421, 13.511
423, 13.865
419, 13.793
419, 14.118
423, 13.662
425, 14.653
423, 13.934
421, 13.573
422, 14.278
423, 13.873
423, 13.576
422, 13.802
422, 13.501
420, 13.606
424, 13.495
420, 13.828
424, 13.412
426, 13.364
424, 13.923
422, 14.007
424, 13.776
423, 14.029
424, 13.616
423, 13.805
423, 13.692
421, 14.132
425, 13.713
421, 14.251
425, 13.519
427, 13.956
425, 13.719
423, 13.7
425, 13.603
425, 13.616
424, 13.945
424, 13.704
424, 13.581
422, 13.548
426, 13.64
422, 14.505
426, 13.426
428, 13.855
426, 13.83
424, 13.745
426, 13.542
426, 13.499
425, 13.681
425, 13.618
423, 13.552
425, 13.509
427, 13.723
423, 14.605
427, 13.597
429, 13.442
427, 13.85
425, 14.057
427, 13.746
427, 14.161
426, 13.947
426, 14.036
424, 13.569
428, 13.675
426, 14.535
424, 13.833
428, 13.773
430, 13.407
428, 13.405
426, 13.917
428, 13.667
428, 14.31
427, 14.281
427, 13.914
425, 13.724
429, 13.49
427, 13.366
425, 13.966
429, 12.947
431, 13.272
429, 12.995
427, 13.318
429, 13.328
428, 13.031
429, 13.714
428, 13.558
426, 13.039
430, 13.138
428, 12.994
426, 14.387
430, 12.967
432, 13.328
430, 13.467
428, 13.241
430, 13.358
429, 12.861
430, 13.522
429, 13.734
427, 13.15
429, 13.237
431, 13.374
431, 13.194
427, 13.777
433, 13.24
431, 12.919
429, 13.31
431, 13.395
430, 13.641
431, 13.567
428, 13.176
430, 13.916
432, 13.092
430, 13.044
432, 12.996
428, 13.385
434, 12.904
432, 12.909
432, 13.579
430, 13.816
431, 13.672
432, 13.495
429, 13.116
431, 13.388
433, 13.437
431, 13.155
433, 13.083
429, 13.759
435, 13.152
433, 13.009
433, 13.812
431, 13.506
432, 13.276
433, 13.526
430, 13.182
432, 13.789
434, 13.194
432, 12.988
434, 13.132
430, 13.37
436, 13.07
434, 13.227
434, 13.64
432, 13.36
433, 13.633
434, 13.639
431, 13.2
435, 13.723
433, 13.819
433, 13.36
435, 13.061
431, 13.237
437, 13.056
435, 12.89
435, 13.269
433, 13.771
434, 13.146
435, 13.462
432, 13.356
436, 13.342
434, 13.571
434, 13.479
436, 13.239
432, 13.732
438, 13.47
436, 13.063
436, 13.071
434, 13.465
435, 13.097
436, 12.828
433, 12.745
437, 12.459
435, 12.269
435, 12.862
437, 12.316
433, 13.13
439, 12.37
437, 12.556
437, 12.494
435, 12.661
436, 12.49
437, 12.588
434, 12.291
438, 12.231
436, 12.912
436, 12.371
438, 12.387
434, 12.537
440, 12.214
438, 12.166
438, 12.439
436, 12.374
437, 12.657
438, 12.597
439, 12.23
435, 12.535
437, 13.228
437, 12.763
439, 12.514
435, 12.914
441, 12.405
439, 12.284
439, 12.404
437, 12.431
438, 12.53
439, 12.487
440, 12.559
436, 12.645
438, 12.186
438, 12.381
440, 12.253
436, 12.658
442, 13.315
440, 12.061
440, 12.385
438, 12.399
439, 12.136
440, 12.287
441, 12.361
439, 12.212
437, 12.456
439, 12.701
441, 13.091
437, 12.912
443, 12.451
441, 12.767
441, 12.611
439, 12.49
440, 12.542
441, 12.423
440, 12.569
442, 12.74
438, 12.455
440, 12.715
442, 12.645
438, 12.6
444, 12.772
442, 12.213
442, 12.388
440, 12.533
441, 12.53
442, 12.487
441, 12.413
443, 12.689
439, 12.649
443, 12.287
441, 12.703
439, 12.487
443, 12.121
445, 13.34
443, 12.451
441, 12.539
442, 12.284
443, 12.649
442, 12.434
444, 12.202
440, 12.546
444, 12.728
442, 12.958
440, 12.986
444, 12.085
446, 12.237
444, 12.405
442, 12.497
443, 12.223
444, 12.52
445, 12.522
443, 12.375
441, 12.622
445, 12.454
443, 12.768
441, 12.917
445, 12.029
447, 12.271
445, 12.732
443, 12.553
444, 12.343
445, 12.409
446, 12.229
444, 12.326
442, 12.563
444, 12.559
446, 12.469
442, 13.44
446, 12.095
448, 12.148
446, 12.843
444, 12.545
445, 12.607
446, 12.23
447, 12.314
445, 12.347
445, 12.46
443, 12.494
447, 12.883
447, 12.167
443, 13.088
449, 12.182
445, 12.498
447, 13.124
446, 12.222
447, 12.763
446, 12.27
448, 12.362
446, 12.633
444, 12.388
448, 12.458
448, 13.345
450, 12.184
444, 12.464
446, 12.416
448, 12.475
447, 12.663
448, 12.251
447, 12.519
449, 12.324
447, 12.601
445, 12.354
449, 13.034
451, 12.209
449, 12.681
445, 12.384
447, 12.643
449, 13.268
448, 12.964
449, 14.584
448, 12.915
450, 13.522
448, 14.353
446, 13.624
446, 13.198
450, 13.696
450, 15.056
452, 13.951
448, 13.078
450, 13.147
449, 13.013
450, 14.202
449, 13.184
451, 12.82
447, 13.048
449, 13.596
451, 13.446
447, 14.796
451, 14.217
453, 15.467
449, 13.144
451, 13.316
451, 13.472
450, 13.039
450, 13.376
452, 13.118
448, 13.075
450, 14.274
448, 14.126
452, 13.359
450, 13.136
452, 13.542
454, 15.217
452, 13.957
452, 12.945
451, 12.863
451, 14.139
453, 14.18
451, 13.435
449, 13.771
449, 14.258
453, 14.213
451, 13.48
453, 13.698
455, 12.905
453, 13.951
452, 13.099
453, 14.092
452, 13.181
454, 15.199
450, 13.875
454, 12.922
452, 14.224
452, 14.456
450, 14.105
456, 13.751
454, 14.668
454, 13.036
453, 13.765
454, 14.938
453, 15.486
455, 14.376
451, 12.997
453, 14.131
453, 13.265
455, 15.36
451, 15.19
457, 13.792
455, 13.644
455, 14.788
454, 13.492
455, 15.127
454, 15.229
456, 13.038
454, 13.591
456, 13.142
452, 17.821
452, 14.983
458, 12.964
454, 16.803
456, 13.171
456, 14.762
455, 14.821
456, 13.319
455, 13.356
457, 15.214
455, 14.44
457, 14.329
453, 13.589
455, 13.418
453, 13.632
459, 14.897
457, 14.198
457, 13.831
456, 13.275
457, 13.48
456, 13.788
458, 12.901
458, 13.829
456, 12.95
454, 12.887
456, 12.668
460, 12.718
454, 12.622
458, 12.627
458, 12.548
457, 11.956
458, 12.248
457, 12.213
459, 12.465
459, 11.819
457, 12.53
455, 12.899
457, 12.294
461, 12.337
455, 13.331
459, 12.341
459, 12.496
458, 12.297
459, 12.594
458, 12.502
460, 12.316
460, 12.111
458, 12.305
456, 12.587
462, 12.106
458, 13.013
456, 12.742
460, 12.609
460, 12.44
459, 12.521
460, 12.609
459, 12.49
461, 12.415
461, 12.167
459, 12.586
463, 12.136
457, 12.697
459, 12.776
457, 13.02
461, 12.672
461, 12.703
460, 12.17
461, 12.586
460, 12.384
462, 12.62
462, 12.912
460, 12.296
464, 12.013
458, 12.406
460, 12.69
458, 12.7
462, 12.41
462, 12.392
461, 12.297
462, 12.449
461, 12.79
463, 12.331
463, 12.153
461, 12.391
465, 12.305
459, 12.259
461, 12.857
463, 12.424
463, 12.583
459, 13.2
462, 12.278
463, 12.425
462, 12.477
464, 12.673
464, 12.61
462, 12.819
466, 12.353
460, 12.43
462, 12.61
464, 12.705
464, 12.308
460, 12.767
463, 12.208
464, 12.573
463, 12.483
465, 12.305
465, 12.319
463, 12.659
467, 12.642
461, 12.98
463, 12.464
465, 12.357
465, 12.343
461, 12.693
464, 12.2
465, 12.434
464, 12.756
466, 12.496
466, 12.457
464, 12.512
468, 12.986
462, 12.435
464, 12.807
466, 12.937
466, 12.499
462, 12.715
465, 12.743
466, 12.381
465, 12.662
467, 12.408
467, 12.118
465, 12.401
469, 12.138
463, 13.004
465, 12.662
467, 12.441
467, 12.562
463, 12.93
466, 12.602
467, 12.44
466, 12.659
468, 12.039
468, 12.333
466, 12.774
470, 12.423
464, 12.219
466, 12.429
468, 12.451
464, 12.623
468, 13.129
467, 12.434
468, 12.303
467, 12.319
469, 12.273
469, 12.217
467, 12.626
465, 12.137
471, 12.329
467, 12.75
469, 12.439
465, 12.525
469, 12.787
468, 12.563
469, 12.417
470, 12.345
468, 12.286
470, 12.127
468, 12.313
466, 12.381
472, 12.353
468, 12.571
470, 12.361
466, 12.648
470, 12.41
469, 12.432
470, 12.636
471, 12.576
469, 12.431
471, 12.837
469, 12.784
467, 12.479
473, 12.188
471, 12.501
469, 12.509
467, 12.597
471, 12.368
470, 12.085
471, 12.606
470, 12.159
472, 12.398
472, 12.259
470, 12.776
468, 12.095
472, 12.395
474, 12.645
470, 12.588
468, 12.531
472, 12.304
471, 12.164
472, 12.444
471, 12.311
473, 12.162
473, 12.404
471, 12.567
469, 12.728
475, 12.416
473, 12.679
471, 12.385
469, 12.539
473, 12.338
472, 12.442
473, 12.747
472, 12.585
474, 12.2
474, 12.33
470, 12.397
472, 12.243
476, 12.475
474, 12.399
472, 12.611
470, 12.491
474, 12.675
473, 12.418
474, 12.438
475, 12.225
473, 12.512
475, 12.196
473, 12.22
471, 12.414
477, 12.213
475, 12.479
473, 13.002
475, 12.232
471, 13.37
474, 12.472
475, 12.318
476, 12.422
474, 12.139
476, 12.313
472, 12.213
474, 12.774
476, 12.269
478, 12.761
476, 12.167
472, 12.439
474, 12.883
475, 12.494
476, 12.247
477, 12.59
475, 12.57
477, 12.683
473, 12.464
475, 12.697
477, 12.341
479, 12.458
477, 12.576
473, 12.604
475, 12.508
476, 12.651
477, 12.408
478, 12.39
476, 12.446
478, 12.219
474, 13.2
476, 12.803
478, 12.458
480, 12.468
478, 12.15
474, 12.372
476, 12.606
478, 12.317
477, 12.381
479, 12.129
477, 12.457
479, 12.357
477, 11.118
479, 12.516
475, 13.099
481, 12.225
479, 12.78
477, 12.445
475, 12.869
479, 12.15
478, 11.369
480, 10.145
478, 10.058
480, 12.017
478, 9.509
476, 11.317
480, 12.367
480, 12.041
478, 11.05
476, 12.6
479, 13.408
480, 14.182
481, 13.843
479, 12.945
481, 13.299
479, 12.559
477, 11.423
481, 10.721
481, 9.111
479, 9.099
477, 10.287
481, 9.481
480, 8.397
480, 6.908
478, 7.31
480, 7.19
480, 7.466
478, 7.944
481, 7.048
481, 7.623
481, 6.686
479, 6.808
481, 7.021
479, 6.857
480, 6.7
480, 6.909
481, 6.799
481, 7.092