
#GA 4.1.0RePy - GRAPH 'min_quality' OPENED, 28.02.22-01:38:29#
0, -24.745247276325873
1, -21.99618502564046
2, -16.208826471653257
3, -20.27990405212364
4, -24.935557579389105
5, -24.95325492482264
6, -24.95692790748778
7, -24.374141623013593
8, -24.564261575352006
9, -24.9774782329111
10, -24.956892170876095
11, -24.182419563617923
12, -1.565081017593924
13, -23.440096246109274
14, -24.978240776237797
15, -24.988820062414728
16, -24.99044365825957
17, -24.78301194748454
18, -24.990445520554402
19, -6.251726424332459
20, -24.990777765680605
21, -24.993761913895625
22, -24.99349526136595
23, -24.99959541158093
24, -14.062803479103898
25, -1.5636027703062976
26, -24.94467336410056
27, -1.5632680837561934
28, -24.999988622703682
29, -1.562598177350437
30, -24.999608052138043
31, -6.250192651127063
32, -6.250059243654276
33, -24.999881513158105
34, -24.99960728075686
35, -24.999988416521283
36, -24.999989552403157
37, -6.249994394300864
38, -6.256301461030575
39, -24.999979653406292
40, -24.99999027434589
41, -1.5625024264054292
42, -24.999799557010345
43, -24.99999029150672
44, -24.99999469062972
45, -6.250005037533604
46, -24.9999961344296
47, -6.25000149850698
48, -24.999996247738423
49, -1.5625009369761362
50, -24.99999764290321
51, -24.9877921027085
52, -1.5625013742728524
53, -24.999998493102357
54, -24.99999765490017
55, -6.250382654162335
56, -24.224853499102853
57, -6.2500007450998885
58, -24.99999998269546
59, -24.99999993722076
60, -24.99999998321794
61, -24.999999878346806
62, -24.999999994848086
63, -6.250000007126579
64, -24.99999999559842
65, -24.999999994483417
66, -24.99999979837316
67, -24.999999995550812
68, -24.999999995428794
69, -24.999999994841797
70, -24.9999999970316
71, -24.99999999559824
72, -24.95117189536167
73, -24.999999997037285
74, -24.999999999950493
75, -24.999999997041442
76, -24.9999999970421
77, -24.99997615515502
78, -24.999999997042064
79, -0.3906264905100106
80, -24.999999997019415
81, -24.98779445663721
82, -24.999999998489635
83, -6.2500957414434675
84, -24.999999997769695
85, -24.9999999984969
86, -24.999999998497255
87, -6.250000000024844
88, -24.999999253437693
89, -1.5625476840915966
90, -6.250000002912491
91, -6.250004566417208
92, -24.999999999952447
93, -6.250095367820177
94, -1.5640262514471717
95, -6.250095367864691
96, -24.999999999952447
97, -24.99999999995211
98, -24.999999999953122
99, -6.446838378930055
100, -24.80183924812533
#GA 4.1.0RePy - GRAPH 'min_quality' OPENED, 28.02.22-01:39:49#
0, -23.281175740444993
1, -20.34097507789793
2, -23.125048528780418
3, -23.125048528772577
4, -15.491960073353304
5, -21.417485786299334
6, -8.145069106383804
7, -24.822225346083638
8, -24.456014769794752
9, -6.433099428276688
10, -24.654956804513837
11, -24.849977222276245
12, -9.878926831274072
13, -24.916455966576954
14, -0.4011451422032007
15, -6.326107374575074
16, -24.849474458773223
17, -24.91645587355497
18, -24.944454965344082
19, -24.99574427370374
20, -24.916361157474714
21, -24.9652058450241
22, -24.95055206812302
23, -24.99576474785101
24, -6.252109335013072
25, -6.251727439095272
26, -6.252120690707724
27, -24.996926958868208
28, -24.996548483904014
29, -6.247891401714169
30, -24.996545852360484
31, -24.996524740008937
32, -24.996926254351678
33, -6.251537386632781
34, -24.998813451164708
35, -24.899371375462245
36, -24.99957626722948
37, -6.250004728547622
38, -1.7640214943544714
39, -24.999990540005584
40, -6.2502136727637945
41, -6.250010690443981
42, -24.99999054873664
43, -24.999996870085035
44, -24.99999053716391
45, -1.5625015268072928
46, -24.999996497553774
47, -24.999999477768625
48, -6.250004543725458
49, -1.565554124378494
50, -8.813478640348253
51, -24.9999964989923
52, -1.5625008523102253
53, -24.999999899790897
54, -24.99847287750362
55, -24.999999851866068
56, -24.99999983874991
57, -6.250000261115696
58, -24.99999985320759
59, -24.999999905625856
60, -6.256105079127663
61, -24.99999994356161
62, -24.99999985304317
63, -21.97265615458842
64, -6.250000027320142
65, -24.974829280691342
66, -6.250000004082712
67, -24.999999991652828
68, -24.999999945633462
69, -24.999999946725442
70, -6.250000028184157
71, -24.99999999164448
72, -24.999999993318198
73, -24.999999994015933
74, -24.9999999685895
75, -24.999999994014477
76, -6.2500000029757
77, -24.99694832719495
78, -6.25000000117206
79, -24.999237059693012
80, -24.999999999150653
81, -24.999999992599626
82, -24.99999999874408
83, -24.99999999947148
84, -19.140624997804316
85, -6.250000000080777
86, -6.250000023341194
87, -6.25000000042486
88, -24.999999999883755
89, -24.999999997655298
90, -24.999999999883737
91, -24.999999999884466
92, -24.999999999883737
93, -24.999999999885
94, -24.99999999990651
95, -1.562500000023016
96, -1.5625000000290656
97, -24.999999627469816
98, -24.99999403944381
99, -24.999999999906493
100, -24.999999999906404
101, -6.250000000001181
102, -24.99999999999771
103, -24.99999999999746
104, -6.250000011732952
105, -24.999999999997353
106, -0.006105005834929278
107, -1.5625003728936981
108, -24.999999999998685
109, -24.999999067208226
110, -1.562500186264808
111, -24.999999999997353
112, -24.999999999998845
113, -24.99999999999961
114, -24.99999999853328
115, -24.999999906776633
116, -0.09765625000000999
117, -6.250000000003553
118, -24.99995231630603
119, -24.999999999998952
120, -1.5625000000227807
121, -24.99999925494161
122, -24.99999999999984
123, -24.99999999999984
124, -6.250381475547416
125, -24.999999999272333
126, -24.999999999999822
127, -24.99999999926878
128, -24.99999999999993
129, -24.99999999999984
130, -1.5686096714660165
131, -24.99999999999984
132, -6.25000000000102
133, -24.999999976716776
134, -24.99999999999984
135, -9.765625000000044
136, -6.446838378929476
137, -24.984742794412387
138, -24.999999999999858
139, -0.09765625000142941
140, -6.253052130341568
141, -24.999618531703867
142, -6.2499999999999645
143, -6.250000000000043
144, -1.5625000291052729
145, -6.250000000181936
146, -24.999999999999947
147, -1.5625000465661358
148, -6.2501907363184905
149, -24.999999999999964
150, -6.250000000000389
151, -6.250025343641285
152, -24.999999994173496
153, -24.99999999999993
154, -24.99999999990898
155, -24.999999627469478
156, -24.99999999999927
157, -24.999999999999947
158, -1.5640296061994234
159, -24.999999906685808
160, -1.562500058207677
161, -24.999999999999947
162, -24.999999999999947
163, -1.5747308731995782
164, -6.250000011641563
165, -0.09765625000000056
166, -24.999999999999964
167, -7.0556640748696875
168, -24.99999254941994
169, -24.999988078980504
170, -24.999999999999964
171, -24.99999999995401
172, -24.999999953411045
173, -24.99999999999412
174, -6.2500003725290485
175, -24.999999999999964
176, -0.09765625001208533
177, -24.999999999931788
178, -24.996924494922723
179, -24.99999999997442
180, -6.250023841880665
181, -6.250000000000003
182, -25.0
183, -1.5625000000001399
184, -6.446838426199977
185, -24.99847413782865
186, -24.999999999997105
187, -24.996946845288196
188, -24.99999999854479
189, -6.250000000000003
190, -24.998426462138816
191, -24.999999999999982
192, -0.3906250058207683
193, -24.99999849821821
194, -24.999999999806626
195, -24.97559189796437
196, -6.250000000000004
197, -24.999999997086775
198, -24.999999999999982
199, -6.250002980960383
200, -6.250001493026596
201, -0.6103534396985439
202, -24.999999999999964
203, -6.274437904358104
204, -6.250000000000713
205, -24.999999999999982
206, -6.250000000000006
207, -6.274437907456239
208, -24.999999627470952
209, -24.999999999909015
210, -1.5625119209548943
211, -24.999999999999947
212, -24.999999999999893
213, -6.250000000000028
214, -6.250000000193274
215, -6.250011920934641
216, -24.99999701976785
217, -25.0
218, -24.999999996724398
219, -24.99999403953586
220, -24.999999999999982
221, -1.763916015625007
222, -6.250000000000003
223, -1.562500000137158
224, -24.999994039535878
225, -6.25
226, -25.0
227, -6.250000000000003
228, -25.0
229, -24.999999999999645
230, -21.972656204894747
231, -24.9999999998181
232, -6.250000000002842
233, -24.99847414428585
234, -6.2500000000010685
235, -1.5625953688869676
236, -24.999999627457452
237, -6.250000000000091
238, -24.99999999999991
239, -9.765625
240, -6.250238420858523
241, -24.999999999999964
242, -25.0
243, -25.0
244, -25.0
245, -16.504022488721166
246, -25.0
247, -24.999999953433694
248, -6.27443790435791
249, -24.999999999977085
250, -25.0
251, -6.2501909225858645
252, -24.99999701976778
253, -6.250000000012794
254, -24.999999999999112
255, -24.99999999995305
256, -24.999999999999982
257, -24.99999999998863
258, -24.999999999999982
259, -24.9999999883471
260, -24.999999999999822
261, -24.999999999954525
262, -24.999999999999982
263, -24.999999999999982
264, -24.9999999970896
265, -6.250000000045482
266, -24.999999999999805
267, -24.99999997662597
268, -1.5625238426325845
269, -6.25000000018201
270, -24.999999999999822
271, -24.99999999999984
272, -6.250000000000004
273, -24.99999999854481
274, -25.0
275, -1.562500000000001
276, -24.999999999954508
277, -24.999999998510702
278, -25.0
279, -25.0
280, -24.99389685690403
281, -25.0
282, -24.999999999999982
283, -24.999998509883902
284, -24.999809265494815
285, -0.09765625036380066
286, -6.250000000045477
287, -24.999999999999822
288, -0.3908157581463456
289, -7.91874165370601
290, -24.998474144376814
291, -6.250000000000003
292, -24.999999999999627
293, -24.975401256597234
294, -0.10073184967041073
295, -24.99976153542341
296, -24.999999999999982
297, -9.826755523681646
298, -25.0
299, -25.0
300, -6.2503814759111505
301, -25.0
302, -6.446838378906254
303, -0.390625000363799
304, -6.250000002933131
305, -6.2500059612844465