
#GA 4.1.0RePy - GRAPH 'time_quality' OPENED, 28.02.22-12:56:27#
0, 0
1, 0
2, 0
3, 0
4, 0
5, 0
6, 0
7, 0
8, 0
9, 0
10, 0
11, 0
12, 0
13, 0
14, 0
15, 0
16, 0
17, 0
18, 0
19, 0
20, 0
21, 0
22, 0
23, 0
24, 0
25, 0
26, 0
27, 0
28, 0
29, 0
30, 0
31, 0
32, 0
33, 0
34, 0
35, 0
36, 0
37, 0
38, 0
39, 0
40, 0
41, 0
42, 0
43, 0
44, 0
45, 0
46, 0
47, 0
48, 0
49, 0
50, 0
51, 0
52, 0
53, 0
54, 0
55, 0
56, 0
57, 0
58, 0
59, 0
60, 0
61, 0
62, 0
63, 0
64, 0
65, 0
66, 0
67, 0
68, 0
69, 0
70, 0
71, 0
72, 0
73, 0
74, 0
75, 0
76, 0
77, 0
78, 0
79, 0
80, 0
81, 0
82, 0
83, 0
84, 0
85, 0
86, 0
87, 0
88, 0
89, 0
90, 0
91, 0
92, 0
93, 0
94, 0
95, 0
96, 0
97, 0
98, 0
99, 0
100, 0
#GA 4.1.0RePy - GRAPH 'time_quality' OPENED, 28.02.22-12:57:34#
0, 0
1, 0
2, 0
3, 0
4, 0
5, 0
6, 0
7, 0
8, 0
9, 0
10, 0
11, 0
12, 0
13, 0
14, 0
15, 0
16, 0
17, 0
18, 0
19, 0
20, 0
21, 0
22, 0
23, 0
24, 0
25, 0
26, 0
27, 0
28, 0
29, 0
30, 0
31, 0
32, 0
33, 0
34, 0
35, 0
36, 0
37, 0
38, 0
39, 0
40, 0
41, 0
42, 0
43, 0
44, 0
45, 0
46, 0
47, 0
48, 0
49, 0
50, 0
51, 0
52, 0
53, 0
54, 0
55, 0
56, 0
57, 0
58, 0
59, 0
60, 0
61, 0
62, 0
63, 0
64, 0
65, 0
66, 0
67, 0
68, 0
69, 0
70, 0
71, 0
72, 0
73, 0
74, 0
75, 0
76, 0
77, 0
78, 0
79, 0
80, 0
81, 0
82, 0
83, 0
84, 0
85, 0
86, 0
87, 0
88, 0
89, 0
90, 0
91, 0
92, 0
93, 0
94, 0
95, 0
96, 0
97, 0
98, 0
99, 0
100, 0
#GA 4.1.0RePy - GRAPH 'time_quality' OPENED, 28.02.22-12:58:31#
0, 0
1, 0
2, 0
3, 0
4, 0
5, 0
6, 0
7, 0
8, 0
9, 0
10, 0
11, 0
12, 0
13, 0
14, 0
15, 0
16, 0
17, 0
18, 0
19, 0
20, 0
21, 0
22, 0
23, 0
24, 0
25, 0
26, 0
27, 0
28, 0
29, 0
30, 0
31, 0
32, 0
33, 0
34, 0
35, 0
36, 0
37, 0
38, 0
39, 0
40, 0
41, 0
42, 0
43, 0
44, 0
45, 0
46, 0
47, 0
48, 0
49, 0
50, 0
51, 0
52, 0
53, 0
54, 0
55, 0
56, 0
57, 0
58, 0
59, 0
60, 0
61, 0
62, 0
63, 0
64, 0
65, 0
66, 0
67, 0
68, 0
69, 0
70, 0
71, 0
72, 0
73, 0
74, 0
75, 0
76, 0
77, 0
78, 0
79, 0
80, 0
81, 0
82, 0
83, 0
84, 0
85, 0
86, 0
87, 0
88, 0
89, 0
90, 0
91, 0
92, 0
93, 0
94, 0
95, 0
96, 0
97, 0
98, 0
99, 0
100, 0
#GA 4.1.0RePy - GRAPH 'time_quality' OPENED, 28.02.22-13:00:26#
0, 7240
1, 5719
2, 5598
3, 4814
4, 4692
5, 4691
6, 4968
7, 4883
8, 4742
9, 4675
10, 4398
11, 4302
12, 4266
13, 4314
14, 4187
15, 4254
16, 4187
17, 4322
18, 4250
19, 4307
20, 5699
21, 4877
22, 4501
23, 4340
24, 4375
25, 4352
26, 4413
27, 4344
28, 4321
29, 4385
30, 4227
31, 4298
32, 4335
33, 4230
34, 4200
35, 4422
36, 4494
37, 4257
38, 4215
39, 4217
40, 4230
41, 4251
42, 4301
43, 4272
44, 4232
45, 4230
46, 4266
47, 4195
48, 4378
49, 4303
50, 4244
51, 4243
52, 4273
53, 4255
54, 4422
55, 4213
56, 4334
57, 4250
58, 4293
59, 4232
60, 4247
61, 4259
62, 4274
63, 4248
64, 4178
65, 4285
66, 4180
67, 4169
68, 4226
69, 4182
70, 4810
71, 4513
72, 4201
73, 4257
74, 4211
75, 4213
76, 4265
77, 4301
78, 4265
79, 4206
80, 4272
81, 4211
82, 4244
83, 4242
84, 4268
85, 4267
86, 4225
87, 4192
88, 4233
89, 4342
90, 4201
91, 4312
92, 4212
93, 4226
94, 4193
95, 4205
96, 4158
97, 4245
98, 4200
99, 4231
100, 4217
#GA 4.1.0RePy - GRAPH 'time_quality' OPENED, 28.02.22-15:59:59#
0, 5588
1, 5809
2, 5257
3, 4960
4, 4794
5, 5180
6, 5214
7, 4902
8, 4835
9, 4882
10, 4586
11, 4540
12, 4534
13, 4536
14, 4506
15, 4640
16, 4505
17, 4517
18, 4451
19, 4546
20, 4500
21, 4615
22, 4534
23, 4500
24, 4481
25, 4370
26, 4436
27, 4487
28, 4528
29, 4355
30, 4448
31, 4429
32, 4551
33, 4852
34, 4769
35, 4664
36, 4466
37, 4523
38, 4572
39, 4688
40, 4558
41, 4616
42, 4531
43, 4574
44, 4505
45, 4507
46, 4473
47, 4486
48, 4572
49, 4456
50, 5336
51, 4370
52, 4420
53, 4424
54, 4381
55, 4369
56, 4423
57, 4465
58, 4516
59, 4440
60, 4532
61, 4429
62, 4747
63, 4680
64, 4530
65, 4518
66, 4525
67, 4497
68, 4462
69, 4500
70, 4487
71, 4498
72, 4577
73, 4492
74, 4503
75, 4476
76, 4501
77, 4478
78, 4505
79, 4403
80, 4381
81, 4371
82, 4462
83, 4399
84, 4484
85, 4372
86, 4377
87, 4418
88, 4352
89, 4404
90, 4444
91, 4378
92, 4392
93, 4382
94, 4414
95, 4386
96, 4598
97, 4487
98, 4514
99, 4509
100, 4430
#GA 4.1.0RePy - GRAPH 'time_quality' OPENED, 28.02.22-16:11:30#
0, 7262
1, 6711
2, 5888
3, 5480
4, 4834
5, 5152
6, 4684
7, 4686
8, 4608
9, 4689
10, 4412
11, 4363
12, 4346
13, 4375
14, 4341
15, 4429
16, 4527
17, 4410
18, 4365
19, 4308
20, 4346
21, 4193
22, 4286
23, 4240
24, 4285
25, 4358
26, 4374
27, 4330
28, 4275
29, 4445
30, 4317
31, 4297
32, 4387
33, 4376
34, 4427
35, 4409
36, 4370
37, 4475
38, 4368
39, 4451
40, 4307
41, 4373
42, 4345
43, 4395
44, 4381
45, 4392
46, 4215
47, 4315
48, 4375
49, 4218
50, 4652
51, 4421
52, 4445
53, 4422
54, 4430
55, 4344
56, 4358
57, 4275
58, 4379
59, 4370
60, 4292
61, 4347
62, 4286
63, 4299
64, 4359
65, 4356
66, 4318
67, 4290
68, 4521
69, 4490
70, 4494
71, 4373
72, 4346
73, 4314
74, 4396
75, 4296
76, 4238
77, 4356
78, 4251
79, 4324
80, 4238
81, 4297
82, 4373
83, 4825
84, 4341
85, 4278
86, 4396
87, 4352
88, 4469
89, 4407
90, 4432
91, 4349
92, 4290
93, 4302
94, 4328
95, 4251
96, 4239
97, 4319
98, 4241
99, 4406
100, 4256
#GA 4.1.0RePy - GRAPH 'time_quality' OPENED, 28.02.22-16:19:19#
0, 7842
1, 6550
2, 5703
3, 5548
4, 5053
5, 4651
6, 4778
7, 4720
8, 4827
9, 4822
10, 4504
11, 4449
12, 4428
13, 4361
14, 4439
15, 4441
16, 4361
17, 4360
18, 4368
19, 4354
20, 4388
21, 4363
22, 4270
23, 4210
24, 4304
25, 4240
26, 4219
27, 4214
28, 4313
29, 4254
30, 4334
31, 4283
32, 4364
33, 4282
34, 4221
35, 4296
36, 4249
37, 4341
38, 4276
39, 4260
40, 4237
41, 4416
42, 4396
43, 4322
44, 4224
45, 4434
46, 4210
47, 4273
48, 4355
49, 4229
50, 4269
51, 4365
52, 4236
53, 4412
54, 4294
55, 4282
56, 4322
57, 4211
58, 4314
59, 4211
60, 4271
61, 4286
62, 4269
63, 4241
64, 4242
65, 4317
66, 4247
67, 4247
68, 4197
69, 4256
70, 4201
71, 4348
72, 4209
73, 4364
74, 4252
75, 6063
76, 4213
77, 4332
78, 4336
79, 4350
80, 4310
81, 4340
82, 4428
83, 4344
84, 4325
85, 4411
86, 4398
87, 4339
88, 4295
89, 4364
90, 4266
91, 4309
92, 4241
93, 4230
94, 4367
95, 4253
96, 4286
97, 4236
98, 4210
99, 4247
100, 4244
#GA 4.1.0RePy - GRAPH 'time_quality' OPENED, 28.02.22-16:21:26#
#GA 4.1.0RePy - GRAPH 'time_quality' OPENED, 28.02.22-16:24:53#
0, 7.877
1, 6.796
2, 5.698
3, 5.532
4, 4.917
5, 5.249
6, 4.846
7, 4.914
8, 4.922
9, 5.026
10, 4.694
11, 4.73
12, 4.78
13, 4.471
14, 4.67
15, 4.667
16, 4.633
17, 4.606
18, 4.65
19, 4.595
20, 4.608
21, 4.566
22, 4.614
23, 4.693
24, 4.337
25, 4.517
26, 4.534
27, 4.581
28, 4.428
29, 4.547
30, 4.44
31, 4.536
32, 4.817
33, 4.72
34, 4.493
35, 4.341
36, 5.245
37, 4.735
38, 4.424
39, 4.602
40, 4.43
41, 4.65
42, 4.51
43, 4.536
44, 4.633
45, 4.545
46, 4.516
47, 4.792
48, 4.478
49, 4.609
50, 4.593
51, 4.548
52, 4.558
53, 4.511
54, 4.438
55, 4.477
56, 4.368
57, 4.655
58, 4.392
59, 4.681
60, 4.382
61, 4.338
62, 4.393
63, 4.675
64, 4.421
65, 4.88
66, 4.623
67, 4.624
68, 4.679
69, 4.68
70, 4.933
71, 4.59
72, 4.561
73, 4.515
74, 4.443
75, 4.505
76, 4.498
77, 4.492
78, 4.532
79, 4.652
80, 4.441
81, 4.358
82, 4.392
83, 4.305
84, 4.324
85, 4.496
86, 4.349
87, 4.564
88, 4.488
89, 4.448
90, 4.452
91, 4.507
92, 4.605
93, 4.506
94, 4.421
95, 4.412
96, 4.324
97, 4.395
98, 4.708
99, 4.72
100, 4.395
#GA 4.1.0RePy - GRAPH 'time_quality' OPENED, 01.03.22-14:43:39#
0, 292.3
1, 277.837
2, 294.587
3, 325.98
4, 286.831
5, 290.448
#GA 4.1.0RePy - GRAPH 'time_quality' OPENED, 01.03.22-19:53:09#
0, 134.325
1, 123.233
2, 144.204
3, 118.653
4, 124.876
5, 138.257
6, 168.556
7, 156.962
8, 172.124
9, 159.23
10, 125.913
11, 153.838
12, 179.485
13, 136.991
14, 125.386
15, 156.385
#GA 4.1.0RePy - GRAPH 'time_quality' OPENED, 01.03.22-20:14:52#
0, 124.154
1, 172.549
2, 167.119
3, 154.788
4, 225.112
5, 122.879
6, 131.832
7, 118.528
8, 128.716
9, 126.883
10, 138.321
11, 126.905
12, 128.126
13, 190.446
14, 177.79
15, 180.818
#GA 4.1.0RePy - GRAPH 'time_quality' OPENED, 01.03.22-20:29:27#
0, 3.994
1, 3.467
2, 3.127
3, 3.389
4, 2.991
5, 2.884
6, 2.916
7, 2.793
8, 2.468
9, 2.565
10, 2.401
11, 2.542
12, 2.398
13, 2.424
14, 2.377
15, 2.403
16, 2.376
17, 2.4
18, 2.378
19, 2.404
20, 2.287
21, 2.218
22, 2.201
23, 2.238
24, 2.277
25, 2.176
26, 2.187
27, 2.174
28, 2.202
29, 2.168
30, 2.17
31, 2.161
32, 2.166
33, 2.169
34, 2.179
35, 2.16
36, 2.168
37, 2.165
38, 2.162
39, 2.169
40, 2.239
41, 2.165
42, 2.378
43, 2.228
44, 2.37
45, 2.377
46, 2.161
47, 2.2
48, 2.156
49, 2.277
50, 2.263
51, 2.266
52, 2.269
53, 2.265
54, 2.272
55, 2.275
56, 2.267
57, 2.284
58, 2.282
59, 2.276
60, 2.27
61, 2.33
62, 2.112
63, 2.12
64, 2.188
65, 2.196
66, 2.131
67, 2.478
68, 2.225
69, 2.137
70, 2.31
71, 2.216
72, 2.183
73, 2.115
74, 2.11
75, 2.157
76, 2.159
77, 2.161
78, 2.164
79, 2.149
80, 2.163
81, 2.159
82, 2.166
83, 2.16
84, 2.204
85, 2.161
86, 2.165
87, 2.159
88, 2.198
89, 2.158
90, 2.234
91, 2.163
92, 2.157
93, 2.169
94, 2.159
95, 2.345
96, 2.158
97, 2.17
98, 2.157
99, 2.168
100, 2.164
#GA 4.1.0RePy - GRAPH 'time_quality' OPENED, 01.03.22-21:13:25#
0, 3.79
1, 3.28
2, 2.979
3, 3.245
4, 2.86
5, 2.752
6, 2.707
7, 2.679
8, 2.399
9, 2.434
10, 2.46
11, 2.305
12, 2.319
13, 2.293
14, 2.314
15, 2.294
#GA 4.1.0RePy - GRAPH 'time_quality' OPENED, 01.03.22-21:14:57#
0, 164.606
1, 149.569
2, 142.015
3, 146.283
4, 122.119
5, 157.417
6, 123.713
7, 171.966
8, 161.091
9, 156.602
10, 166.019
11, 175.412
12, 178.031
13, 177.913
14, 154.901
15, 178.811
#GA 4.1.0RePy - GRAPH 'time_quality' OPENED, 09.03.22-18:21:07#
0, 2.565
1, 2.257
2, 1.889
3, 1.944
4, 1.942
5, 1.739
6, 1.641
7, 1.589
8, 1.574
9, 1.644
10, 1.343
11, 1.186
12, 1.214
13, 1.234
14, 1.177
15, 1.181
16, 1.178
17, 1.167
18, 1.172
19, 1.17
20, 1.166
21, 1.171
22, 1.183
23, 1.176
24, 1.181
25, 1.176
26, 1.177
27, 1.171
28, 1.173
29, 1.177
30, 1.178
31, 1.175
32, 1.174
33, 1.164
34, 1.18
35, 1.165
36, 1.173
37, 1.171
38, 1.173
39, 1.169
40, 1.171
41, 1.172
42, 1.176
43, 1.176
44, 1.174
45, 1.168
46, 1.179
47, 1.181
48, 1.178
49, 1.222
50, 1.172
51, 1.175
52, 1.176
53, 1.173
54, 1.176
55, 1.177
56, 1.169
57, 1.168
58, 1.176
59, 1.177
60, 1.177
61, 1.406
62, 1.237
63, 1.323
64, 1.203
65, 1.189
66, 1.188
67, 1.187
68, 1.175
69, 1.179
70, 1.176
71, 1.181
72, 1.181
73, 1.179
74, 1.177
75, 1.175
76, 1.171
77, 1.188
78, 1.174
79, 1.179
80, 1.174
81, 1.184
82, 1.179
83, 1.185
84, 1.181
85, 1.176
86, 1.172
87, 1.177
88, 1.175
89, 1.166
90, 1.241
91, 1.18
92, 1.175
93, 1.166
94, 1.177
95, 1.174
96, 1.172
97, 1.169
98, 1.174
99, 1.173
100, 1.173
101, 1.166
#GA 4.1.0RePy - GRAPH 'time_quality' OPENED, 09.03.22-18:21:08#
0, 1.18
1, 1.175
2, 1.288
3, 1.183
4, 1.175
5, 1.176
6, 1.183
7, 1.174
8, 1.182
9, 1.189
10, 1.176
11, 1.17
12, 1.171
13, 1.18
14, 1.175
15, 1.166
16, 1.174
17, 1.182
18, 1.182
19, 1.212
20, 1.301
21, 1.189
22, 1.212
23, 1.216
24, 1.168
25, 1.166
26, 1.163
27, 1.172
28, 1.173
29, 1.174
30, 1.17
31, 1.175
32, 1.169
33, 1.172
34, 1.165
35, 1.171
36, 1.169
37, 1.171
38, 1.171
39, 1.17
40, 1.17
41, 1.165
42, 1.176
43, 1.166
44, 1.181
45, 1.176
46, 1.17
47, 1.166
48, 1.169
49, 1.167
50, 1.169
51, 1.167
52, 1.168
53, 1.168
54, 1.221
55, 1.14
56, 1.138
57, 1.134
58, 1.141
59, 1.137
60, 1.139
61, 1.143
62, 1.147
63, 1.135
64, 1.147
65, 1.138
66, 1.139
67, 1.136
68, 1.139
69, 1.154
70, 1.145
71, 1.134
72, 1.141
73, 1.135
74, 1.171
75, 1.166
76, 1.164
77, 1.165
78, 1.168
79, 1.166
80, 1.164
81, 1.17
82, 1.161
83, 1.168
84, 1.17
85, 1.173
86, 1.173
87, 1.167
88, 1.166
89, 1.17
90, 1.171
91, 1.168
92, 1.165
93, 1.175
94, 1.173
95, 1.173
96, 1.164
97, 1.168
98, 1.166
99, 1.167
100, 1.165
101, 1.167
#GA 4.1.0RePy - GRAPH 'time_quality' OPENED, 09.03.22-18:21:08#
0, 1.179
1, 1.175
2, 1.3
3, 1.181
4, 1.174
5, 1.182
6, 1.176
7, 1.177
8, 1.179
9, 1.173
10, 1.169
11, 1.175
12, 1.173
13, 1.171
14, 1.202
15, 1.265
16, 1.171
17, 1.175
18, 1.172
19, 1.169
20, 1.181
21, 1.176
22, 1.168
23, 1.192
24, 1.177
25, 1.169
26, 1.173
27, 1.175
28, 1.177
29, 1.176
30, 1.176
31, 1.177
32, 1.174
33, 1.172
34, 1.179
35, 1.182
36, 1.177
37, 1.176
38, 1.165
39, 1.164
40, 1.162
41, 1.175
42, 1.169
43, 1.167
44, 1.174
45, 1.169
46, 1.167
47, 1.168
48, 1.17
49, 1.166
50, 1.168
51, 1.167
52, 1.165
53, 1.17
54, 1.17
55, 1.175
56, 1.169
57, 1.177
58, 1.172
59, 1.176
60, 1.166
61, 1.166
62, 1.172
63, 1.167
64, 1.164
65, 1.174
66, 1.169
67, 1.164
68, 1.17
69, 1.138
70, 1.142
71, 1.136
72, 1.14
73, 1.14
74, 1.138
75, 1.141
76, 1.139
77, 1.149
78, 1.146
79, 1.131
80, 1.144
81, 1.146
82, 1.141
83, 1.151
84, 1.138
85, 1.138
86, 1.146
87, 1.135
88, 1.143
89, 1.17
90, 1.168
91, 1.162
92, 1.168
93, 1.165
94, 1.164
95, 1.174
96, 1.17
97, 1.169
98, 1.177
99, 1.188
100, 1.172
101, 1.171
#GA 4.1.0RePy - GRAPH 'time_quality' OPENED, 09.03.22-18:21:09#
0, 1.176
1, 1.178
2, 1.17
3, 1.182
4, 1.167
5, 1.174
6, 1.17
7, 1.178
8, 1.174
9, 1.212
10, 1.214
11, 1.179
12, 1.178
13, 1.185
14, 1.174
15, 1.182
16, 1.167
17, 1.174
18, 1.167
19, 1.179
20, 1.172
21, 1.178
22, 1.169
23, 1.177
24, 1.17
25, 1.177
26, 1.175
27, 1.177
28, 1.169
29, 1.169
30, 1.175
31, 1.175
32, 1.164
33, 1.278
34, 1.17
35, 1.164
36, 1.165
37, 1.172
38, 1.171
39, 1.167
40, 1.171
41, 1.164
42, 1.169
43, 1.172
44, 1.171
45, 1.163
46, 1.18
47, 1.171
48, 1.169
49, 1.225
50, 1.166
51, 1.175
52, 1.175
53, 1.187
54, 1.167
55, 1.17
56, 1.174
57, 1.167
58, 1.175
59, 1.173
60, 1.171
61, 1.172
62, 1.169
63, 1.176
64, 1.171
65, 1.172
66, 1.173
67, 1.178
68, 1.168
69, 1.173
70, 1.176
71, 1.171
72, 1.17
73, 1.177
74, 1.172
75, 1.176
76, 1.167
77, 1.169
78, 1.188
79, 1.174
80, 1.172
81, 1.171
82, 1.172
83, 1.174
84, 1.167
85, 1.173
86, 1.168
87, 1.17
88, 1.166
89, 1.167
90, 1.171
91, 1.172
92, 1.18
93, 1.172
94, 1.175
95, 1.178
96, 1.177
97, 1.163
98, 1.166
99, 1.174
100, 1.167
101, 1.163
#GA 4.1.0RePy - GRAPH 'time_quality' OPENED, 09.03.22-18:21:09#
0, 1.184
1, 1.191
2, 1.171
3, 1.232
4, 1.267
5, 1.196
6, 1.227
7, 1.277
8, 1.189
9, 1.187
10, 1.18
11, 1.176
12, 1.185
13, 1.181
14, 1.175
15, 1.181
16, 1.179
17, 1.174
18, 1.172
19, 1.166
20, 1.172
21, 1.175
22, 1.172
23, 1.163
24, 1.168
25, 1.177
26, 1.182
27, 1.181
28, 1.177
29, 1.172
30, 1.174
31, 1.178
32, 1.187
33, 1.174
34, 1.173
35, 1.173
36, 1.198
37, 1.179
38, 1.174
39, 1.143
40, 1.153
41, 1.148
42, 1.145
43, 1.182
44, 1.209
45, 1.144
46, 1.152
47, 1.153
48, 1.148
49, 1.151
50, 1.185
51, 1.148
52, 1.142
53, 1.14
54, 1.15
55, 1.142
56, 1.155
57, 1.148
58, 1.177
59, 1.173
60, 1.178
61, 1.173
62, 1.172
63, 1.167
64, 1.166
65, 1.177
66, 1.176
67, 1.172
68, 1.173
69, 1.181
70, 1.171
71, 1.163
72, 1.17
73, 1.171
74, 1.181
75, 1.177
76, 1.179
77, 1.326
78, 1.175
79, 1.175
80, 1.176
81, 1.164
82, 1.324
83, 1.162
84, 1.174
85, 1.17
86, 1.172
87, 1.165
88, 1.239
89, 1.163
90, 1.169
91, 1.179
92, 1.173
93, 1.172
94, 1.179
95, 1.627
96, 1.203
97, 1.204
98, 1.417
99, 1.244
100, 1.365
101, 1.351
#GA 4.1.0RePy - GRAPH 'time_quality' OPENED, 09.03.22-18:21:10#
0, 1.217
1, 1.223
2, 1.214
3, 1.377
4, 1.199
5, 1.199
6, 1.34
7, 1.218
8, 1.193
9, 1.32
10, 1.198
11, 1.207
12, 1.214
13, 1.199
14, 1.206
15, 1.211
16, 1.284
17, 1.207
18, 1.205
19, 1.48
20, 1.207
21, 1.203
22, 1.333
23, 1.211
24, 1.195
25, 1.204
26, 1.203
27, 1.208
28, 1.205
29, 1.202
30, 1.205
31, 1.205
32, 1.493
33, 1.463
34, 1.213
35, 1.311
36, 1.204
37, 1.204
38, 1.212
39, 1.213
40, 1.198
41, 1.193
42, 1.191
43, 1.198
44, 1.208
45, 1.325
46, 1.19
47, 1.202
48, 1.283
49, 1.188
50, 1.196
51, 1.329
52, 1.2
53, 1.193
54, 1.424
55, 1.201
56, 1.201
57, 1.358
58, 1.197
59, 1.197
60, 1.319
61, 1.206
62, 1.204
63, 1.356
64, 1.197
65, 1.206
66, 1.58
67, 1.221
68, 1.227
69, 1.267
70, 1.229
71, 1.233
72, 1.229
73, 1.235
74, 1.226
75, 1.231
76, 1.229
77, 1.228
78, 1.244
79, 1.245
80, 1.233
81, 1.249
82, 1.266
83, 1.221
84, 1.228
85, 1.197
86, 1.202
87, 1.205
88, 1.197
89, 1.205
90, 1.28
91, 1.214
92, 1.23
93, 1.201
94, 1.198
95, 1.203
96, 1.203
97, 1.199
98, 1.193
99, 1.205
100, 1.204
101, 1.205
#GA 4.1.0RePy - GRAPH 'time_quality' OPENED, 09.03.22-18:21:10#
0, 1.218
1, 1.21
2, 1.179
3, 1.184
4, 1.178
5, 1.18
6, 1.383
7, 1.184
8, 1.182
9, 1.419
10, 1.178
11, 1.181
12, 1.393
13, 1.184
14, 1.178
15, 1.189
16, 1.188
17, 1.187
18, 1.181
19, 1.269
20, 1.222
21, 1.208
22, 1.689
23, 1.229
24, 1.381
25, 1.203
26, 1.47
27, 1.277
28, 1.204
29, 1.253
30, 1.215
31, 1.208
32, 1.217
33, 1.213
34, 1.198
35, 1.318
36, 1.198
37, 1.197
38, 1.238
39, 1.244
40, 1.24
41, 1.246
42, 1.238
43, 1.243
44, 1.238
45, 1.238
46, 1.235
47, 1.242
48, 1.231
49, 1.228
50, 1.237
51, 1.274
52, 1.244
53, 1.227
54, 1.264
55, 1.248
56, 1.238
57, 1.326
58, 1.209
59, 1.22
60, 1.402
61, 1.202
62, 1.199
63, 1.396
64, 1.201
65, 1.203
66, 1.256
67, 1.229
68, 1.201
69, 1.259
70, 1.205
71, 1.21
72, 1.226
73, 1.212
74, 1.2
75, 1.211
76, 1.213
77, 1.21
78, 1.456
79, 1.217
80, 1.302
81, 1.284
82, 1.457
83, 1.207
84, 1.201
85, 1.286
86, 1.214
87, 1.205
88, 1.323
89, 1.208
90, 1.201
91, 1.386
92, 1.206
93, 1.198
94, 1.337
95, 1.21
96, 1.204
97, 1.442
98, 1.207
99, 1.214
100, 1.418
101, 1.2
#GA 4.1.0RePy - GRAPH 'time_quality' OPENED, 09.03.22-18:21:11#
0, 1.21
1, 1.453
2, 1.207
3, 1.213
4, 1.211
5, 1.213
6, 1.194
7, 1.223
8, 1.214
9, 1.221
10, 1.204
11, 1.363
12, 1.359
13, 1.351
14, 1.213
15, 1.204
16, 1.226
17, 1.21
18, 1.381
19, 1.21
20, 1.208
21, 1.312
22, 1.208
23, 1.209
24, 1.266
25, 1.207
26, 1.208
27, 1.241
28, 1.354
29, 1.233
30, 1.231
31, 1.272
32, 1.228
33, 1.235
34, 1.317
35, 1.229
36, 1.274
37, 1.249
38, 1.234
39, 1.233
40, 1.225
41, 1.244
42, 1.224
43, 1.237
44, 1.231
45, 1.246
46, 1.199
47, 1.191
48, 1.199
49, 1.207
50, 1.192
51, 1.201
52, 1.196
53, 1.205
54, 1.199
55, 1.198
56, 1.196
57, 1.209
58, 1.267
59, 1.191
60, 1.203
61, 1.287
62, 1.194
63, 1.192
64, 1.202
65, 1.193
66, 1.2
67, 1.212
68, 1.199
69, 1.285
70, 1.232
71, 1.437
72, 1.196
73, 1.199
74, 1.274
75, 1.201
76, 1.2
77, 1.456
78, 1.195
79, 1.199
80, 1.25
81, 1.197
82, 1.202
83, 1.247
84, 1.202
85, 1.2
86, 1.307
87, 1.192
88, 1.204
89, 1.197
90, 1.206
91, 1.21
92, 1.196
93, 1.199
94, 1.2
95, 1.2
96, 1.204
97, 1.205
98, 1.199
99, 1.243
100, 1.201
101, 1.233
#GA 4.1.0RePy - GRAPH 'time_quality' OPENED, 09.03.22-18:21:12#
0, 1.324
1, 1.243
2, 1.397
3, 1.428
4, 1.235
5, 1.259
6, 1.294
7, 1.314
8, 1.232
9, 1.237
10, 1.33
11, 1.238
12, 1.222
13, 1.321
14, 1.235
15, 1.234
16, 1.236
17, 1.231
18, 1.221
19, 1.235
20, 1.226
21, 1.23
22, 1.216
23, 1.317
24, 1.243
25, 1.238
26, 1.255
27, 1.231
28, 1.214
29, 1.229
30, 1.223
31, 1.227
32, 1.223
33, 1.225
34, 1.208
35, 1.211
36, 1.198
37, 1.2
38, 1.194
39, 1.201
40, 1.192
41, 1.188
42, 1.195
43, 1.192
44, 1.19
45, 1.194
46, 1.197
47, 1.194
48, 1.202
49, 1.207
50, 1.253
51, 1.208
52, 1.204
53, 1.203
54, 1.197
55, 1.208
56, 1.199
57, 1.201
58, 1.196
59, 1.26
60, 1.208
61, 1.208
62, 1.244
63, 1.239
64, 1.196
65, 1.201
66, 1.197
67, 1.201
68, 1.256
69, 1.205
70, 1.192
71, 1.246
72, 1.193
73, 1.198
74, 1.399
75, 1.222
76, 1.193
77, 1.202
78, 1.19
79, 1.406
80, 1.188
81, 1.438
82, 1.192
83, 1.214
84, 1.229
85, 1.205
86, 1.2
87, 1.251
88, 1.196
89, 1.197
90, 1.256
91, 1.212
92, 1.198
93, 1.268
94, 1.348
95, 1.417
96, 1.217
97, 1.22
98, 1.315
99, 1.206
100, 1.191
101, 1.203
#GA 4.1.0RePy - GRAPH 'time_quality' OPENED, 09.03.22-18:21:12#
0, 1.199
1, 1.203
2, 1.208
3, 1.223
4, 1.198
5, 1.219
6, 1.217
7, 1.4
8, 1.214
9, 1.213
10, 1.276
11, 1.229
12, 1.205
13, 1.213
14, 1.207
15, 1.227
16, 1.203
17, 1.216
18, 1.212
19, 1.217
20, 1.21
21, 1.211
22, 1.208
23, 1.22
24, 1.21
25, 1.211
26, 1.281
27, 1.204
28, 1.207
29, 1.372
30, 1.198
31, 1.212
32, 1.321
33, 1.217
34, 1.198
35, 1.332
36, 1.206
37, 1.411
38, 1.372
39, 1.211
40, 1.212
41, 1.209
42, 1.204
43, 1.213
44, 1.456
45, 1.207
46, 1.199
47, 1.27
48, 1.21
49, 1.25
50, 1.28
51, 1.502
52, 1.21
53, 1.208
54, 1.343
55, 1.208
56, 1.208
57, 1.258
58, 1.211
59, 1.208
60, 1.206
61, 1.211
62, 1.206
63, 1.207
64, 1.209
65, 1.207
66, 1.203
67, 1.348
68, 1.202
69, 1.207
70, 1.372
71, 1.219
72, 1.199
73, 1.448
74, 1.207
75, 1.209
76, 1.406
77, 1.198
78, 1.203
79, 1.423
80, 1.251
81, 1.245
82, 1.269
83, 1.242
84, 1.375
85, 1.499
86, 1.36
87, 1.392
88, 1.411
89, 1.236
90, 1.24
91, 1.358
92, 1.24
93, 1.249
94, 1.312
95, 1.249
96, 1.242
97, 1.302
98, 1.24
99, 1.236
100, 1.272
101, 1.24
#GA 4.1.0RePy - GRAPH 'time_quality' OPENED, 09.03.22-18:30:22#
0, 1.87
1, 2.278
2, 2.033
3, 1.836
4, 1.754
5, 1.699
6, 1.557
7, 1.524
8, 1.511
9, 1.502
10, 1.567
11, 1.503
12, 1.356
13, 1.171
14, 1.178
15, 1.178
16, 1.175
17, 1.173
18, 1.173
19, 1.168
20, 1.175
21, 1.171
22, 1.173
23, 1.166
24, 1.17
25, 1.172
26, 1.168
27, 1.213
28, 1.17
29, 1.168
30, 1.17
31, 1.161
32, 1.167
33, 1.165
34, 1.165
35, 1.16
36, 1.166
37, 1.162
38, 1.164
39, 1.166
40, 1.175
41, 1.162
42, 1.165
43, 1.164
44, 1.168
45, 1.167
46, 1.166
47, 1.159
48, 1.162
49, 1.16
50, 1.169
51, 1.164
52, 1.182
53, 1.161
54, 1.17
55, 1.164
56, 1.168
57, 1.166
58, 1.161
59, 1.16
60, 1.168
61, 1.162
62, 1.17
63, 1.163
64, 1.162
65, 1.164
66, 1.168
67, 1.163
68, 1.165
69, 1.161
70, 1.175
71, 1.163
72, 1.169
73, 1.163
74, 1.166
75, 1.168
76, 1.168
77, 1.165
78, 1.169
79, 1.168
80, 1.166
81, 1.165
82, 1.168
83, 1.163
84, 1.164
85, 1.163
86, 1.959
87, 1.51
88, 1.171
89, 1.18
90, 1.27
91, 1.163
92, 1.162
93, 1.166
94, 1.166
95, 1.16
96, 1.163
97, 1.165
98, 1.193
99, 1.188
100, 1.193
101, 1.192
#GA 4.1.0RePy - GRAPH 'time_quality' OPENED, 09.03.22-18:30:23#
0, 1.262
1, 1.207
2, 1.199
3, 1.19
4, 1.199
5, 1.214
6, 1.203
7, 1.199
8, 1.2
9, 1.219
10, 1.201
11, 1.193
12, 1.195
13, 1.203
14, 1.194
15, 1.16
16, 1.168
17, 1.173
18, 1.17
19, 1.163
20, 1.173
21, 1.166
22, 1.172
23, 1.16
24, 1.165
25, 1.168
26, 1.172
27, 1.161
28, 1.164
29, 1.166
30, 1.159
31, 1.162
32, 1.159
33, 1.166
34, 1.163
35, 1.165
36, 1.162
37, 1.166
38, 1.16
39, 1.165
40, 1.167
41, 1.166
42, 1.166
43, 1.169
44, 1.172
45, 1.169
46, 1.169
47, 1.169
48, 1.16
49, 1.176
50, 1.169
51, 1.167
52, 1.171
53, 1.175
54, 1.169
55, 1.167
56, 1.172
57, 1.172
58, 1.179
59, 1.164
60, 1.172
61, 1.232
62, 1.231
63, 1.183
64, 1.185
65, 1.168
66, 1.163
67, 1.166
68, 1.167
69, 1.179
70, 1.168
71, 1.167
72, 1.164
73, 1.17
74, 1.172
75, 1.169
76, 1.167
77, 1.171
78, 1.166
79, 1.179
80, 1.174
81, 1.17
82, 1.179
83, 1.17
84, 1.167
85, 1.172
86, 1.177
87, 1.174
88, 1.174
89, 1.166
90, 1.174
91, 1.175
92, 1.174
93, 1.176
94, 1.193
95, 1.174
96, 1.176
97, 1.17
98, 1.177
99, 1.174
100, 1.176
101, 1.164
#GA 4.1.0RePy - GRAPH 'time_quality' OPENED, 09.03.22-18:30:23#
0, 1.242
1, 1.171
2, 1.183
3, 1.187
4, 1.181
5, 1.174
6, 1.185
7, 1.185
8, 1.173
9, 1.166
10, 1.176
11, 1.182
12, 1.173
13, 1.178
14, 1.167
15, 1.176
16, 1.177
17, 1.183
18, 1.17
19, 1.195
20, 1.176
21, 1.162
22, 1.177
23, 1.182
24, 1.176
25, 1.175
26, 1.172
27, 1.172
28, 1.173
29, 1.168
30, 1.169
31, 1.177
32, 1.168
33, 1.166
34, 1.168
35, 1.185
36, 1.171
37, 1.171
38, 1.175
39, 1.181
40, 1.171
41, 1.168
42, 1.168
43, 1.184
44, 1.175
45, 1.165
46, 1.144
47, 1.162
48, 1.152
49, 1.147
50, 1.14
51, 1.154
52, 1.184
53, 1.15
54, 1.143
55, 1.318
56, 1.301
57, 1.234
58, 1.147
59, 1.145
60, 1.147
61, 1.138
62, 1.144
63, 1.15
64, 1.136
65, 1.176
66, 1.166
67, 1.16
68, 1.169
69, 1.172
70, 1.17
71, 1.17
72, 1.174
73, 1.191
74, 1.167
75, 1.178
76, 1.175
77, 1.184
78, 1.175
79, 1.183
80, 1.177
81, 1.172
82, 1.164
83, 1.175
84, 1.167
85, 1.183
86, 1.166
87, 1.179
88, 1.18
89, 1.172
90, 1.172
91, 1.182
92, 1.178
93, 1.17
94, 1.171
95, 1.178
96, 1.182
97, 1.169
98, 1.177
99, 1.179
100, 1.18
101, 1.168
#GA 4.1.0RePy - GRAPH 'time_quality' OPENED, 09.03.22-18:30:24#
0, 1.178
1, 1.187
2, 1.166
3, 1.178
4, 1.164
5, 1.17
6, 1.173
7, 1.179
8, 1.176
9, 1.171
10, 1.173
11, 1.184
12, 1.176
13, 1.177
14, 1.18
15, 1.178
16, 1.177
17, 1.179
18, 1.176
19, 1.169
20, 1.177
21, 1.173
22, 1.174
23, 1.171
24, 1.174
25, 1.174
26, 1.173
27, 1.173
28, 1.176
29, 1.182
30, 1.175
31, 1.173
32, 1.179
33, 1.176
34, 1.182
35, 1.174
36, 1.17
37, 1.182
38, 1.183
39, 1.172
40, 1.149
41, 1.154
42, 1.142
43, 1.146
44, 1.193
45, 1.148
46, 1.15
47, 1.145
48, 1.148
49, 1.144
50, 1.149
51, 1.165
52, 1.142
53, 1.149
54, 1.329
55, 1.153
56, 1.144
57, 1.15
58, 1.145
59, 1.182
60, 1.172
61, 1.17
62, 1.169
63, 1.172
64, 1.168
65, 1.173
66, 1.171
67, 1.175
68, 1.173
69, 1.171
70, 1.17
71, 1.182
72, 1.172
73, 1.175
74, 1.175
75, 1.182
76, 1.17
77, 1.169
78, 1.177
79, 1.181
80, 1.176
81, 1.169
82, 1.177
83, 1.17
84, 1.172
85, 1.169
86, 1.169
87, 1.181
88, 1.17
89, 1.175
90, 1.18
91, 1.18
92, 1.171
93, 1.172
94, 1.178
95, 1.165
96, 1.176
97, 1.176
98, 1.142
99, 1.139
100, 1.145
101, 1.145
#GA 4.1.0RePy - GRAPH 'time_quality' OPENED, 09.03.22-18:30:24#
0, 1.159
1, 1.151
2, 1.157
3, 1.153
4, 1.147
5, 1.155
6, 1.152
7, 1.147
8, 1.15
9, 1.151
10, 1.15
11, 1.149
12, 1.147
13, 1.146
14, 1.14
15, 1.168
16, 1.172
17, 1.179
18, 1.173
19, 1.172
20, 1.173
21, 1.173
22, 1.176
23, 1.169
24, 1.171
25, 1.173
26, 1.177
27, 1.17
28, 1.17
29, 1.171
30, 1.176
31, 1.179
32, 1.168
33, 1.174
34, 1.177
35, 1.172
36, 1.179
37, 1.173
38, 1.176
39, 1.174
40, 1.18
41, 1.175
42, 1.238
43, 1.172
44, 1.181
45, 1.19
46, 1.201
47, 1.223
48, 1.278
49, 1.18
50, 1.175
51, 1.178
52, 1.179
53, 1.171
54, 1.18
55, 1.172
56, 1.184
57, 1.194
58, 1.18
59, 1.185
60, 1.173
61, 1.174
62, 1.174
63, 1.171
64, 1.177
65, 1.18
66, 1.179
67, 1.179
68, 1.168
69, 1.177
70, 1.169
71, 1.175
72, 1.175
73, 1.176
74, 1.171
75, 1.181
76, 1.173
77, 1.172
78, 1.179
79, 1.171
80, 1.173
81, 1.173
82, 1.287
83, 1.177
84, 1.183
85, 1.185
86, 1.181
87, 1.18
88, 1.178
89, 1.176
90, 1.177
91, 1.177
92, 1.15
93, 1.155
94, 1.153
95, 1.151
96, 1.155
97, 1.154
98, 1.15
99, 1.15
100, 1.147
101, 1.151
#GA 4.1.0RePy - GRAPH 'time_quality' OPENED, 09.03.22-18:30:25#
0, 1.228
1, 1.151
2, 1.139
3, 1.143
4, 1.151
5, 1.154
6, 1.146
7, 1.141
8, 1.141
9, 1.182
10, 1.168
11, 1.178
12, 1.175
13, 1.182
14, 1.17
15, 1.176
16, 1.178
17, 1.187
18, 1.178
19, 1.174
20, 1.182
21, 1.183
22, 1.173
23, 1.172
24, 1.17
25, 1.178
26, 1.172
27, 1.172
28, 1.151
29, 1.15
30, 1.153
31, 1.142
32, 1.312
33, 1.149
34, 1.154
35, 1.147
36, 1.152
37, 1.161
38, 1.15
39, 1.14
40, 1.172
41, 1.239
42, 1.252
43, 1.144
44, 1.143
45, 1.15
46, 1.143
47, 1.17
48, 1.173
49, 1.179
50, 1.168
51, 1.173
52, 1.172
53, 1.187
54, 1.172
55, 1.173
56, 1.174
57, 1.171
58, 1.172
59, 1.161
60, 1.171
61, 1.17
62, 1.173
63, 1.169
64, 1.174
65, 1.163
66, 1.173
67, 1.17
68, 1.171
69, 1.163
70, 1.173
71, 1.17
72, 1.176
73, 1.167
74, 1.18
75, 1.169
76, 1.171
77, 1.168
78, 1.171
79, 1.171
80, 1.168
81, 1.169
82, 1.179
83, 1.181
84, 1.17
85, 1.177
86, 1.173
87, 1.182
88, 1.172
89, 1.169
90, 1.169
91, 1.176
92, 1.168
93, 1.171
94, 1.168
95, 1.17
96, 1.172
97, 1.174
98, 1.168
99, 1.17
100, 1.167
101, 1.176
#GA 4.1.0RePy - GRAPH 'time_quality' OPENED, 09.03.22-18:30:25#
0, 1.252
1, 1.174
2, 1.167
3, 1.175
4, 1.169
5, 1.173
6, 1.172
7, 1.179
8, 1.174
9, 1.167
10, 1.175
11, 1.183
12, 1.183
13, 1.174
14, 1.174
15, 1.177
16, 1.172
17, 1.161
18, 1.18
19, 1.173
20, 1.17
21, 1.173
22, 1.167
23, 1.172
24, 1.175
25, 1.175
26, 1.17
27, 1.175
28, 1.168
29, 1.169
30, 1.165
31, 1.176
32, 1.163
33, 1.172
34, 1.191
35, 1.176
36, 1.184
37, 1.167
38, 1.166
39, 1.176
40, 1.171
41, 1.186
42, 1.173
43, 1.172
44, 1.171
45, 1.173
46, 1.166
47, 1.179
48, 1.17
49, 1.171
50, 1.167
51, 1.17
52, 1.173
53, 1.17
54, 1.168
55, 1.174
56, 1.173
57, 1.176
58, 1.17
59, 1.174
60, 1.172
61, 1.172
62, 1.168
63, 1.178
64, 1.165
65, 1.168
66, 1.186
67, 1.173
68, 1.165
69, 1.162
70, 1.167
71, 1.182
72, 1.165
73, 1.166
74, 1.162
75, 1.165
76, 1.17
77, 1.165
78, 1.172
79, 1.14
80, 1.141
81, 1.137
82, 1.14
83, 1.145
84, 1.14
85, 1.143
86, 1.14
87, 1.177
88, 1.141
89, 1.148
90, 1.141
91, 1.157
92, 1.151
93, 1.177
94, 1.14
95, 1.14
96, 1.14
97, 1.145
98, 1.139
99, 1.168
100, 1.165
101, 1.168
#GA 4.1.0RePy - GRAPH 'time_quality' OPENED, 09.03.22-18:30:26#
0, 1.281
1, 1.168
2, 1.163
3, 1.176
4, 1.171
5, 1.176
6, 1.171
7, 1.182
8, 1.171
9, 1.173
10, 1.172
11, 1.181
12, 1.176
13, 1.172
14, 1.179
15, 1.178
16, 1.18
17, 1.177
18, 1.18
19, 1.182
20, 1.184
21, 1.175
22, 1.174
23, 1.17
24, 1.168
25, 1.163
26, 1.169
27, 1.172
28, 1.193
29, 1.176
30, 1.183
31, 1.175
32, 1.169
33, 1.167
34, 1.176
35, 1.169
36, 1.173
37, 1.178
38, 1.173
39, 1.172
40, 1.172
41, 1.169
42, 1.167
43, 1.163
44, 1.174
45, 1.179
46, 1.166
47, 1.171
48, 1.17
49, 1.175
50, 1.171
51, 1.173
52, 1.164
53, 1.17
54, 1.157
55, 1.166
56, 1.166
57, 1.171
58, 1.171
59, 1.167
60, 1.166
61, 1.171
62, 1.171
63, 1.169
64, 1.168
65, 1.173
66, 1.176
67, 1.171
68, 1.167
69, 1.174
70, 1.167
71, 1.167
72, 1.174
73, 1.166
74, 1.165
75, 1.172
76, 1.172
77, 1.171
78, 1.173
79, 1.166
80, 1.171
81, 1.175
82, 1.164
83, 1.165
84, 1.166
85, 1.173
86, 1.169
87, 1.167
88, 1.174
89, 1.176
90, 1.171
91, 1.176
92, 1.174
93, 1.178
94, 1.171
95, 1.179
96, 1.173
97, 1.171
98, 1.167
99, 1.167
100, 1.162
101, 1.167
#GA 4.1.0RePy - GRAPH 'time_quality' OPENED, 09.03.22-18:30:27#
0, 1.21
1, 1.177
2, 1.17
3, 1.187
4, 1.179
5, 1.19
6, 1.173
7, 1.185
8, 1.18
9, 1.18
10, 1.189
11, 1.184
12, 1.181
13, 1.181
14, 1.181
15, 1.187
16, 1.181
17, 1.179
18, 1.178
19, 1.182
20, 1.175
21, 1.175
22, 1.309
23, 1.189
24, 1.191
25, 1.173
26, 1.176
27, 1.175
28, 1.175
29, 1.175
30, 1.175
31, 1.173
32, 1.173
33, 1.164
34, 1.168
35, 1.163
36, 1.172
37, 1.176
38, 1.166
39, 1.174
40, 1.169
41, 1.177
42, 1.172
43, 1.172
44, 1.167
45, 1.18
46, 1.175
47, 1.173
48, 1.168
49, 1.173
50, 1.237
51, 1.174
52, 1.176
53, 1.177
54, 1.17
55, 1.174
56, 1.172
57, 1.183
58, 1.175
59, 1.166
60, 1.169
61, 1.186
62, 1.171
63, 1.173
64, 1.175
65, 1.174
66, 1.172
67, 1.148
68, 1.142
69, 1.189
70, 1.145
71, 1.151
72, 1.149
73, 1.155
74, 1.157
75, 1.19
76, 1.148
77, 1.146
78, 1.141
79, 1.151
80, 1.144
81, 1.189
82, 1.148
83, 1.147
84, 1.143
85, 1.146
86, 1.145
87, 1.19
88, 1.152
89, 1.15
90, 1.147
91, 1.151
92, 1.151
93, 1.202
94, 1.263
95, 1.366
96, 1.273
97, 1.15
98, 1.141
99, 1.192
100, 1.161
101, 1.151
#GA 4.1.0RePy - GRAPH 'time_quality' OPENED, 09.03.22-18:30:27#
0, 1.24
1, 1.153
2, 1.143
3, 1.171
4, 1.173
5, 1.179
6, 1.194
7, 1.194
8, 1.18
9, 1.176
10, 1.179
11, 1.19
12, 1.182
13, 1.186
14, 1.18
15, 1.191
16, 1.223
17, 1.203
18, 1.282
19, 1.186
20, 1.172
21, 1.179
22, 1.168
23, 1.184
24, 1.175
25, 1.168
26, 1.182
27, 1.181
28, 1.171
29, 1.195
30, 1.174
31, 1.179
32, 1.172
33, 1.18
34, 1.17
35, 1.177
36, 1.171
37, 1.184
38, 1.176
39, 1.187
40, 1.175
41, 1.151
42, 1.148
43, 1.148
44, 1.143
45, 1.142
46, 1.143
47, 1.157
48, 1.143
49, 1.146
50, 1.139
51, 1.196
52, 1.135
53, 1.146
54, 1.155
55, 1.152
56, 1.139
57, 1.15
58, 1.144
59, 1.154
60, 1.151
61, 1.176
62, 1.175
63, 1.182
64, 1.173
65, 1.173
66, 1.172
67, 1.179
68, 1.176
69, 1.175
70, 1.169
71, 1.179
72, 1.173
73, 1.18
74, 1.172
75, 1.181
76, 1.169
77, 1.183
78, 1.18
79, 1.184
80, 1.169
81, 1.182
82, 1.169
83, 1.168
84, 1.171
85, 1.176
86, 1.17
87, 1.172
88, 1.166
89, 1.165
90, 1.184
91, 1.169
92, 1.176
93, 1.179
94, 1.176
95, 1.177
96, 1.171
97, 1.182
98, 1.177
99, 1.181
100, 1.175
101, 1.173
#GA 4.1.0RePy - GRAPH 'time_quality' OPENED, 09.03.22-18:39:47#
0, 1.351
1, 1.523
2, 1.292
3, 1.199
4, 1.139
5, 1.149
6, 1.08
7, 1.012
8, 1.007
9, 0.986
10, 0.93
11, 0.912
12, 0.882
13, 0.863
14, 0.777
15, 0.76
16, 0.931
17, 0.814
18, 0.777
19, 0.775
20, 0.762
21, 0.757
22, 0.76
23, 0.885
24, 0.758
25, 0.76
26, 0.867
27, 0.774
28, 0.777
29, 0.777
30, 0.795
31, 0.877
32, 0.791
33, 0.781
34, 0.813
35, 0.793
36, 0.78
37, 0.781
38, 0.824
39, 0.782
40, 0.777
41, 0.785
42, 0.78
43, 0.783
44, 0.78
45, 0.787
46, 0.784
47, 0.783
48, 0.777
49, 0.779
50, 0.869
51, 0.78
52, 0.779
53, 0.92
54, 0.773
55, 0.778
56, 0.781
57, 0.78
58, 0.789
59, 0.851
60, 0.775
61, 0.778
62, 0.87
63, 0.781
64, 0.782
65, 0.871
66, 0.777
67, 0.779
68, 0.785
69, 0.779
70, 0.78
71, 0.779
72, 0.776
73, 0.778
74, 0.779
75, 0.779
76, 0.761
77, 0.763
78, 0.76
79, 0.801
80, 0.802
81, 0.763
82, 0.764
83, 0.764
84, 0.762
85, 0.762
86, 0.89
87, 0.765
88, 0.824
89, 0.894
90, 0.765
91, 0.767
92, 0.764
93, 0.763
94, 0.765
95, 0.809
96, 0.763
97, 0.765
98, 0.761
99, 0.767
100, 0.76
101, 0.889
102, 0.763
103, 0.763
104, 0.876
105, 0.762
106, 0.763
107, 0.76
108, 0.764
109, 0.762
110, 0.771
111, 0.763
112, 0.764
113, 0.92
114, 0.765
115, 0.764
116, 0.895
117, 0.764
118, 0.76
119, 0.888
120, 0.758
121, 0.762
122, 0.893
123, 0.762
124, 0.757
125, 0.867
126, 0.762
127, 0.763
128, 0.93
129, 0.761
130, 0.762
131, 0.758
132, 0.763
133, 0.759
134, 0.762
135, 0.763
136, 0.763
137, 0.806
138, 0.765
139, 0.757
140, 0.764
141, 0.769
142, 0.762
143, 0.923
144, 0.759
145, 0.761
146, 0.765
147, 0.762
148, 0.764
149, 0.802
150, 0.759
151, 0.76
152, 0.767
153, 0.759
154, 0.768
155, 0.926
156, 0.754
157, 0.786
158, 0.765
159, 0.88
160, 0.765
161, 0.76
162, 0.764
163, 0.763
164, 0.838
165, 0.764
166, 0.759
167, 0.764
168, 0.763
169, 0.77
170, 0.898
171, 0.765
172, 0.764
173, 0.762
174, 0.765
175, 0.764
176, 0.879
177, 0.763
178, 0.764
179, 0.765
180, 0.762
181, 0.77
182, 0.86
183, 0.766
184, 0.761
185, 0.765
186, 0.764
187, 0.765
188, 0.769
189, 0.772
190, 0.763
191, 0.769
192, 0.771
193, 0.768
194, 0.878
195, 0.766
196, 0.758
197, 0.847
198, 0.762
199, 0.767
200, 0.805
201, 0.761
#GA 4.1.0RePy - GRAPH 'time_quality' OPENED, 09.03.22-18:39:47#
0, 0.88
1, 0.769
2, 0.772
3, 0.762
4, 0.867
5, 0.756
6, 0.757
7, 0.765
8, 0.759
9, 0.756
10, 0.766
11, 0.762
12, 0.767
13, 0.882
14, 0.76
15, 0.763
16, 0.875
17, 0.763
18, 0.768
19, 0.869
20, 0.768
21, 0.753
22, 0.772
23, 0.759
24, 0.766
25, 0.866
26, 0.769
27, 0.762
28, 0.763
29, 0.759
30, 0.763
31, 0.871
32, 0.765
33, 0.755
34, 0.814
35, 0.763
36, 0.764
37, 0.897
38, 0.764
39, 0.762
40, 0.763
41, 0.763
42, 0.77
43, 0.867
44, 0.768
45, 0.756
46, 0.765
47, 0.764
48, 0.771
49, 0.759
50, 0.764
51, 0.76
52, 0.765
53, 0.766
54, 0.762
55, 0.891
56, 0.765
57, 0.767
58, 0.8
59, 0.759
60, 0.759
61, 0.891
62, 0.764
63, 0.763
64, 0.881
65, 0.761
66, 0.765
67, 0.872
68, 0.766
69, 0.759
70, 0.853
71, 0.764
72, 0.766
73, 0.892
74, 0.77
75, 0.765
76, 0.769
77, 0.761
78, 0.763
79, 0.893
80, 0.774
81, 0.782
82, 0.84
83, 0.765
84, 0.765
85, 0.865
86, 0.767
87, 0.755
88, 0.769
89, 0.757
90, 0.768
91, 0.761
92, 0.764
93, 0.757
94, 0.767
95, 0.762
96, 0.763
97, 0.865
98, 0.765
99, 0.759
100, 0.772
101, 0.761
102, 0.766
103, 0.764
104, 0.764
105, 0.759
106, 0.767
107, 0.761
108, 0.772
109, 0.856
110, 0.769
111, 0.765
112, 0.77
113, 0.761
114, 0.768
115, 0.888
116, 0.768
117, 0.766
118, 0.897
119, 0.76
120, 0.771
121, 0.762
122, 0.771
123, 0.757
124, 0.77
125, 0.77
126, 0.77
127, 0.835
128, 0.776
129, 0.771
130, 0.816
131, 0.767
132, 0.776
133, 0.76
134, 0.772
135, 0.761
136, 0.771
137, 0.77
138, 0.763
139, 0.761
140, 0.766
141, 0.759
142, 0.766
143, 0.756
144, 0.763
145, 0.888
146, 0.766
147, 0.76
148, 0.915
149, 0.761
150, 0.768
151, 0.872
152, 0.768
153, 0.762
154, 0.771
155, 0.755
156, 0.77
157, 0.762
158, 0.768
159, 0.759
160, 0.767
161, 0.758
162, 0.763
163, 0.886
164, 0.769
165, 0.765
166, 0.778
167, 0.767
168, 0.772
169, 0.768
170, 0.776
171, 0.76
172, 0.773
173, 0.769
174, 0.766
175, 0.768
176, 0.773
177, 0.754
178, 0.845
179, 0.764
180, 0.771
181, 0.764
182, 0.771
183, 0.769
184, 0.771
185, 0.768
186, 0.771
187, 0.769
188, 0.774
189, 0.766
190, 0.775
191, 0.769
192, 0.764
193, 0.859
194, 0.869
195, 0.769
196, 0.774
197, 0.761
198, 0.773
199, 0.768
200, 0.775
201, 0.763
#GA 4.1.0RePy - GRAPH 'time_quality' OPENED, 09.03.22-18:39:48#
0, 0.852
1, 0.769
2, 0.766
3, 0.77
4, 0.831
5, 0.771
6, 0.89
7, 0.766
8, 0.759
9, 0.885
10, 0.761
11, 0.76
12, 0.922
13, 0.759
14, 0.759
15, 0.873
16, 0.761
17, 0.759
18, 0.768
19, 0.765
20, 0.768
21, 0.81
22, 0.762
23, 0.759
24, 0.875
25, 0.81
26, 0.811
27, 0.764
28, 0.764
29, 0.757
30, 0.858
31, 0.761
32, 0.769
33, 0.765
34, 0.76
35, 0.758
36, 0.762
37, 0.757
38, 0.76
39, 0.754
40, 0.762
41, 0.763
42, 0.77
43, 0.754
44, 0.763
45, 0.863
46, 0.758
47, 0.761
48, 0.762
49, 0.763
50, 0.769
51, 0.855
52, 0.759
53, 0.76
54, 0.762
55, 0.76
56, 0.761
57, 0.874
58, 0.766
59, 0.754
60, 0.854
61, 0.757
62, 0.761
63, 0.752
64, 0.758
65, 0.761
66, 0.767
67, 0.759
68, 0.76
69, 0.863
70, 0.762
71, 0.759
72, 0.91
73, 0.753
74, 0.763
75, 0.883
76, 0.765
77, 0.754
78, 0.762
79, 0.877
80, 0.773
81, 0.762
82, 0.766
83, 0.827
84, 0.763
85, 0.763
86, 0.756
87, 0.887
88, 0.765
89, 0.76
90, 0.892
91, 0.753
92, 0.753
93, 0.765
94, 0.762
95, 0.759
96, 0.806
97, 0.781
98, 0.781
99, 0.873
100, 0.782
101, 0.785
102, 0.834
103, 0.778
104, 0.786
105, 0.78
106, 0.792
107, 0.776
108, 0.787
109, 0.78
110, 0.776
111, 0.788
112, 0.781
113, 0.787
114, 0.795
115, 0.779
116, 0.784
117, 0.784
118, 0.778
119, 0.779
120, 0.781
121, 0.776
122, 0.766
123, 0.855
124, 0.766
125, 0.766
126, 0.768
127, 0.762
128, 0.765
129, 0.786
130, 0.839
131, 0.765
132, 0.898
133, 0.763
134, 0.752
135, 0.887
136, 0.759
137, 0.762
138, 0.889
139, 0.753
140, 0.754
141, 0.762
142, 0.763
143, 0.755
144, 0.763
145, 0.757
146, 0.759
147, 0.76
148, 0.762
149, 0.765
150, 0.877
151, 0.755
152, 0.765
153, 0.818
154, 0.764
155, 0.758
156, 0.855
157, 0.761
158, 0.757
159, 0.806
160, 0.767
161, 0.754
162, 0.941
163, 0.752
164, 0.759
165, 0.757
166, 0.757
167, 0.757
168, 0.768
169, 0.76
170, 0.756
171, 0.868
172, 0.768
173, 0.76
174, 0.828
175, 0.763
176, 0.766
177, 0.832
178, 0.759
179, 0.764
180, 0.877
181, 0.758
182, 0.768
183, 0.891
184, 0.768
185, 0.762
186, 0.763
187, 0.762
188, 0.764
189, 0.82
190, 0.763
191, 0.764
192, 0.915
193, 0.763
194, 0.762
195, 0.768
196, 0.769
197, 0.765
198, 0.767
199, 0.771
200, 0.772
201, 0.767
#GA 4.1.0RePy - GRAPH 'time_quality' OPENED, 09.03.22-18:39:49#
0, 0.768
1, 0.767
2, 0.885
3, 0.764
4, 0.763
5, 0.768
6, 0.763
7, 0.765
8, 0.812
9, 0.772
10, 0.765
11, 0.872
12, 0.758
13, 0.765
14, 0.875
15, 0.763
16, 0.76
17, 0.874
18, 0.761
19, 0.763
20, 0.885
21, 0.757
22, 0.768
23, 0.771
24, 0.759
25, 0.764
26, 0.853
27, 0.758
28, 0.755
29, 0.893
30, 0.764
31, 0.765
32, 0.887
33, 0.758
34, 0.765
35, 0.769
36, 0.754
37, 0.756
38, 0.761
39, 0.761
40, 0.753
41, 0.808
42, 0.759
43, 0.798
44, 0.76
45, 0.757
46, 0.803
47, 0.765
48, 0.756
49, 0.762
50, 0.755
51, 0.758
52, 0.831
53, 0.77
54, 0.853
55, 0.76
56, 0.85
57, 0.76
58, 0.757
59, 0.761
60, 0.754
61, 0.759
62, 0.753
63, 0.754
64, 0.758
65, 0.763
66, 0.758
67, 0.761
68, 0.76
69, 0.756
70, 0.755
71, 0.771
72, 0.761
73, 0.802
74, 0.811
75, 0.762
76, 0.765
77, 0.766
78, 0.754
79, 0.757
80, 0.834
81, 0.761
82, 0.762
83, 0.765
84, 0.756
85, 0.805
86, 0.761
87, 0.758
88, 0.757
89, 0.766
90, 0.76
91, 0.763
92, 0.758
93, 0.761
94, 0.767
95, 0.764
96, 0.753
97, 0.763
98, 0.76
99, 0.755
100, 0.798
101, 0.801
102, 0.754
103, 0.763
104, 0.915
105, 0.757
106, 0.757
107, 0.879
108, 0.756
109, 0.764
110, 0.883
111, 0.758
112, 0.762
113, 0.832
114, 0.755
115, 0.768
116, 0.758
117, 0.762
118, 0.754
119, 0.877
120, 0.761
121, 0.761
122, 0.847
123, 0.758
124, 0.761
125, 0.805
126, 0.757
127, 0.76
128, 0.824
129, 0.762
130, 0.763
131, 0.755
132, 0.757
133, 0.756
134, 0.882
135, 0.757
136, 0.759
137, 0.763
138, 0.756
139, 0.755
140, 0.808
141, 0.758
142, 0.755
143, 0.753
144, 0.761
145, 0.761
146, 0.867
147, 0.762
148, 0.759
149, 0.813
150, 0.755
151, 0.761
152, 0.761
153, 0.763
154, 0.752
155, 0.853
156, 0.762
157, 0.757
158, 0.866
159, 0.756
160, 0.761
161, 0.762
162, 0.757
163, 0.754
164, 0.758
165, 0.755
166, 0.756
167, 0.759
168, 0.759
169, 0.756
170, 0.792
171, 0.76
172, 0.763
173, 0.76
174, 0.757
175, 0.756
176, 0.764
177, 0.761
178, 0.835
179, 0.762
180, 0.821
181, 0.763
182, 0.886
183, 0.759
184, 0.759
185, 0.888
186, 0.758
187, 0.759
188, 0.888
189, 0.758
190, 0.755
191, 0.868
192, 0.764
193, 0.758
194, 0.755
195, 0.78
196, 0.777
197, 0.865
198, 0.779
199, 0.775
200, 0.782
201, 0.777
#GA 4.1.0RePy - GRAPH 'time_quality' OPENED, 09.03.22-18:39:50#
0, 0.798
1, 0.898
2, 0.776
3, 0.775
4, 0.866
5, 0.776
6, 0.771
7, 0.875
8, 0.773
9, 0.778
10, 0.869
11, 0.775
12, 0.775
13, 0.827
14, 0.776
15, 0.78
16, 0.881
17, 0.751
18, 0.761
19, 0.886
20, 0.763
21, 0.758
22, 0.868
23, 0.76
24, 0.76
25, 0.867
26, 0.755
27, 0.756
28, 0.766
29, 0.758
30, 0.758
31, 0.764
32, 0.76
33, 0.758
34, 0.857
35, 0.756
36, 0.753
37, 0.763
38, 0.76
39, 0.758
40, 0.793
41, 0.76
42, 0.761
43, 0.873
44, 0.76
45, 0.757
46, 0.759
47, 0.755
48, 0.76
49, 0.761
50, 0.755
51, 0.759
52, 0.765
53, 0.76
54, 0.756
55, 0.919
56, 0.761
57, 0.758
58, 0.8
59, 0.761
60, 0.757
61, 0.758
62, 0.761
63, 0.762
64, 0.759
65, 0.76
66, 0.758
67, 0.763
68, 0.759
69, 0.761
70, 0.764
71, 0.764
72, 0.757
73, 0.763
74, 0.756
75, 0.759
76, 0.763
77, 0.757
78, 0.757
79, 0.801
80, 0.76
81, 0.76
82, 0.762
83, 0.762
84, 0.765
85, 0.816
86, 0.755
87, 0.759
88, 0.935
89, 0.753
90, 0.753
91, 0.762
92, 0.758
93, 0.761
94, 0.763
95, 0.756
96, 0.756
97, 0.757
98, 0.759
99, 0.762
100, 0.892
101, 0.779
102, 0.766
103, 0.76
104, 0.757
105, 0.757
106, 0.78
107, 0.756
108, 0.754
109, 0.865
110, 0.762
111, 0.758
112, 0.761
113, 0.757
114, 0.758
115, 0.885
116, 0.753
117, 0.755
118, 0.823
119, 0.761
120, 0.758
121, 0.76
122, 0.754
123, 0.757
124, 0.844
125, 0.763
126, 0.755
127, 0.758
128, 0.757
129, 0.756
130, 0.761
131, 0.757
132, 0.754
133, 0.754
134, 0.753
135, 0.764
136, 0.883
137, 0.759
138, 0.76
139, 0.873
140, 0.761
141, 0.76
142, 0.805
143, 0.757
144, 0.762
145, 0.762
146, 0.76
147, 0.758
148, 0.798
149, 0.754
150, 0.757
151, 0.764
152, 0.753
153, 0.757
154, 0.841
155, 0.762
156, 0.754
157, 0.76
158, 0.761
159, 0.761
160, 0.76
161, 0.76
162, 0.751
163, 0.923
164, 0.757
165, 0.755
166, 0.8
167, 0.759
168, 0.762
169, 0.759
170, 0.759
171, 0.76
172, 0.759
173, 0.758
174, 0.769
175, 0.762
176, 0.764
177, 0.761
178, 0.761
179, 0.766
180, 0.762
181, 0.924
182, 0.76
183, 0.763
184, 0.849
185, 0.763
186, 0.756
187, 0.766
188, 0.761
189, 0.766
190, 0.762
191, 0.758
192, 0.762
193, 0.76
194, 0.76
195, 0.755
196, 0.761
197, 0.761
198, 0.756
199, 0.76
200, 0.763
201, 0.76
#GA 4.1.0RePy - GRAPH 'time_quality' OPENED, 09.03.22-18:39:51#
0, 0.772
1, 0.762
2, 0.765
3, 0.873
4, 0.811
5, 0.767
6, 0.763
7, 0.764
8, 0.766
9, 0.768
10, 0.769
11, 0.76
12, 0.765
13, 0.762
14, 0.767
15, 0.803
16, 0.758
17, 0.756
18, 0.894
19, 0.761
20, 0.762
21, 0.764
22, 0.764
23, 0.76
24, 0.762
25, 0.831
26, 0.757
27, 0.814
28, 0.785
29, 0.775
30, 0.759
31, 0.81
32, 0.76
33, 0.872
34, 0.762
35, 0.761
36, 0.809
37, 0.76
38, 0.761
39, 0.76
40, 0.761
41, 0.761
42, 0.759
43, 0.765
44, 0.758
45, 0.761
46, 0.762
47, 0.757
48, 0.762
49, 0.765
50, 0.76
51, 0.903
52, 0.753
53, 0.755
54, 0.852
55, 0.755
56, 0.746
57, 0.759
58, 0.759
59, 0.756
60, 0.755
61, 0.761
62, 0.757
63, 0.768
64, 0.763
65, 0.755
66, 0.765
67, 0.762
68, 0.757
69, 0.919
70, 0.757
71, 0.763
72, 0.758
73, 0.762
74, 0.764
75, 0.805
76, 0.758
77, 0.763
78, 0.87
79, 0.766
80, 0.76
81, 0.761
82, 0.76
83, 0.758
84, 0.76
85, 0.761
86, 0.755
87, 0.914
88, 0.76
89, 0.759
90, 0.762
91, 0.759
92, 0.765
93, 0.884
94, 0.759
95, 0.757
96, 0.759
97, 0.771
98, 0.758
99, 0.767
100, 0.754
101, 0.76
102, 0.762
103, 0.762
104, 0.762
105, 0.827
106, 0.76
107, 0.761
108, 0.892
109, 0.763
110, 0.756
111, 0.891
112, 0.756
113, 0.756
114, 0.829
115, 0.762
116, 0.762
117, 0.761
118, 0.76
119, 0.757
120, 0.759
121, 0.765
122, 0.759
123, 0.761
124, 0.759
125, 0.76
126, 0.764
127, 0.762
128, 0.755
129, 0.878
130, 0.758
131, 0.763
132, 0.76
133, 0.759
134, 0.76
135, 0.928
136, 0.764
137, 0.762
138, 0.762
139, 0.766
140, 0.764
141, 0.766
142, 0.763
143, 0.799
144, 0.812
145, 0.767
146, 0.756
147, 0.763
148, 0.758
149, 0.755
150, 0.91
151, 0.755
152, 0.833
153, 0.808
154, 0.787
155, 0.767
156, 0.764
157, 0.758
158, 0.757
159, 0.759
160, 0.76
161, 0.761
162, 0.824
163, 0.764
164, 0.764
165, 0.834
166, 0.754
167, 0.759
168, 0.755
169, 0.759
170, 0.755
171, 0.941
172, 0.767
173, 0.761
174, 0.892
175, 0.764
176, 0.767
177, 0.765
178, 0.757
179, 0.759
180, 0.861
181, 0.764
182, 0.758
183, 0.857
184, 0.761
185, 0.759
186, 0.947
187, 0.766
188, 0.752
189, 0.805
190, 0.761
191, 0.759
192, 0.866
193, 0.758
194, 0.762
195, 0.759
196, 0.756
197, 0.76
198, 0.758
199, 0.773
200, 0.758
201, 0.809
#GA 4.1.0RePy - GRAPH 'time_quality' OPENED, 09.03.22-18:39:51#
0, 0.769
1, 0.765
2, 0.92
3, 0.758
4, 0.753
5, 0.767
6, 0.762
7, 0.762
8, 0.758
9, 0.76
10, 0.761
11, 0.766
12, 0.763
13, 0.758
14, 0.765
15, 0.768
16, 0.762
17, 0.763
18, 0.765
19, 0.763
20, 0.767
21, 0.766
22, 0.76
23, 0.772
24, 0.764
25, 0.761
26, 0.807
27, 0.764
28, 0.768
29, 0.763
30, 0.767
31, 0.763
32, 0.776
33, 0.764
34, 0.76
35, 0.77
36, 0.755
37, 0.764
38, 0.784
39, 0.766
40, 0.764
41, 0.763
42, 0.761
43, 0.77
44, 0.773
45, 0.768
46, 0.765
47, 0.764
48, 0.764
49, 0.767
50, 0.903
51, 0.766
52, 0.759
53, 0.772
54, 0.76
55, 0.765
56, 0.77
57, 0.757
58, 0.756
59, 0.892
60, 0.757
61, 0.755
62, 0.762
63, 0.762
64, 0.759
65, 0.76
66, 0.763
67, 0.763
68, 0.873
69, 0.765
70, 0.759
71, 0.843
72, 0.761
73, 0.758
74, 0.909
75, 0.764
76, 0.777
77, 0.768
78, 0.884
79, 0.765
80, 0.767
81, 0.758
82, 0.757
83, 0.889
84, 0.763
85, 0.755
86, 0.765
87, 0.758
88, 0.761
89, 0.859
90, 0.762
91, 0.765
92, 0.765
93, 0.769
94, 0.762
95, 0.769
96, 0.766
97, 0.768
98, 0.87
99, 0.762
100, 0.761
101, 0.902
102, 0.754
103, 0.759
104, 0.852
105, 0.762
106, 0.801
107, 0.874
108, 0.755
109, 0.878
110, 0.894
111, 0.763
112, 0.759
113, 0.764
114, 0.755
115, 0.759
116, 0.86
117, 0.761
118, 0.76
119, 0.765
120, 0.759
121, 0.765
122, 0.76
123, 0.758
124, 0.755
125, 0.768
126, 0.759
127, 0.756
128, 0.866
129, 0.76
130, 0.755
131, 0.874
132, 0.756
133, 0.761
134, 0.85
135, 0.762
136, 0.757
137, 0.762
138, 0.758
139, 0.758
140, 0.852
141, 0.766
142, 0.758
143, 0.85
144, 0.761
145, 0.76
146, 0.763
147, 0.759
148, 0.757
149, 0.765
150, 0.759
151, 0.761
152, 0.8
153, 0.761
154, 0.761
155, 0.762
156, 0.758
157, 0.761
158, 0.876
159, 0.764
160, 0.757
161, 0.767
162, 0.758
163, 0.755
164, 0.765
165, 0.758
166, 0.761
167, 0.826
168, 0.757
169, 0.767
170, 0.768
171, 0.766
172, 0.759
173, 0.765
174, 0.754
175, 0.762
176, 0.762
177, 0.762
178, 0.758
179, 0.766
180, 0.761
181, 0.757
182, 0.764
183, 0.767
184, 0.761
185, 0.772
186, 0.762
187, 0.77
188, 0.769
189, 0.764
190, 0.76
191, 0.766
192, 0.763
193, 0.766
194, 0.77
195, 0.771
196, 0.764
197, 0.81
198, 0.763
199, 0.766
200, 0.872
201, 0.768
#GA 4.1.0RePy - GRAPH 'time_quality' OPENED, 09.03.22-18:39:52#
0, 1.061
1, 0.794
2, 0.772
3, 0.762
4, 0.768
5, 0.772
6, 0.764
7, 0.758
8, 0.764
9, 0.769
10, 0.809
11, 0.76
12, 0.76
13, 0.887
14, 0.759
15, 0.758
16, 0.87
17, 0.761
18, 0.766
19, 0.895
20, 0.76
21, 0.761
22, 0.759
23, 0.765
24, 0.765
25, 0.81
26, 0.759
27, 0.761
28, 0.855
29, 0.763
30, 0.76
31, 0.765
32, 0.761
33, 0.76
34, 0.768
35, 0.758
36, 0.759
37, 0.889
38, 0.758
39, 0.762
40, 0.766
41, 0.76
42, 0.758
43, 0.797
44, 0.761
45, 0.765
46, 0.794
47, 0.764
48, 0.762
49, 0.768
50, 0.76
51, 0.759
52, 0.763
53, 0.765
54, 0.759
55, 0.757
56, 0.755
57, 0.759
58, 0.827
59, 0.765
60, 0.76
61, 0.76
62, 0.762
63, 0.764
64, 0.889
65, 0.765
66, 0.756
67, 0.771
68, 0.759
69, 0.762
70, 0.76
71, 0.758
72, 0.758
73, 0.764
74, 0.759
75, 0.76
76, 0.79
77, 0.769
78, 0.836
79, 0.763
80, 0.757
81, 0.765
82, 0.765
83, 0.759
84, 0.762
85, 0.766
86, 0.761
87, 0.768
88, 0.764
89, 0.761
90, 0.765
91, 0.764
92, 0.763
93, 0.768
94, 0.762
95, 0.767
96, 0.76
97, 0.894
98, 0.758
99, 0.763
100, 0.764
101, 0.764
102, 0.759
103, 0.764
104, 0.76
105, 0.758
106, 0.76
107, 0.759
108, 0.759
109, 0.768
110, 0.76
111, 0.762
112, 0.765
113, 0.764
114, 0.765
115, 0.76
116, 0.762
117, 0.76
118, 0.763
119, 0.759
120, 0.758
121, 0.807
122, 0.758
123, 0.764
124, 0.799
125, 0.762
126, 0.942
127, 0.78
128, 0.771
129, 0.763
130, 0.874
131, 0.759
132, 0.8
133, 0.762
134, 0.764
135, 0.758
136, 0.768
137, 0.756
138, 0.754
139, 0.765
140, 0.758
141, 0.767
142, 0.762
143, 0.758
144, 0.756
145, 0.765
146, 0.757
147, 0.76
148, 0.986
149, 0.768
150, 0.764
151, 0.872
152, 0.758
153, 0.765
154, 0.895
155, 0.759
156, 0.758
157, 0.765
158, 0.76
159, 0.761
160, 0.842
161, 0.764
162, 0.758
163, 0.808
164, 0.751
165, 0.763
166, 0.761
167, 0.76
168, 0.759
169, 0.763
170, 0.761
171, 0.764
172, 0.765
173, 0.755
174, 0.762
175, 0.892
176, 0.764
177, 0.758
178, 0.759
179, 0.758
180, 0.76
181, 0.766
182, 0.758
183, 0.761
184, 0.763
185, 0.765
186, 0.758
187, 0.767
188, 0.766
189, 0.757
190, 0.856
191, 0.762
192, 0.757
193, 0.771
194, 0.765
195, 0.762
196, 0.843
197, 0.768
198, 0.76
199, 0.882
200, 0.769
201, 0.912
#GA 4.1.0RePy - GRAPH 'time_quality' OPENED, 09.03.22-18:39:53#
0, 0.773
1, 0.766
2, 0.767
3, 0.773
4, 0.762
5, 0.832
6, 0.764
7, 0.763
8, 0.825
9, 0.765
10, 0.772
11, 0.773
12, 0.762
13, 0.768
14, 0.888
15, 0.764
16, 0.767
17, 0.774
18, 0.768
19, 0.764
20, 0.764
21, 0.796
22, 0.764
23, 0.769
24, 0.762
25, 0.769
26, 0.769
27, 0.762
28, 0.763
29, 0.781
30, 0.764
31, 0.765
32, 0.766
33, 0.771
34, 0.762
35, 0.77
36, 0.77
37, 0.751
38, 0.859
39, 0.745
40, 0.744
41, 0.925
42, 0.743
43, 0.743
44, 0.736
45, 0.809
46, 0.738
47, 0.741
48, 0.746
49, 0.748
50, 0.767
51, 0.789
52, 0.75
53, 0.795
54, 0.743
55, 0.746
56, 0.739
57, 0.745
58, 0.739
59, 0.744
60, 0.745
61, 0.746
62, 0.758
63, 0.765
64, 0.758
65, 0.892
66, 0.764
67, 0.765
68, 0.76
69, 0.763
70, 0.76
71, 0.887
72, 0.76
73, 0.758
74, 0.759
75, 0.764
76, 0.761
77, 0.766
78, 0.759
79, 0.759
80, 0.76
81, 0.757
82, 0.757
83, 0.763
84, 0.761
85, 0.803
86, 0.763
87, 0.76
88, 0.757
89, 0.758
90, 0.761
91, 0.754
92, 0.762
93, 0.769
94, 0.762
95, 0.763
96, 0.761
97, 0.76
98, 0.763
99, 0.765
100, 0.758
101, 0.762
102, 0.763
103, 0.763
104, 0.897
105, 0.76
106, 0.755
107, 0.769
108, 0.76
109, 0.814
110, 0.76
111, 0.761
112, 0.759
113, 0.891
114, 0.766
115, 0.757
116, 0.767
117, 0.762
118, 0.757
119, 0.759
120, 0.758
121, 0.759
122, 0.762
123, 0.765
124, 0.754
125, 0.767
126, 0.76
127, 0.765
128, 0.763
129, 0.769
130, 0.764
131, 0.873
132, 0.763
133, 0.754
134, 0.763
135, 0.759
136, 0.76
137, 0.892
138, 0.759
139, 0.759
140, 0.763
141, 0.754
142, 0.762
143, 0.809
144, 0.76
145, 0.76
146, 0.869
147, 0.762
148, 0.761
149, 0.767
150, 0.761
151, 0.76
152, 0.767
153, 0.765
154, 0.759
155, 0.769
156, 0.76
157, 0.765
158, 0.762
159, 0.76
160, 0.759
161, 0.758
162, 0.76
163, 0.759
164, 0.765
165, 0.769
166, 0.758
167, 0.769
168, 0.762
169, 0.76
170, 0.872
171, 0.761
172, 0.756
173, 0.818
174, 0.76
175, 0.763
176, 0.775
177, 0.783
178, 0.819
179, 0.784
180, 0.763
181, 0.757
182, 0.763
183, 0.763
184, 0.761
185, 0.769
186, 0.766
187, 0.763
188, 0.768
189, 0.767
190, 0.762
191, 0.876
192, 0.765
193, 0.764
194, 0.906
195, 0.763
196, 0.754
197, 0.763
198, 0.761
199, 0.762
200, 0.88
201, 0.764
#GA 4.1.0RePy - GRAPH 'time_quality' OPENED, 09.03.22-18:39:54#
0, 0.821
1, 0.766
2, 0.761
3, 0.775
4, 0.767
5, 0.762
6, 0.772
7, 0.766
8, 0.77
9, 0.764
10, 0.767
11, 0.769
12, 0.763
13, 0.757
14, 0.76
15, 0.768
16, 0.766
17, 0.76
18, 0.758
19, 0.764
20, 0.766
21, 0.759
22, 0.755
23, 0.765
24, 0.76
25, 0.758
26, 0.769
27, 0.767
28, 0.77
29, 0.767
30, 0.764
31, 0.772
32, 0.771
33, 0.768
34, 0.762
35, 0.768
36, 0.748
37, 0.912
38, 0.743
39, 0.742
40, 0.743
41, 0.738
42, 0.938
43, 0.859
44, 0.744
45, 0.748
46, 0.751
47, 0.749
48, 0.741
49, 0.786
50, 0.746
51, 0.747
52, 0.87
53, 0.743
54, 0.743
55, 0.744
56, 0.742
57, 0.741
58, 0.743
59, 0.743
60, 0.808
61, 0.746
62, 0.762
63, 0.769
64, 0.799
65, 0.759
66, 0.763
67, 0.801
68, 0.763
69, 0.758
70, 0.824
71, 0.766
72, 0.761
73, 0.76
74, 0.755
75, 0.759
76, 0.765
77, 0.762
78, 0.766
79, 0.768
80, 0.757
81, 0.762
82, 0.8
83, 0.764
84, 0.762
85, 0.761
86, 0.758
87, 0.751
88, 0.806
89, 0.74
90, 0.751
91, 0.745
92, 0.741
93, 0.746
94, 0.749
95, 0.745
96, 0.742
97, 0.88
98, 0.746
99, 0.752
100, 0.746
101, 0.766
102, 0.742
103, 0.907
104, 0.744
105, 0.894
106, 0.789
107, 0.749
108, 0.743
109, 0.748
110, 0.748
111, 0.748
112, 0.771
113, 0.759
114, 0.751
115, 0.886
116, 0.755
117, 0.766
118, 0.839
119, 0.765
120, 0.759
121, 0.89
122, 0.762
123, 0.762
124, 0.759
125, 0.767
126, 0.759
127, 0.763
128, 0.766
129, 0.767
130, 0.768
131, 0.764
132, 0.767
133, 0.888
134, 0.76
135, 0.767
136, 0.765
137, 0.757
138, 0.764
139, 0.755
140, 0.759
141, 0.765
142, 0.889
143, 0.762
144, 0.756
145, 0.895
146, 0.761
147, 0.756
148, 0.765
149, 0.76
150, 0.759
151, 0.867
152, 0.763
153, 0.758
154, 0.825
155, 0.76
156, 0.761
157, 0.855
158, 0.76
159, 0.759
160, 0.892
161, 0.759
162, 0.761
163, 0.76
164, 0.758
165, 0.76
166, 0.763
167, 0.758
168, 0.758
169, 0.871
170, 0.757
171, 0.757
172, 0.89
173, 0.76
174, 0.76
175, 0.765
176, 0.762
177, 0.758
178, 0.768
179, 0.765
180, 0.755
181, 0.771
182, 0.761
183, 0.763
184, 0.768
185, 0.77
186, 0.766
187, 0.76
188, 0.763
189, 0.764
190, 0.873
191, 0.76
192, 0.757
193, 0.855
194, 0.758
195, 0.766
196, 0.76
197, 0.763
198, 0.77
199, 0.8
200, 0.765
201, 0.909