
#GA 4.1.0RePy - GRAPH 'max_quality' OPENED, 28.02.22-01:32:33#
0, -0.07451345224129911
1, -0.07451345224129911
2, -0.07451345224130106
3, -0.0010272844109544285
4, -0.0010272844109544285
5, -0.001027279804482492
6, -2.9860192651725077e-05
7, -2.9431528510617865e-05
8, -2.9428294997822526e-05
9, -2.9428294997822526e-05
10, -2.942829497145746e-05
11, -7.586598601784779e-06
12, -7.586598601784779e-06
13, -7.586598601784779e-06
14, -9.896122034792401e-08
15, -9.802591832380034e-08
16, -9.802591832380034e-08
17, -9.802592767620698e-08
18, -9.896122034792401e-08
19, -9.598389056095537e-08
20, -9.598388883729722e-08
21, -8.847692814200411e-11
22, -8.56958613309803e-11
23, -2.1500738303998455e-11
24, -8.846087271729047e-11
25, -7.082407480802337e-11
26, -7.082407480802337e-11
27, -7.082407361207991e-11
28, -1.1867665399202063e-11
29, -1.186766535024641e-11
30, -1.186766535024641e-11
31, -1.2900797617204281e-11
32, -1.3320023314998497e-11
33, -1.3100003646963093e-11
34, -5.260829895639611e-13
35, -5.227108957482301e-13
36, -3.9673776282385596e-13
37, -3.9673776282385596e-13
38, -1.858820933769733e-15
39, -1.858788461477276e-15
40, -1.9853471549993708e-14
41, -1.9853471549993708e-14
42, -2.6287290910878303e-15
43, -2.6287290910878303e-15
44, -1.581983840587066e-14
45, -1.5819865216849136e-14
46, -3.1194548617198214e-16
47, -3.1194548617198214e-16
48, -1.6500643092372984e-16
49, -1.6500643092372984e-16
50, -1.6500643092372984e-16
51, -1.6496837242529556e-16
52, -1.6500643092372984e-16
53, -1.1061100075501823e-16
54, -1.8059339879785745e-17
55, -1.1214674531425995e-16
56, -8.75647281547385e-17
57, -8.75647281547385e-17
58, -8.75647946445173e-17
59, -8.773509122860848e-17
60, -8.773442568572162e-17
61, -6.834285269805588e-18
62, -6.834229543901315e-18
63, -6.834229543901315e-18
64, -6.834229543901315e-18
65, -1.821068927832621e-18
66, -2.8565844368693104e-21
67, -2.8565844368693104e-21
68, -2.855824959455087e-21
69, -2.855824959455087e-21
70, -2.855445258613299e-21
71, -1.966476553989871e-21
72, -1.9661614766334384e-21
73, -1.966476553989871e-21
74, -1.5835581315849852e-21
75, -1.5835581315849852e-21
76, -1.5835581315849852e-21
77, -1.214670351375037e-23
78, -1.214670351375037e-23
79, -1.214670351375037e-23
80, -1.214670351375037e-23
81, -1.1656473792809825e-23
82, -1.1656473792809825e-23
83, -1.1680745465141665e-23
84, -1.4164786414148488e-24
85, -1.33317492982351e-24
86, -1.33317492982351e-24
87, -1.33317492982351e-24
88, -1.324983398183695e-24
89, -2.9689569028898e-24
90, -2.9689569028898e-24
91, -1.900132417849472e-24
92, -1.900132417849472e-24
93, -1.3005602645580524e-24
94, -1.3005602645580524e-24
95, -1.3005602645580524e-24
96, -1.408034674285363e-24
97, -1.408034674285363e-24
98, -1.408034674285363e-24
99, -1.3661934918724406e-24
100, -1.3661934918724406e-24
#GA 4.1.0RePy - GRAPH 'max_quality' OPENED, 01.03.22-20:48:14#
0, -1.7472614045224157
1, -0.6022701725861316
2, -0.44373545873694853
3, -0.16830903208462528
4, -0.16830872028155805
5, -0.09512699445169429
6, -0.07505998467972427
#GA 4.1.0RePy - GRAPH 'max_quality' OPENED, 01.03.22-20:50:39#
0, -0.0012467371853701493
1, -0.0014251056856096737
2, -0.0014251056856096737
3, -0.0003347139144187075
4, -0.0003347139144187075
5, -7.275344984918721e-05
6, -7.275344984918721e-05
7, -7.275344984918721e-05
8, -6.824205281039656e-05
9, -9.442631700955852e-06
10, -9.442624546335693e-06
11, -9.442459976846378e-06
12, -9.435306789610116e-06
13, -6.064077809331297e-06
14, -6.222631094679607e-07
15, -3.972632142150432e-07
16, -6.222626503061399e-07
17, -6.147188710517487e-07
18, -6.14762687024457e-07
19, -6.213226394723021e-07
20, -3.1970027009714184e-08
21, -4.464170608198136e-10
22, -4.4641086338556724e-10
23, -3.97550670082719e-10
24, -3.185678840268621e-08
25, -4.3992627474182546e-11
26, -4.411625799626013e-11
27, -6.839906546905755e-10
28, -6.401433787413489e-10
29, -6.401433787413489e-10
30, -6.402621192604058e-10
31, -6.38200864278169e-10
32, -6.230503528860087e-10
33, -4.5095741647910774e-10
34, -4.5095741647910774e-10
35, -4.509574621607947e-10
36, -4.1834058750780533e-10
37, -3.7387552058995943e-10
38, -5.0196762472040184e-11
39, -5.0196762472040184e-11
40, -5.5265527744512154e-12
41, -5.5265527744512154e-12
42, -4.214156927352632e-12
43, -4.210421714882252e-11
44, -4.210421714882252e-11
45, -4.210420987567576e-11
46, -7.365874307414582e-14
47, -7.369575416408088e-14
48, -7.369575416408088e-14
49, -7.306504975661172e-14
50, -6.811695411422826e-14
51, -6.811695411422826e-14
52, -7.165586998125637e-14
53, -7.306504975661172e-14
54, -1.2967114523542752e-14
55, -7.300415380365983e-14
56, -7.306443467425403e-14
57, -3.8337510350279086e-14
58, -1.4712201190198027e-14
59, -1.4712201190198027e-14
60, -1.4712201190198027e-14
61, -1.4712201190198027e-14
62, -1.4712201190198027e-14
63, -3.8309022694715104e-14
64, -3.480432983523814e-14
65, -3.480432983523814e-14
66, -3.475007434786238e-14
67, -3.469582743251635e-14
68, -1.4098095703590887e-15
69, -1.404361578387631e-15
70, -1.404361578387631e-15
71, -1.404361578387631e-15
72, -1.4043509274254829e-15
73, -9.7792454717949e-20
74, -1.388050440187723e-15
75, -5.128280695981665e-20
76, -4.9243871373358795e-20
77, -5.128280695981665e-20
78, -5.128280695981665e-20
79, -6.295603061729437e-24
80, -6.295603061729437e-24
81, -5.369682307391706e-24
82, -5.369682307391706e-24
83, -5.369682307391706e-24
84, -5.369682307391706e-24
85, -5.369682307391706e-24
86, -5.369682307391706e-24
87, -5.369682307391706e-24
88, -4.851810111471311e-26
89, -5.539775706914555e-26
90, -7.119469669619632e-27
91, -5.3491206478971204e-24
92, -5.3491206478971204e-24
93, -5.3491206478971204e-24
94, -6.2485672302556345e-27
95, -5.267268440371388e-24
96, -5.186047321569833e-24
97, -5.186047321569833e-24
98, -1.3260751816765208e-27
99, -5.33269971929404e-24
100, -5.33269971929404e-24
#GA 4.1.0RePy - GRAPH 'max_quality' OPENED, 01.03.22-20:54:18#
0, -0.017483476592412377
1, -0.042159095543683
2, -0.04215909554368336
3, -0.014191293500603663
4, -0.014191293500603663
5, -4.6233612029949746e-08
6, -4.623336171441404e-08
7, -4.622960344958114e-08
8, -3.83884708231352e-08
9, -3.8388469377720234e-08
10, -3.8388469377720234e-08
11, -1.808651165637515e-08
12, -1.8086511585423243e-08
13, -1.8785086299707665e-09
14, -1.8785086299707665e-09
15, -1.878106394156541e-09
16, -1.878106394156541e-09
17, -1.4892541774123094e-09
18, -2.6987336545276173e-11
19, -2.6217524816466446e-11
20, -2.6217524816466446e-11
21, -2.6122238455318846e-11
22, -1.1421672115500927e-13
23, -2.6122238455318846e-11
24, -2.6098443965538514e-11
25, -1.173886992754923e-13
26, -1.173886992754923e-13
27, -1.1500772110189554e-13
28, -1.1510644148185076e-13
29, -1.1579944372346595e-13
30, -1.1579867119662343e-13
31, -1.1439569041120987e-13
32, -1.7860422712956935e-15
33, -1.7860422712956935e-15
34, -1.7860422712956935e-15
35, -1.7841415871840454e-15
36, -1.4147624104134638e-15
37, -1.7860422712956935e-15
38, -1.7860422712956935e-15
39, -1.412046895721999e-15
40, -1.0517087032972407e-19
41, -1.3902637501321941e-15
42, -1.3902637501321941e-15
43, -1.2395855071398145e-19
44, -1.3902637501321941e-15
45, -1.3902637501321941e-15
46, -1.3902637501321941e-15
47, -1.3902073858513456e-15
48, -1.3901789723286095e-15
49, -1.390178906096961e-15
50, -1.0368413155512744e-21
51, -1.0368413155512744e-21
52, -5.80245566773345e-22
53, -1.0662758529492626e-21
54, -1.1125920855053228e-21
55, -1.1125920855053228e-21
56, -1.9630852930231455e-22
57, -1.9630852930231455e-22
58, -1.9630852930231455e-22
59, -1.9723048603060355e-22
60, -1.0662758529492626e-21
61, -1.0662758529492626e-21
62, -1.0662758529492626e-21
63, -1.0662758529492626e-21
64, -5.550233044289391e-22
65, -1.0674362673408427e-21
66, -1.0662758529492626e-21
67, -1.0662758529492626e-21
68, -5.550233044289391e-22
69, -5.550233044289391e-22
70, -1.0274250024143178e-21
71, -1.0274250024143178e-21
72, -8.204137644969027e-22
73, -8.204137644969027e-22
74, -8.204137644969027e-22
75, -3.821558558113575e-22
76, -2.1748328439268985e-22
77, -2.1643668685251503e-22
78, -5.54563060099867e-22
79, -5.535177602358812e-22
80, -5.285221778614515e-22
81, -5.285221778614515e-22
82, -2.8721759760493033e-23
83, -2.8721759760493033e-23
84, -2.8721759760493033e-23
85, -6.590112447780124e-25
86, -6.590112447780124e-25
87, -2.85127021542786e-23
88, -2.701525482955187e-23
89, -3.2188680376638166e-26
90, -2.701525482955187e-23
91, -2.701525482955187e-23
92, -6.561303247521452e-25
93, -6.16460087550391e-25
94, -6.16460087550391e-25
95, -5.175716399155058e-25
96, -5.175716399155058e-25
97, -6.97037495853286e-27
98, -6.97037495853286e-27
99, -5.175716399155058e-25
100, -5.175716399155058e-25
#GA 4.1.0RePy - GRAPH 'max_quality' OPENED, 01.03.22-21:00:59#
0, -0.0010095731642362654
1, -0.0010095731642362654
2, -0.0010095731642344027
3, -0.0010095731504384455
4, -0.0009675106288364383
5, -0.0009675106285535416
6, -0.0009622638743341244
7, -0.00048393925240751797
8, -0.0009516433402326168
9, -0.00014972358924923877
10, -0.00014972358924923877
11, -0.00014972357505301114
12, -0.0001492567255010504
13, -6.1114670168188704e-06
14, -0.0001027162526067728
15, -3.2686375248909907e-06
16, -3.2686375248909907e-06
17, -3.268620687183836e-06
18, -3.2686375248267597e-06
19, -1.3637203434663994e-07
20, -1.3635827476029256e-07
21, -1.3635826132642996e-07
22, -1.3635826766881353e-07
23, -4.107711652143497e-09
24, -4.107711652143497e-09
25, -4.107711652143497e-09
26, -4.0696353427468765e-09
27, -4.0696307011460934e-09
28, -1.2589570352651355e-09
29, -6.731149426552247e-10
30, -6.731149426552247e-10
31, -6.726317761879834e-10
32, -6.726317761879834e-10
33, -6.726317761879834e-10
34, -6.126796434597447e-10
35, -6.126796434597447e-10
36, -6.126796434597447e-10
37, -5.701215767501435e-10
38, -4.721026972728317e-11
39, -4.721026972728317e-11
40, -3.2467725408466624e-11
41, -3.592200684304105e-11
42, -3.592200684304105e-11
43, -3.2467725408466624e-11
44, -4.0592259639671733e-10
45, -4.0592259639671733e-10
46, -3.989864293674767e-10
47, -5.156460111561674e-12
48, -3.82260151297349e-10
49, -1.136111790893558e-12
50, -3.815321490629352e-10
51, -1.1523026976348327e-12
52, -1.1523026976348327e-12
53, -3.6377161682667674e-13
54, -1.0822551259724594e-13
55, -3.6377161682667674e-13
56, -1.0822551259724594e-13
57, -2.9122273375857134e-14
58, -5.0257945174723744e-17
59, -5.0253147318969245e-17
60, -5.021311115674058e-17
61, -5.021512517366255e-17
62, -5.021512517366255e-17
63, -5.021512517366255e-17
64, -5.021487341933849e-17
65, -5.0212859407465235e-17
66, -4.9957420742256776e-17
67, -9.083476877233272e-18
68, -9.083466169781236e-18
69, -9.083450108615016e-18
70, -9.083450108615016e-18
71, -5.836321395404207e-18
72, -5.836321395404207e-18
73, -5.771278518780194e-18
74, -5.771619918090006e-18
75, -5.4696086205833646e-18
76, -5.469442445834611e-18
77, -4.713721461642656e-19
78, -4.589663110570455e-19
79, -4.589663110570455e-19
80, -4.589663110570455e-19
81, -4.589663110570455e-19
82, -4.589663110570455e-19
83, -2.5672815517257444e-24
84, -3.48245751881883e-21
85, -3.415691361026799e-21
86, -5.131982234559531e-22
87, -5.131982234559531e-22
88, -5.131579828723169e-22
89, -4.630199590441761e-22
90, -4.1574851059520184e-22
91, -4.1574851059520184e-22
92, -4.1574851059520184e-22
93, -4.1574851059520184e-22
94, -5.130372705877391e-22
95, -5.123132950696943e-22
96, -5.123132950696943e-22
97, -5.122328848999033e-22
98, -4.1455411759785114e-22
99, -1.988753130828091e-23
100, -1.988753130828091e-23